# JRE version: Java(TM) SE Runtime Environment (8.0_202-b08) (build 1.8.0_202-b08)
# Java VM: Java HotSpot(TM) 64-Bit Server VM (25.202-b08 mixed mode windows-amd64 compressed oops)
Heap:
 PSYoungGen      total 59904K, used 5039K [0x0000000740a00000, 0x0000000747180000, 0x00000007c0000000)
  eden space 59392K, 7% used [0x0000000740a00000,0x0000000740e8bdb8,0x0000000744400000)
  from space 512K, 75% used [0x0000000747100000,0x0000000747160010,0x0000000747180000)
  to   space 3584K, 0% used [0x0000000746a80000,0x0000000746a80000,0x0000000746e00000)
 ParOldGen       total 54272K, used 36820K [0x00000005c2800000, 0x00000005c5d00000, 0x0000000740a00000)
  object space 54272K, 67% used [0x00000005c2800000,0x00000005c4bf5118,0x00000005c5d00000)
 Metaspace       used 49198K, capacity 49640K, committed 49920K, reserved 1093632K
  class space    used 6445K, capacity 6579K, committed 6656K, reserved 1048576K
GC Heap History (10 events):
Event: 1123.402 GC heap before
{Heap before GC invocations=50 (full 2):
 PSYoungGen      total 74240K, used 69888K [0x0000000740a00000, 0x0000000747c00000, 0x00000007c0000000)
  eden space 69632K, 100% used [0x0000000740a00000,0x0000000744e00000,0x0000000744e00000)
  from space 4608K, 5% used [0x0000000747300000,0x0000000747340010,0x0000000747780000)
  to   space 4608K, 0% used [0x0000000747780000,0x0000000747780000,0x0000000747c00000)
 ParOldGen       total 54272K, used 36652K [0x00000005c2800000, 0x00000005c5d00000, 0x0000000740a00000)
  object space 54272K, 67% used [0x00000005c2800000,0x00000005c4bcb108,0x00000005c5d00000)
 Metaspace       used 48644K, capacity 49160K, committed 49536K, reserved 1091584K
  class space    used 6281K, capacity 6419K, committed 6528K, reserved 1048576K
Event: 1123.404 GC heap after
Heap after GC invocations=50 (full 2):
 PSYoungGen      total 68096K, used 160K [0x0000000740a00000, 0x0000000747800000, 0x00000007c0000000)
  eden space 67584K, 0% used [0x0000000740a00000,0x0000000740a00000,0x0000000744c00000)
  from space 512K, 31% used [0x0000000747780000,0x00000007477a8000,0x0000000747800000)
  to   space 4096K, 0% used [0x0000000747000000,0x0000000747000000,0x0000000747400000)
 ParOldGen       total 54272K, used 36796K [0x00000005c2800000, 0x00000005c5d00000, 0x0000000740a00000)
  object space 54272K, 67% used [0x00000005c2800000,0x00000005c4bef118,0x00000005c5d00000)
 Metaspace       used 48644K, capacity 49160K, committed 49536K, reserved 1091584K
  class space    used 6281K, capacity 6419K, committed 6528K, reserved 1048576K
}
Event: 1126.925 GC heap before
{Heap before GC invocations=51 (full 2):
 PSYoungGen      total 68096K, used 67744K [0x0000000740a00000, 0x0000000747800000, 0x00000007c0000000)
  eden space 67584K, 100% used [0x0000000740a00000,0x0000000744c00000,0x0000000744c00000)
  from space 512K, 31% used [0x0000000747780000,0x00000007477a8000,0x0000000747800000)
  to   space 4096K, 0% used [0x0000000747000000,0x0000000747000000,0x0000000747400000)
 ParOldGen       total 54272K, used 36796K [0x00000005c2800000, 0x00000005c5d00000, 0x0000000740a00000)
  object space 54272K, 67% used [0x00000005c2800000,0x00000005c4bef118,0x00000005c5d00000)
 Metaspace       used 48681K, capacity 49160K, committed 49536K, reserved 1091584K
  class space    used 6287K, capacity 6419K, committed 6528K, reserved 1048576K
Event: 1126.926 GC heap after
Heap after GC invocations=51 (full 2):
 PSYoungGen      total 69632K, used 320K [0x0000000740a00000, 0x0000000747800000, 0x00000007c0000000)
  eden space 65536K, 0% used [0x0000000740a00000,0x0000000740a00000,0x0000000744a00000)
  from space 4096K, 7% used [0x0000000747000000,0x0000000747050010,0x0000000747400000)
  to   space 4096K, 0% used [0x0000000747400000,0x0000000747400000,0x0000000747800000)
 ParOldGen       total 54272K, used 36820K [0x00000005c2800000, 0x00000005c5d00000, 0x0000000740a00000)
  object space 54272K, 67% used [0x00000005c2800000,0x00000005c4bf5118,0x00000005c5d00000)
 Metaspace       used 48681K, capacity 49160K, committed 49536K, reserved 1091584K
  class space    used 6287K, capacity 6419K, committed 6528K, reserved 1048576K
}
Event: 1127.149 GC heap before
{Heap before GC invocations=52 (full 2):
 PSYoungGen      total 69632K, used 65856K [0x0000000740a00000, 0x0000000747800000, 0x00000007c0000000)
  eden space 65536K, 100% used [0x0000000740a00000,0x0000000744a00000,0x0000000744a00000)
  from space 4096K, 7% used [0x0000000747000000,0x0000000747050010,0x0000000747400000)
  to   space 4096K, 0% used [0x0000000747400000,0x0000000747400000,0x0000000747800000)
 ParOldGen       total 54272K, used 36820K [0x00000005c2800000, 0x00000005c5d00000, 0x0000000740a00000)
  object space 54272K, 67% used [0x00000005c2800000,0x00000005c4bf5118,0x00000005c5d00000)
 Metaspace       used 48703K, capacity 49192K, committed 49536K, reserved 1091584K
  class space    used 6291K, capacity 6451K, committed 6528K, reserved 1048576K
Event: 1127.151 GC heap after
Heap after GC invocations=52 (full 2):
 PSYoungGen      total 64000K, used 384K [0x0000000740a00000, 0x0000000747480000, 0x00000007c0000000)
  eden space 63488K, 0% used [0x0000000740a00000,0x0000000740a00000,0x0000000744800000)
  from space 512K, 75% used [0x0000000747400000,0x0000000747460010,0x0000000747480000)
  to   space 4096K, 0% used [0x0000000746c80000,0x0000000746c80000,0x0000000747080000)
 ParOldGen       total 54272K, used 36820K [0x00000005c2800000, 0x00000005c5d00000, 0x0000000740a00000)
  object space 54272K, 67% used [0x00000005c2800000,0x00000005c4bf5118,0x00000005c5d00000)
 Metaspace       used 48703K, capacity 49192K, committed 49536K, reserved 1091584K
  class space    used 6291K, capacity 6451K, committed 6528K, reserved 1048576K
}
Event: 1625.720 GC heap before
{Heap before GC invocations=53 (full 2):
 PSYoungGen      total 64000K, used 63872K [0x0000000740a00000, 0x0000000747480000, 0x00000007c0000000)
  eden space 63488K, 100% used [0x0000000740a00000,0x0000000744800000,0x0000000744800000)
  from space 512K, 75% used [0x0000000747400000,0x0000000747460010,0x0000000747480000)
  to   space 4096K, 0% used [0x0000000746c80000,0x0000000746c80000,0x0000000747080000)
 ParOldGen       total 54272K, used 36820K [0x00000005c2800000, 0x00000005c5d00000, 0x0000000740a00000)
  object space 54272K, 67% used [0x00000005c2800000,0x00000005c4bf5118,0x00000005c5d00000)
 Metaspace       used 48705K, capacity 49192K, committed 49536K, reserved 1091584K
  class space    used 6291K, capacity 6451K, committed 6528K, reserved 1048576K
Event: 1625.721 GC heap after
Heap after GC invocations=53 (full 2):
 PSYoungGen      total 65536K, used 384K [0x0000000740a00000, 0x0000000747480000, 0x00000007c0000000)
  eden space 61440K, 0% used [0x0000000740a00000,0x0000000740a00000,0x0000000744600000)
  from space 4096K, 9% used [0x0000000746c80000,0x0000000746ce0010,0x0000000747080000)
  to   space 3584K, 0% used [0x0000000747100000,0x0000000747100000,0x0000000747480000)
 ParOldGen       total 54272K, used 36820K [0x00000005c2800000, 0x00000005c5d00000, 0x0000000740a00000)
  object space 54272K, 67% used [0x00000005c2800000,0x00000005c4bf5118,0x00000005c5d00000)
 Metaspace       used 48705K, capacity 49192K, committed 49536K, reserved 1091584K
  class space    used 6291K, capacity 6451K, committed 6528K, reserved 1048576K
}
Event: 3456.553 GC heap before
{Heap before GC invocations=54 (full 2):
 PSYoungGen      total 65536K, used 61824K [0x0000000740a00000, 0x0000000747480000, 0x00000007c0000000)
  eden space 61440K, 100% used [0x0000000740a00000,0x0000000744600000,0x0000000744600000)
  from space 4096K, 9% used [0x0000000746c80000,0x0000000746ce0010,0x0000000747080000)
  to   space 3584K, 0% used [0x0000000747100000,0x0000000747100000,0x0000000747480000)
 ParOldGen       total 54272K, used 36820K [0x00000005c2800000, 0x00000005c5d00000, 0x0000000740a00000)
  object space 54272K, 67% used [0x00000005c2800000,0x00000005c4bf5118,0x00000005c5d00000)
 Metaspace       used 48764K, capacity 49256K, committed 49536K, reserved 1091584K
  class space    used 6301K, capacity 6451K, committed 6528K, reserved 1048576K
Event: 3456.555 GC heap after
Heap after GC invocations=54 (full 2):
 PSYoungGen      total 59904K, used 384K [0x0000000740a00000, 0x0000000747180000, 0x00000007c0000000)
  eden space 59392K, 0% used [0x0000000740a00000,0x0000000740a00000,0x0000000744400000)
  from space 512K, 75% used [0x0000000747100000,0x0000000747160010,0x0000000747180000)
  to   space 3584K, 0% used [0x0000000746a80000,0x0000000746a80000,0x0000000746e00000)
 ParOldGen       total 54272K, used 36820K [0x00000005c2800000, 0x00000005c5d00000, 0x0000000740a00000)
  object space 54272K, 67% used [0x00000005c2800000,0x00000005c4bf5118,0x00000005c5d00000)
 Metaspace       used 48764K, capacity 49256K, committed 49536K, reserved 1091584K
  class space    used 6301K, capacity 6451K, committed 6528K, reserved 1048576K
}

