# JRE version: Java(TM) SE Runtime Environment (8.0_202-b08) (build 1.8.0_202-b08)
# Java VM: Java HotSpot(TM) 64-Bit Server VM (25.202-b08 mixed mode windows-amd64 compressed oops)
Heap:
 PSYoungGen      total 70656K, used 21036K [0x0000000740a00000, 0x0000000746a80000, 0x00000007c0000000)
  eden space 66048K, 31% used [0x0000000740a00000,0x0000000741e532d8,0x0000000744a80000)
  from space 4608K, 4% used [0x0000000746180000,0x00000007461b8000,0x0000000746600000)
  to   space 4096K, 0% used [0x0000000746680000,0x0000000746680000,0x0000000746a80000)
 ParOldGen       total 52224K, used 35022K [0x00000005c2800000, 0x00000005c5b00000, 0x0000000740a00000)
  object space 52224K, 67% used [0x00000005c2800000,0x00000005c4a33a30,0x00000005c5b00000)
 Metaspace       used 49298K, capacity 49804K, committed 50176K, reserved 1093632K
  class space    used 6447K, capacity 6585K, committed 6656K, reserved 1048576K
GC Heap History (10 events):
Event: 576.992 GC heap before
{Heap before GC invocations=47 (full 2):
 PSYoungGen      total 78848K, used 78496K [0x0000000740a00000, 0x0000000747300000, 0x00000007c0000000)
  eden space 78336K, 100% used [0x0000000740a00000,0x0000000745680000,0x0000000745680000)
  from space 512K, 31% used [0x0000000747280000,0x00000007472a8000,0x0000000747300000)
  to   space 5632K, 0% used [0x0000000746800000,0x0000000746800000,0x0000000746d80000)
 ParOldGen       total 52224K, used 34926K [0x00000005c2800000, 0x00000005c5b00000, 0x0000000740a00000)
  object space 52224K, 66% used [0x00000005c2800000,0x00000005c4a1ba30,0x00000005c5b00000)
 Metaspace       used 48786K, capacity 49292K, committed 49536K, reserved 1091584K
  class space    used 6292K, capacity 6457K, committed 6528K, reserved 1048576K
Event: 576.993 GC heap after
Heap after GC invocations=47 (full 2):
 PSYoungGen      total 81408K, used 160K [0x0000000740a00000, 0x0000000747300000, 0x00000007c0000000)
  eden space 75776K, 0% used [0x0000000740a00000,0x0000000740a00000,0x0000000745400000)
  from space 5632K, 2% used [0x0000000746800000,0x0000000746828000,0x0000000746d80000)
  to   space 5120K, 0% used [0x0000000746e00000,0x0000000746e00000,0x0000000747300000)
 ParOldGen       total 52224K, used 34982K [0x00000005c2800000, 0x00000005c5b00000, 0x0000000740a00000)
  object space 52224K, 66% used [0x00000005c2800000,0x00000005c4a29a30,0x00000005c5b00000)
 Metaspace       used 48786K, capacity 49292K, committed 49536K, reserved 1091584K
  class space    used 6292K, capacity 6457K, committed 6528K, reserved 1048576K
}
Event: 599.927 GC heap before
{Heap before GC invocations=48 (full 2):
 PSYoungGen      total 81408K, used 75936K [0x0000000740a00000, 0x0000000747300000, 0x00000007c0000000)
  eden space 75776K, 100% used [0x0000000740a00000,0x0000000745400000,0x0000000745400000)
  from space 5632K, 2% used [0x0000000746800000,0x0000000746828000,0x0000000746d80000)
  to   space 5120K, 0% used [0x0000000746e00000,0x0000000746e00000,0x0000000747300000)
 ParOldGen       total 52224K, used 34982K [0x00000005c2800000, 0x00000005c5b00000, 0x0000000740a00000)
  object space 52224K, 66% used [0x00000005c2800000,0x00000005c4a29a30,0x00000005c5b00000)
 Metaspace       used 48786K, capacity 49292K, committed 49536K, reserved 1091584K
  class space    used 6292K, capacity 6457K, committed 6528K, reserved 1048576K
Event: 599.929 GC heap after
Heap after GC invocations=48 (full 2):
 PSYoungGen      total 73728K, used 160K [0x0000000740a00000, 0x0000000746e80000, 0x00000007c0000000)
  eden space 73216K, 0% used [0x0000000740a00000,0x0000000740a00000,0x0000000745180000)
  from space 512K, 31% used [0x0000000746e00000,0x0000000746e28000,0x0000000746e80000)
  to   space 5120K, 0% used [0x0000000746480000,0x0000000746480000,0x0000000746980000)
 ParOldGen       total 52224K, used 35006K [0x00000005c2800000, 0x00000005c5b00000, 0x0000000740a00000)
  object space 52224K, 67% used [0x00000005c2800000,0x00000005c4a2fa30,0x00000005c5b00000)
 Metaspace       used 48786K, capacity 49292K, committed 49536K, reserved 1091584K
  class space    used 6292K, capacity 6457K, committed 6528K, reserved 1048576K
}
Event: 622.085 GC heap before
{Heap before GC invocations=49 (full 2):
 PSYoungGen      total 73728K, used 73376K [0x0000000740a00000, 0x0000000746e80000, 0x00000007c0000000)
  eden space 73216K, 100% used [0x0000000740a00000,0x0000000745180000,0x0000000745180000)
  from space 512K, 31% used [0x0000000746e00000,0x0000000746e28000,0x0000000746e80000)
  to   space 5120K, 0% used [0x0000000746480000,0x0000000746480000,0x0000000746980000)
 ParOldGen       total 52224K, used 35006K [0x00000005c2800000, 0x00000005c5b00000, 0x0000000740a00000)
  object space 52224K, 67% used [0x00000005c2800000,0x00000005c4a2fa30,0x00000005c5b00000)
 Metaspace       used 48786K, capacity 49292K, committed 49536K, reserved 1091584K
  class space    used 6292K, capacity 6457K, committed 6528K, reserved 1048576K
Event: 622.087 GC heap after
Heap after GC invocations=49 (full 2):
 PSYoungGen      total 75776K, used 192K [0x0000000740a00000, 0x0000000746e80000, 0x00000007c0000000)
  eden space 70656K, 0% used [0x0000000740a00000,0x0000000740a00000,0x0000000744f00000)
  from space 5120K, 3% used [0x0000000746480000,0x00000007464b0000,0x0000000746980000)
  to   space 4608K, 0% used [0x0000000746a00000,0x0000000746a00000,0x0000000746e80000)
 ParOldGen       total 52224K, used 35022K [0x00000005c2800000, 0x00000005c5b00000, 0x0000000740a00000)
  object space 52224K, 67% used [0x00000005c2800000,0x00000005c4a33a30,0x00000005c5b00000)
 Metaspace       used 48786K, capacity 49292K, committed 49536K, reserved 1091584K
  class space    used 6292K, capacity 6457K, committed 6528K, reserved 1048576K
}
Event: 643.391 GC heap before
{Heap before GC invocations=50 (full 2):
 PSYoungGen      total 75776K, used 70848K [0x0000000740a00000, 0x0000000746e80000, 0x00000007c0000000)
  eden space 70656K, 100% used [0x0000000740a00000,0x0000000744f00000,0x0000000744f00000)
  from space 5120K, 3% used [0x0000000746480000,0x00000007464b0000,0x0000000746980000)
  to   space 4608K, 0% used [0x0000000746a00000,0x0000000746a00000,0x0000000746e80000)
 ParOldGen       total 52224K, used 35022K [0x00000005c2800000, 0x00000005c5b00000, 0x0000000740a00000)
  object space 52224K, 67% used [0x00000005c2800000,0x00000005c4a33a30,0x00000005c5b00000)
 Metaspace       used 48786K, capacity 49292K, committed 49536K, reserved 1091584K
  class space    used 6292K, capacity 6457K, committed 6528K, reserved 1048576K
Event: 643.393 GC heap after
Heap after GC invocations=50 (full 2):
 PSYoungGen      total 68608K, used 128K [0x0000000740a00000, 0x0000000746a80000, 0x00000007c0000000)
  eden space 68096K, 0% used [0x0000000740a00000,0x0000000740a00000,0x0000000744c80000)
  from space 512K, 25% used [0x0000000746a00000,0x0000000746a20000,0x0000000746a80000)
  to   space 4608K, 0% used [0x0000000746180000,0x0000000746180000,0x0000000746600000)
 ParOldGen       total 52224K, used 35022K [0x00000005c2800000, 0x00000005c5b00000, 0x0000000740a00000)
  object space 52224K, 67% used [0x00000005c2800000,0x00000005c4a33a30,0x00000005c5b00000)
 Metaspace       used 48786K, capacity 49292K, committed 49536K, reserved 1091584K
  class space    used 6292K, capacity 6457K, committed 6528K, reserved 1048576K
}
Event: 768.620 GC heap before
{Heap before GC invocations=51 (full 2):
 PSYoungGen      total 68608K, used 68224K [0x0000000740a00000, 0x0000000746a80000, 0x00000007c0000000)
  eden space 68096K, 100% used [0x0000000740a00000,0x0000000744c80000,0x0000000744c80000)
  from space 512K, 25% used [0x0000000746a00000,0x0000000746a20000,0x0000000746a80000)
  to   space 4608K, 0% used [0x0000000746180000,0x0000000746180000,0x0000000746600000)
 ParOldGen       total 52224K, used 35022K [0x00000005c2800000, 0x00000005c5b00000, 0x0000000740a00000)
  object space 52224K, 67% used [0x00000005c2800000,0x00000005c4a33a30,0x00000005c5b00000)
 Metaspace       used 48802K, capacity 49292K, committed 49536K, reserved 1091584K
  class space    used 6295K, capacity 6457K, committed 6528K, reserved 1048576K
Event: 768.622 GC heap after
Heap after GC invocations=51 (full 2):
 PSYoungGen      total 70656K, used 224K [0x0000000740a00000, 0x0000000746a80000, 0x00000007c0000000)
  eden space 66048K, 0% used [0x0000000740a00000,0x0000000740a00000,0x0000000744a80000)
  from space 4608K, 4% used [0x0000000746180000,0x00000007461b8000,0x0000000746600000)
  to   space 4096K, 0% used [0x0000000746680000,0x0000000746680000,0x0000000746a80000)
 ParOldGen       total 52224K, used 35022K [0x00000005c2800000, 0x00000005c5b00000, 0x0000000740a00000)
  object space 52224K, 67% used [0x00000005c2800000,0x00000005c4a33a30,0x00000005c5b00000)
 Metaspace       used 48802K, capacity 49292K, committed 49536K, reserved 1091584K
  class space    used 6295K, capacity 6457K, committed 6528K, reserved 1048576K
}

