# JRE version: Java(TM) SE Runtime Environment (8.0_202-b08) (build 1.8.0_202-b08)
# Java VM: Java HotSpot(TM) 64-Bit Server VM (25.202-b08 mixed mode windows-amd64 compressed oops)
Heap:
 PSYoungGen      total 43520K, used 17384K [0x00000000e8000000, 0x00000000ecf00000, 0x0000000100000000)
  eden space 43008K, 40% used [0x00000000e8000000,0x00000000e90d2138,0x00000000eaa00000)
  from space 512K, 31% used [0x00000000ece80000,0x00000000ecea8000,0x00000000ecf00000)
  to   space 512K, 0% used [0x00000000ece00000,0x00000000ece00000,0x00000000ece80000)
 ParOldGen       total 50176K, used 42276K [0x00000000a0000000, 0x00000000a3100000, 0x00000000e8000000)
  object space 50176K, 84% used [0x00000000a0000000,0x00000000a29491a8,0x00000000a3100000)
 Metaspace       used 49332K, capacity 49834K, committed 50176K, reserved 1093632K
  class space    used 6445K, capacity 6590K, committed 6656K, reserved 1048576K
GC Heap History (10 events):
Event: 15356.878 GC heap before
{Heap before GC invocations=1580 (full 2):
 PSYoungGen      total 51200K, used 50880K [0x00000000e8000000, 0x00000000ecf00000, 0x0000000100000000)
  eden space 50688K, 100% used [0x00000000e8000000,0x00000000eb180000,0x00000000eb180000)
  from space 512K, 37% used [0x00000000ece00000,0x00000000ece30000,0x00000000ece80000)
  to   space 512K, 0% used [0x00000000ece80000,0x00000000ece80000,0x00000000ecf00000)
 ParOldGen       total 50176K, used 42268K [0x00000000a0000000, 0x00000000a3100000, 0x00000000e8000000)
  object space 50176K, 84% used [0x00000000a0000000,0x00000000a29471a8,0x00000000a3100000)
 Metaspace       used 48839K, capacity 49322K, committed 49536K, reserved 1091584K
  class space    used 6298K, capacity 6462K, committed 6528K, reserved 1048576K
Event: 15356.879 GC heap after
Heap after GC invocations=1580 (full 2):
 PSYoungGen      total 49664K, used 160K [0x00000000e8000000, 0x00000000ecf00000, 0x0000000100000000)
  eden space 49152K, 0% used [0x00000000e8000000,0x00000000e8000000,0x00000000eb000000)
  from space 512K, 31% used [0x00000000ece80000,0x00000000ecea8000,0x00000000ecf00000)
  to   space 512K, 0% used [0x00000000ece00000,0x00000000ece00000,0x00000000ece80000)
 ParOldGen       total 50176K, used 42268K [0x00000000a0000000, 0x00000000a3100000, 0x00000000e8000000)
  object space 50176K, 84% used [0x00000000a0000000,0x00000000a29471a8,0x00000000a3100000)
 Metaspace       used 48839K, capacity 49322K, committed 49536K, reserved 1091584K
  class space    used 6298K, capacity 6462K, committed 6528K, reserved 1048576K
}
Event: 15377.025 GC heap before
{Heap before GC invocations=1581 (full 2):
 PSYoungGen      total 49664K, used 49312K [0x00000000e8000000, 0x00000000ecf00000, 0x0000000100000000)
  eden space 49152K, 100% used [0x00000000e8000000,0x00000000eb000000,0x00000000eb000000)
  from space 512K, 31% used [0x00000000ece80000,0x00000000ecea8000,0x00000000ecf00000)
  to   space 512K, 0% used [0x00000000ece00000,0x00000000ece00000,0x00000000ece80000)
 ParOldGen       total 50176K, used 42268K [0x00000000a0000000, 0x00000000a3100000, 0x00000000e8000000)
  object space 50176K, 84% used [0x00000000a0000000,0x00000000a29471a8,0x00000000a3100000)
 Metaspace       used 48840K, capacity 49322K, committed 49536K, reserved 1091584K
  class space    used 6298K, capacity 6462K, committed 6528K, reserved 1048576K
Event: 15377.026 GC heap after
Heap after GC invocations=1581 (full 2):
 PSYoungGen      total 48128K, used 192K [0x00000000e8000000, 0x00000000ecf00000, 0x0000000100000000)
  eden space 47616K, 0% used [0x00000000e8000000,0x00000000e8000000,0x00000000eae80000)
  from space 512K, 37% used [0x00000000ece00000,0x00000000ece30000,0x00000000ece80000)
  to   space 512K, 0% used [0x00000000ece80000,0x00000000ece80000,0x00000000ecf00000)
 ParOldGen       total 50176K, used 42276K [0x00000000a0000000, 0x00000000a3100000, 0x00000000e8000000)
  object space 50176K, 84% used [0x00000000a0000000,0x00000000a29491a8,0x00000000a3100000)
 Metaspace       used 48840K, capacity 49322K, committed 49536K, reserved 1091584K
  class space    used 6298K, capacity 6462K, committed 6528K, reserved 1048576K
}
Event: 15396.199 GC heap before
{Heap before GC invocations=1582 (full 2):
 PSYoungGen      total 48128K, used 47808K [0x00000000e8000000, 0x00000000ecf00000, 0x0000000100000000)
  eden space 47616K, 100% used [0x00000000e8000000,0x00000000eae80000,0x00000000eae80000)
  from space 512K, 37% used [0x00000000ece00000,0x00000000ece30000,0x00000000ece80000)
  to   space 512K, 0% used [0x00000000ece80000,0x00000000ece80000,0x00000000ecf00000)
 ParOldGen       total 50176K, used 42276K [0x00000000a0000000, 0x00000000a3100000, 0x00000000e8000000)
  object space 50176K, 84% used [0x00000000a0000000,0x00000000a29491a8,0x00000000a3100000)
 Metaspace       used 48840K, capacity 49322K, committed 49536K, reserved 1091584K
  class space    used 6298K, capacity 6462K, committed 6528K, reserved 1048576K
Event: 15396.201 GC heap after
Heap after GC invocations=1582 (full 2):
 PSYoungGen      total 46592K, used 192K [0x00000000e8000000, 0x00000000ecf00000, 0x0000000100000000)
  eden space 46080K, 0% used [0x00000000e8000000,0x00000000e8000000,0x00000000ead00000)
  from space 512K, 37% used [0x00000000ece80000,0x00000000eceb0000,0x00000000ecf00000)
  to   space 512K, 0% used [0x00000000ece00000,0x00000000ece00000,0x00000000ece80000)
 ParOldGen       total 50176K, used 42276K [0x00000000a0000000, 0x00000000a3100000, 0x00000000e8000000)
  object space 50176K, 84% used [0x00000000a0000000,0x00000000a29491a8,0x00000000a3100000)
 Metaspace       used 48840K, capacity 49322K, committed 49536K, reserved 1091584K
  class space    used 6298K, capacity 6462K, committed 6528K, reserved 1048576K
}
Event: 15779.485 GC heap before
{Heap before GC invocations=1583 (full 2):
 PSYoungGen      total 46592K, used 46272K [0x00000000e8000000, 0x00000000ecf00000, 0x0000000100000000)
  eden space 46080K, 100% used [0x00000000e8000000,0x00000000ead00000,0x00000000ead00000)
  from space 512K, 37% used [0x00000000ece80000,0x00000000eceb0000,0x00000000ecf00000)
  to   space 512K, 0% used [0x00000000ece00000,0x00000000ece00000,0x00000000ece80000)
 ParOldGen       total 50176K, used 42276K [0x00000000a0000000, 0x00000000a3100000, 0x00000000e8000000)
  object space 50176K, 84% used [0x00000000a0000000,0x00000000a29491a8,0x00000000a3100000)
 Metaspace       used 48840K, capacity 49322K, committed 49536K, reserved 1091584K
  class space    used 6298K, capacity 6462K, committed 6528K, reserved 1048576K
Event: 15779.487 GC heap after
Heap after GC invocations=1583 (full 2):
 PSYoungGen      total 45056K, used 192K [0x00000000e8000000, 0x00000000ecf00000, 0x0000000100000000)
  eden space 44544K, 0% used [0x00000000e8000000,0x00000000e8000000,0x00000000eab80000)
  from space 512K, 37% used [0x00000000ece00000,0x00000000ece30000,0x00000000ece80000)
  to   space 512K, 0% used [0x00000000ece80000,0x00000000ece80000,0x00000000ecf00000)
 ParOldGen       total 50176K, used 42276K [0x00000000a0000000, 0x00000000a3100000, 0x00000000e8000000)
  object space 50176K, 84% used [0x00000000a0000000,0x00000000a29491a8,0x00000000a3100000)
 Metaspace       used 48840K, capacity 49322K, committed 49536K, reserved 1091584K
  class space    used 6298K, capacity 6462K, committed 6528K, reserved 1048576K
}
Event: 17284.624 GC heap before
{Heap before GC invocations=1584 (full 2):
 PSYoungGen      total 45056K, used 44736K [0x00000000e8000000, 0x00000000ecf00000, 0x0000000100000000)
  eden space 44544K, 100% used [0x00000000e8000000,0x00000000eab80000,0x00000000eab80000)
  from space 512K, 37% used [0x00000000ece00000,0x00000000ece30000,0x00000000ece80000)
  to   space 512K, 0% used [0x00000000ece80000,0x00000000ece80000,0x00000000ecf00000)
 ParOldGen       total 50176K, used 42276K [0x00000000a0000000, 0x00000000a3100000, 0x00000000e8000000)
  object space 50176K, 84% used [0x00000000a0000000,0x00000000a29491a8,0x00000000a3100000)
 Metaspace       used 48840K, capacity 49322K, committed 49536K, reserved 1091584K
  class space    used 6298K, capacity 6462K, committed 6528K, reserved 1048576K
Event: 17284.626 GC heap after
Heap after GC invocations=1584 (full 2):
 PSYoungGen      total 43520K, used 160K [0x00000000e8000000, 0x00000000ecf00000, 0x0000000100000000)
  eden space 43008K, 0% used [0x00000000e8000000,0x00000000e8000000,0x00000000eaa00000)
  from space 512K, 31% used [0x00000000ece80000,0x00000000ecea8000,0x00000000ecf00000)
  to   space 512K, 0% used [0x00000000ece00000,0x00000000ece00000,0x00000000ece80000)
 ParOldGen       total 50176K, used 42276K [0x00000000a0000000, 0x00000000a3100000, 0x00000000e8000000)
  object space 50176K, 84% used [0x00000000a0000000,0x00000000a29491a8,0x00000000a3100000)
 Metaspace       used 48840K, capacity 49322K, committed 49536K, reserved 1091584K
  class space    used 6298K, capacity 6462K, committed 6528K, reserved 1048576K
}

