# JRE version: Java(TM) SE Runtime Environment (8.0_202-b08) (build 1.8.0_202-b08)
# Java VM: Java HotSpot(TM) 64-Bit Server VM (25.202-b08 mixed mode windows-amd64 compressed oops)
Heap:
 PSYoungGen      total 301056K, used 82333K [0x00000000e8000000, 0x00000000fe800000, 0x0000000100000000)
  eden space 287744K, 28% used [0x00000000e8000000,0x00000000ecfcf538,0x00000000f9900000)
  from space 13312K, 4% used [0x00000000f9900000,0x00000000f9998020,0x00000000fa600000)
  to   space 13312K, 0% used [0x00000000fdb00000,0x00000000fdb00000,0x00000000fe800000)
 ParOldGen       total 49664K, used 38889K [0x00000000a0000000, 0x00000000a3080000, 0x00000000e8000000)
  object space 49664K, 78% used [0x00000000a0000000,0x00000000a25fa7e8,0x00000000a3080000)
 Metaspace       used 49334K, capacity 49904K, committed 50176K, reserved 1093632K
  class space    used 6443K, capacity 6591K, committed 6656K, reserved 1048576K
GC Heap History (10 events):
Event: 10.579 GC heap before
{Heap before GC invocations=15 (full 1):
 PSYoungGen      total 153088K, used 52385K [0x00000000e8000000, 0x00000000f6780000, 0x0000000100000000)
  eden space 145408K, 30% used [0x00000000e8000000,0x00000000eabae478,0x00000000f0e00000)
  from space 7680K, 99% used [0x00000000f0e00000,0x00000000f157a040,0x00000000f1580000)
  to   space 10240K, 0% used [0x00000000f5d80000,0x00000000f5d80000,0x00000000f6780000)
 ParOldGen       total 49152K, used 19598K [0x00000000a0000000, 0x00000000a3000000, 0x00000000e8000000)
  object space 49152K, 39% used [0x00000000a0000000,0x00000000a1323af8,0x00000000a3000000)
 Metaspace       used 34940K, capacity 35182K, committed 35416K, reserved 1079296K
  class space    used 4710K, capacity 4824K, committed 4864K, reserved 1048576K
Event: 10.583 GC heap after
Heap after GC invocations=15 (full 1):
 PSYoungGen      total 227328K, used 2874K [0x00000000e8000000, 0x00000000f6780000, 0x0000000100000000)
  eden space 217088K, 0% used [0x00000000e8000000,0x00000000e8000000,0x00000000f5400000)
  from space 10240K, 28% used [0x00000000f5d80000,0x00000000f604e8a0,0x00000000f6780000)
  to   space 9728K, 0% used [0x00000000f5400000,0x00000000f5400000,0x00000000f5d80000)
 ParOldGen       total 49152K, used 27192K [0x00000000a0000000, 0x00000000a3000000, 0x00000000e8000000)
  object space 49152K, 55% used [0x00000000a0000000,0x00000000a1a8e218,0x00000000a3000000)
 Metaspace       used 34940K, capacity 35182K, committed 35416K, reserved 1079296K
  class space    used 4710K, capacity 4824K, committed 4864K, reserved 1048576K
}
Event: 10.583 GC heap before
{Heap before GC invocations=16 (full 2):
 PSYoungGen      total 227328K, used 2874K [0x00000000e8000000, 0x00000000f6780000, 0x0000000100000000)
  eden space 217088K, 0% used [0x00000000e8000000,0x00000000e8000000,0x00000000f5400000)
  from space 10240K, 28% used [0x00000000f5d80000,0x00000000f604e8a0,0x00000000f6780000)
  to   space 9728K, 0% used [0x00000000f5400000,0x00000000f5400000,0x00000000f5d80000)
 ParOldGen       total 49152K, used 27192K [0x00000000a0000000, 0x00000000a3000000, 0x00000000e8000000)
  object space 49152K, 55% used [0x00000000a0000000,0x00000000a1a8e218,0x00000000a3000000)
 Metaspace       used 34940K, capacity 35182K, committed 35416K, reserved 1079296K
  class space    used 4710K, capacity 4824K, committed 4864K, reserved 1048576K
Event: 10.624 GC heap after
Heap after GC invocations=16 (full 2):
 PSYoungGen      total 227328K, used 0K [0x00000000e8000000, 0x00000000f6780000, 0x0000000100000000)
  eden space 217088K, 0% used [0x00000000e8000000,0x00000000e8000000,0x00000000f5400000)
  from space 10240K, 0% used [0x00000000f5d80000,0x00000000f5d80000,0x00000000f6780000)
  to   space 9728K, 0% used [0x00000000f5400000,0x00000000f5400000,0x00000000f5d80000)
 ParOldGen       total 49664K, used 22712K [0x00000000a0000000, 0x00000000a3080000, 0x00000000e8000000)
  object space 49664K, 45% used [0x00000000a0000000,0x00000000a162e3c8,0x00000000a3080000)
 Metaspace       used 34940K, capacity 35182K, committed 35416K, reserved 1079296K
  class space    used 4710K, capacity 4824K, committed 4864K, reserved 1048576K
}
Event: 11.336 GC heap before
{Heap before GC invocations=17 (full 2):
 PSYoungGen      total 227328K, used 217088K [0x00000000e8000000, 0x00000000f6780000, 0x0000000100000000)
  eden space 217088K, 100% used [0x00000000e8000000,0x00000000f5400000,0x00000000f5400000)
  from space 10240K, 0% used [0x00000000f5d80000,0x00000000f5d80000,0x00000000f6780000)
  to   space 9728K, 0% used [0x00000000f5400000,0x00000000f5400000,0x00000000f5d80000)
 ParOldGen       total 49664K, used 22712K [0x00000000a0000000, 0x00000000a3080000, 0x00000000e8000000)
  object space 49664K, 45% used [0x00000000a0000000,0x00000000a162e3c8,0x00000000a3080000)
 Metaspace       used 43513K, capacity 43960K, committed 44288K, reserved 1087488K
  class space    used 5686K, capacity 5845K, committed 5888K, reserved 1048576K
Event: 11.344 GC heap after
Heap after GC invocations=17 (full 2):
 PSYoungGen      total 226816K, used 9714K [0x00000000e8000000, 0x00000000fb680000, 0x0000000100000000)
  eden space 217088K, 0% used [0x00000000e8000000,0x00000000e8000000,0x00000000f5400000)
  from space 9728K, 99% used [0x00000000f5400000,0x00000000f5d7c9d0,0x00000000f5d80000)
  to   space 12800K, 0% used [0x00000000faa00000,0x00000000faa00000,0x00000000fb680000)
 ParOldGen       total 49664K, used 26335K [0x00000000a0000000, 0x00000000a3080000, 0x00000000e8000000)
  object space 49664K, 53% used [0x00000000a0000000,0x00000000a19b7fa8,0x00000000a3080000)
 Metaspace       used 43513K, capacity 43960K, committed 44288K, reserved 1087488K
  class space    used 5686K, capacity 5845K, committed 5888K, reserved 1048576K
}
Event: 12.674 GC heap before
{Heap before GC invocations=18 (full 2):
 PSYoungGen      total 226816K, used 226802K [0x00000000e8000000, 0x00000000fb680000, 0x0000000100000000)
  eden space 217088K, 100% used [0x00000000e8000000,0x00000000f5400000,0x00000000f5400000)
  from space 9728K, 99% used [0x00000000f5400000,0x00000000f5d7c9d0,0x00000000f5d80000)
  to   space 12800K, 0% used [0x00000000faa00000,0x00000000faa00000,0x00000000fb680000)
 ParOldGen       total 49664K, used 26335K [0x00000000a0000000, 0x00000000a3080000, 0x00000000e8000000)
  object space 49664K, 53% used [0x00000000a0000000,0x00000000a19b7fa8,0x00000000a3080000)
 Metaspace       used 48361K, capacity 48848K, committed 49024K, reserved 1091584K
  class space    used 6283K, capacity 6431K, committed 6528K, reserved 1048576K
Event: 12.682 GC heap after
Heap after GC invocations=18 (full 2):
 PSYoungGen      total 296960K, used 9190K [0x00000000e8000000, 0x00000000fb300000, 0x0000000100000000)
  eden space 287744K, 0% used [0x00000000e8000000,0x00000000e8000000,0x00000000f9900000)
  from space 9216K, 99% used [0x00000000faa00000,0x00000000fb2f9930,0x00000000fb300000)
  to   space 13312K, 0% used [0x00000000f9900000,0x00000000f9900000,0x00000000fa600000)
 ParOldGen       total 49664K, used 34357K [0x00000000a0000000, 0x00000000a3080000, 0x00000000e8000000)
  object space 49664K, 69% used [0x00000000a0000000,0x00000000a218d618,0x00000000a3080000)
 Metaspace       used 48361K, capacity 48848K, committed 49024K, reserved 1091584K
  class space    used 6283K, capacity 6431K, committed 6528K, reserved 1048576K
}
Event: 33.607 GC heap before
{Heap before GC invocations=19 (full 2):
 PSYoungGen      total 296960K, used 296934K [0x00000000e8000000, 0x00000000fb300000, 0x0000000100000000)
  eden space 287744K, 100% used [0x00000000e8000000,0x00000000f9900000,0x00000000f9900000)
  from space 9216K, 99% used [0x00000000faa00000,0x00000000fb2f9930,0x00000000fb300000)
  to   space 13312K, 0% used [0x00000000f9900000,0x00000000f9900000,0x00000000fa600000)
 ParOldGen       total 49664K, used 34357K [0x00000000a0000000, 0x00000000a3080000, 0x00000000e8000000)
  object space 49664K, 69% used [0x00000000a0000000,0x00000000a218d618,0x00000000a3080000)
 Metaspace       used 48838K, capacity 49392K, committed 49536K, reserved 1091584K
  class space    used 6294K, capacity 6463K, committed 6528K, reserved 1048576K
Event: 33.610 GC heap after
Heap after GC invocations=19 (full 2):
 PSYoungGen      total 301056K, used 608K [0x00000000e8000000, 0x00000000fe800000, 0x0000000100000000)
  eden space 287744K, 0% used [0x00000000e8000000,0x00000000e8000000,0x00000000f9900000)
  from space 13312K, 4% used [0x00000000f9900000,0x00000000f9998020,0x00000000fa600000)
  to   space 13312K, 0% used [0x00000000fdb00000,0x00000000fdb00000,0x00000000fe800000)
 ParOldGen       total 49664K, used 38889K [0x00000000a0000000, 0x00000000a3080000, 0x00000000e8000000)
  object space 49664K, 78% used [0x00000000a0000000,0x00000000a25fa7e8,0x00000000a3080000)
 Metaspace       used 48838K, capacity 49392K, committed 49536K, reserved 1091584K
  class space    used 6294K, capacity 6463K, committed 6528K, reserved 1048576K
}

