# JRE version: Java(TM) SE Runtime Environment (8.0_202-b08) (build 1.8.0_202-b08)
# Java VM: Java HotSpot(TM) 64-Bit Server VM (25.202-b08 mixed mode windows-amd64 compressed oops)
Heap:
 PSYoungGen      total 143872K, used 94697K [0x00000000e8000000, 0x00000000f1c80000, 0x0000000100000000)
  eden space 139776K, 67% used [0x00000000e8000000,0x00000000edbe24f0,0x00000000f0880000)
  from space 4096K, 14% used [0x00000000f1880000,0x00000000f1918020,0x00000000f1c80000)
  to   space 10240K, 0% used [0x00000000f0880000,0x00000000f0880000,0x00000000f1280000)
 ParOldGen       total 51200K, used 38392K [0x00000000a0000000, 0x00000000a3200000, 0x00000000e8000000)
  object space 51200K, 74% used [0x00000000a0000000,0x00000000a257e098,0x00000000a3200000)
 Metaspace       used 49289K, capacity 49734K, committed 49920K, reserved 1093632K
  class space    used 6444K, capacity 6584K, committed 6656K, reserved 1048576K
GC Heap History (10 events):
Event: 17.336 GC heap before
{Heap before GC invocations=26 (full 2):
 PSYoungGen      total 122368K, used 119181K [0x00000000e8000000, 0x00000000f1680000, 0x0000000100000000)
  eden space 112640K, 100% used [0x00000000e8000000,0x00000000eee00000,0x00000000eee00000)
  from space 9728K, 67% used [0x00000000eee00000,0x00000000ef4636b8,0x00000000ef780000)
  to   space 10240K, 0% used [0x00000000f0c80000,0x00000000f0c80000,0x00000000f1680000)
 ParOldGen       total 51200K, used 31304K [0x00000000a0000000, 0x00000000a3200000, 0x00000000e8000000)
  object space 51200K, 61% used [0x00000000a0000000,0x00000000a1e92358,0x00000000a3200000)
 Metaspace       used 47994K, capacity 48468K, committed 48768K, reserved 1091584K
  class space    used 6257K, capacity 6421K, committed 6528K, reserved 1048576K
Event: 17.341 GC heap after
Heap after GC invocations=26 (full 2):
 PSYoungGen      total 143360K, used 7030K [0x00000000e8000000, 0x00000000f1c80000, 0x0000000100000000)
  eden space 133120K, 0% used [0x00000000e8000000,0x00000000e8000000,0x00000000f0200000)
  from space 10240K, 68% used [0x00000000f0c80000,0x00000000f135da98,0x00000000f1680000)
  to   space 10752K, 0% used [0x00000000f0200000,0x00000000f0200000,0x00000000f0c80000)
 ParOldGen       total 51200K, used 34711K [0x00000000a0000000, 0x00000000a3200000, 0x00000000e8000000)
  object space 51200K, 67% used [0x00000000a0000000,0x00000000a21e5f60,0x00000000a3200000)
 Metaspace       used 47994K, capacity 48468K, committed 48768K, reserved 1091584K
  class space    used 6257K, capacity 6421K, committed 6528K, reserved 1048576K
}
Event: 18.163 GC heap before
{Heap before GC invocations=27 (full 2):
 PSYoungGen      total 143360K, used 140150K [0x00000000e8000000, 0x00000000f1c80000, 0x0000000100000000)
  eden space 133120K, 100% used [0x00000000e8000000,0x00000000f0200000,0x00000000f0200000)
  from space 10240K, 68% used [0x00000000f0c80000,0x00000000f135da98,0x00000000f1680000)
  to   space 10752K, 0% used [0x00000000f0200000,0x00000000f0200000,0x00000000f0c80000)
 ParOldGen       total 51200K, used 34711K [0x00000000a0000000, 0x00000000a3200000, 0x00000000e8000000)
  object space 51200K, 67% used [0x00000000a0000000,0x00000000a21e5f60,0x00000000a3200000)
 Metaspace       used 48364K, capacity 48870K, committed 49280K, reserved 1091584K
  class space    used 6279K, capacity 6424K, committed 6528K, reserved 1048576K
Event: 18.166 GC heap after
Heap after GC invocations=27 (full 2):
 PSYoungGen      total 143872K, used 941K [0x00000000e8000000, 0x00000000f2c00000, 0x0000000100000000)
  eden space 133120K, 0% used [0x00000000e8000000,0x00000000e8000000,0x00000000f0200000)
  from space 10752K, 8% used [0x00000000f0200000,0x00000000f02eb4c0,0x00000000f0c80000)
  to   space 10752K, 0% used [0x00000000f2180000,0x00000000f2180000,0x00000000f2c00000)
 ParOldGen       total 51200K, used 38125K [0x00000000a0000000, 0x00000000a3200000, 0x00000000e8000000)
  object space 51200K, 74% used [0x00000000a0000000,0x00000000a253b488,0x00000000a3200000)
 Metaspace       used 48364K, capacity 48870K, committed 49280K, reserved 1091584K
  class space    used 6279K, capacity 6424K, committed 6528K, reserved 1048576K
}
Event: 20.631 GC heap before
{Heap before GC invocations=28 (full 2):
 PSYoungGen      total 143872K, used 134061K [0x00000000e8000000, 0x00000000f2c00000, 0x0000000100000000)
  eden space 133120K, 100% used [0x00000000e8000000,0x00000000f0200000,0x00000000f0200000)
  from space 10752K, 8% used [0x00000000f0200000,0x00000000f02eb4c0,0x00000000f0c80000)
  to   space 10752K, 0% used [0x00000000f2180000,0x00000000f2180000,0x00000000f2c00000)
 ParOldGen       total 51200K, used 38125K [0x00000000a0000000, 0x00000000a3200000, 0x00000000e8000000)
  object space 51200K, 74% used [0x00000000a0000000,0x00000000a253b488,0x00000000a3200000)
 Metaspace       used 48537K, capacity 49062K, committed 49280K, reserved 1091584K
  class space    used 6285K, capacity 6424K, committed 6528K, reserved 1048576K
Event: 20.633 GC heap after
Heap after GC invocations=28 (full 2):
 PSYoungGen      total 160256K, used 352K [0x00000000e8000000, 0x00000000f2980000, 0x0000000100000000)
  eden space 152064K, 0% used [0x00000000e8000000,0x00000000e8000000,0x00000000f1480000)
  from space 8192K, 4% used [0x00000000f2180000,0x00000000f21d8010,0x00000000f2980000)
  to   space 10752K, 0% used [0x00000000f1480000,0x00000000f1480000,0x00000000f1f00000)
 ParOldGen       total 51200K, used 38376K [0x00000000a0000000, 0x00000000a3200000, 0x00000000e8000000)
  object space 51200K, 74% used [0x00000000a0000000,0x00000000a257a098,0x00000000a3200000)
 Metaspace       used 48537K, capacity 49062K, committed 49280K, reserved 1091584K
  class space    used 6285K, capacity 6424K, committed 6528K, reserved 1048576K
}
Event: 691.003 GC heap before
{Heap before GC invocations=29 (full 2):
 PSYoungGen      total 160256K, used 152416K [0x00000000e8000000, 0x00000000f2980000, 0x0000000100000000)
  eden space 152064K, 100% used [0x00000000e8000000,0x00000000f1480000,0x00000000f1480000)
  from space 8192K, 4% used [0x00000000f2180000,0x00000000f21d8010,0x00000000f2980000)
  to   space 10752K, 0% used [0x00000000f1480000,0x00000000f1480000,0x00000000f1f00000)
 ParOldGen       total 51200K, used 38376K [0x00000000a0000000, 0x00000000a3200000, 0x00000000e8000000)
  object space 51200K, 74% used [0x00000000a0000000,0x00000000a257a098,0x00000000a3200000)
 Metaspace       used 48790K, capacity 49350K, committed 49536K, reserved 1091584K
  class space    used 6290K, capacity 6456K, committed 6528K, reserved 1048576K
Event: 691.005 GC heap after
Heap after GC invocations=29 (full 2):
 PSYoungGen      total 146944K, used 576K [0x00000000e8000000, 0x00000000f2280000, 0x0000000100000000)
  eden space 145920K, 0% used [0x00000000e8000000,0x00000000e8000000,0x00000000f0e80000)
  from space 1024K, 56% used [0x00000000f1480000,0x00000000f1510020,0x00000000f1580000)
  to   space 10240K, 0% used [0x00000000f1880000,0x00000000f1880000,0x00000000f2280000)
 ParOldGen       total 51200K, used 38384K [0x00000000a0000000, 0x00000000a3200000, 0x00000000e8000000)
  object space 51200K, 74% used [0x00000000a0000000,0x00000000a257c098,0x00000000a3200000)
 Metaspace       used 48790K, capacity 49350K, committed 49536K, reserved 1091584K
  class space    used 6290K, capacity 6456K, committed 6528K, reserved 1048576K
}
Event: 746.446 GC heap before
{Heap before GC invocations=30 (full 2):
 PSYoungGen      total 146944K, used 146496K [0x00000000e8000000, 0x00000000f2280000, 0x0000000100000000)
  eden space 145920K, 100% used [0x00000000e8000000,0x00000000f0e80000,0x00000000f0e80000)
  from space 1024K, 56% used [0x00000000f1480000,0x00000000f1510020,0x00000000f1580000)
  to   space 10240K, 0% used [0x00000000f1880000,0x00000000f1880000,0x00000000f2280000)
 ParOldGen       total 51200K, used 38384K [0x00000000a0000000, 0x00000000a3200000, 0x00000000e8000000)
  object space 51200K, 74% used [0x00000000a0000000,0x00000000a257c098,0x00000000a3200000)
 Metaspace       used 48793K, capacity 49350K, committed 49536K, reserved 1091584K
  class space    used 6291K, capacity 6456K, committed 6528K, reserved 1048576K
Event: 746.448 GC heap after
Heap after GC invocations=30 (full 2):
 PSYoungGen      total 143872K, used 608K [0x00000000e8000000, 0x00000000f1c80000, 0x0000000100000000)
  eden space 139776K, 0% used [0x00000000e8000000,0x00000000e8000000,0x00000000f0880000)
  from space 4096K, 14% used [0x00000000f1880000,0x00000000f1918020,0x00000000f1c80000)
  to   space 10240K, 0% used [0x00000000f0880000,0x00000000f0880000,0x00000000f1280000)
 ParOldGen       total 51200K, used 38392K [0x00000000a0000000, 0x00000000a3200000, 0x00000000e8000000)
  object space 51200K, 74% used [0x00000000a0000000,0x00000000a257e098,0x00000000a3200000)
 Metaspace       used 48793K, capacity 49350K, committed 49536K, reserved 1091584K
  class space    used 6291K, capacity 6456K, committed 6528K, reserved 1048576K
}

