# JRE version: Java(TM) SE Runtime Environment (8.0_202-b08) (build 1.8.0_202-b08)
# Java VM: Java HotSpot(TM) 64-Bit Server VM (25.202-b08 mixed mode windows-amd64 compressed oops)
Heap:
 PSYoungGen      total 22016K, used 20359K [0x0000000740a00000, 0x0000000742f80000, 0x00000007c0000000)
  eden space 21504K, 93% used [0x0000000740a00000,0x0000000741db1fa8,0x0000000741f00000)
  from space 512K, 37% used [0x0000000742f00000,0x0000000742f30000,0x0000000742f80000)
  to   space 512K, 0% used [0x0000000742e80000,0x0000000742e80000,0x0000000742f00000)
 ParOldGen       total 52224K, used 38046K [0x00000005c2800000, 0x00000005c5b00000, 0x0000000740a00000)
  object space 52224K, 72% used [0x00000005c2800000,0x00000005c4d27840,0x00000005c5b00000)
 Metaspace       used 49446K, capacity 49940K, committed 50176K, reserved 1093632K
  class space    used 6461K, capacity 6613K, committed 6656K, reserved 1048576K
GC Heap History (10 events):
Event: 7295.983 GC heap before
{Heap before GC invocations=192 (full 2):
 PSYoungGen      total 22016K, used 21632K [0x0000000740a00000, 0x0000000742f80000, 0x00000007c0000000)
  eden space 21504K, 100% used [0x0000000740a00000,0x0000000741f00000,0x0000000741f00000)
  from space 512K, 25% used [0x0000000742e80000,0x0000000742ea0000,0x0000000742f00000)
  to   space 512K, 0% used [0x0000000742f00000,0x0000000742f00000,0x0000000742f80000)
 ParOldGen       total 52224K, used 38046K [0x00000005c2800000, 0x00000005c5b00000, 0x0000000740a00000)
  object space 52224K, 72% used [0x00000005c2800000,0x00000005c4d27840,0x00000005c5b00000)
 Metaspace       used 48969K, capacity 49460K, committed 49792K, reserved 1093632K
  class space    used 6311K, capacity 6453K, committed 6528K, reserved 1048576K
Event: 7295.985 GC heap after
Heap after GC invocations=192 (full 2):
 PSYoungGen      total 22016K, used 128K [0x0000000740a00000, 0x0000000742f80000, 0x00000007c0000000)
  eden space 21504K, 0% used [0x0000000740a00000,0x0000000740a00000,0x0000000741f00000)
  from space 512K, 25% used [0x0000000742f00000,0x0000000742f20000,0x0000000742f80000)
  to   space 512K, 0% used [0x0000000742e80000,0x0000000742e80000,0x0000000742f00000)
 ParOldGen       total 52224K, used 38046K [0x00000005c2800000, 0x00000005c5b00000, 0x0000000740a00000)
  object space 52224K, 72% used [0x00000005c2800000,0x00000005c4d27840,0x00000005c5b00000)
 Metaspace       used 48969K, capacity 49460K, committed 49792K, reserved 1093632K
  class space    used 6311K, capacity 6453K, committed 6528K, reserved 1048576K
}
Event: 7303.724 GC heap before
{Heap before GC invocations=193 (full 2):
 PSYoungGen      total 22016K, used 21632K [0x0000000740a00000, 0x0000000742f80000, 0x00000007c0000000)
  eden space 21504K, 100% used [0x0000000740a00000,0x0000000741f00000,0x0000000741f00000)
  from space 512K, 25% used [0x0000000742f00000,0x0000000742f20000,0x0000000742f80000)
  to   space 512K, 0% used [0x0000000742e80000,0x0000000742e80000,0x0000000742f00000)
 ParOldGen       total 52224K, used 38046K [0x00000005c2800000, 0x00000005c5b00000, 0x0000000740a00000)
  object space 52224K, 72% used [0x00000005c2800000,0x00000005c4d27840,0x00000005c5b00000)
 Metaspace       used 48969K, capacity 49460K, committed 49792K, reserved 1093632K
  class space    used 6311K, capacity 6453K, committed 6528K, reserved 1048576K
Event: 7303.725 GC heap after
Heap after GC invocations=193 (full 2):
 PSYoungGen      total 22016K, used 160K [0x0000000740a00000, 0x0000000742f80000, 0x00000007c0000000)
  eden space 21504K, 0% used [0x0000000740a00000,0x0000000740a00000,0x0000000741f00000)
  from space 512K, 31% used [0x0000000742e80000,0x0000000742ea8000,0x0000000742f00000)
  to   space 512K, 0% used [0x0000000742f00000,0x0000000742f00000,0x0000000742f80000)
 ParOldGen       total 52224K, used 38046K [0x00000005c2800000, 0x00000005c5b00000, 0x0000000740a00000)
  object space 52224K, 72% used [0x00000005c2800000,0x00000005c4d27840,0x00000005c5b00000)
 Metaspace       used 48969K, capacity 49460K, committed 49792K, reserved 1093632K
  class space    used 6311K, capacity 6453K, committed 6528K, reserved 1048576K
}
Event: 7311.446 GC heap before
{Heap before GC invocations=194 (full 2):
 PSYoungGen      total 22016K, used 21664K [0x0000000740a00000, 0x0000000742f80000, 0x00000007c0000000)
  eden space 21504K, 100% used [0x0000000740a00000,0x0000000741f00000,0x0000000741f00000)
  from space 512K, 31% used [0x0000000742e80000,0x0000000742ea8000,0x0000000742f00000)
  to   space 512K, 0% used [0x0000000742f00000,0x0000000742f00000,0x0000000742f80000)
 ParOldGen       total 52224K, used 38046K [0x00000005c2800000, 0x00000005c5b00000, 0x0000000740a00000)
  object space 52224K, 72% used [0x00000005c2800000,0x00000005c4d27840,0x00000005c5b00000)
 Metaspace       used 48969K, capacity 49460K, committed 49792K, reserved 1093632K
  class space    used 6311K, capacity 6453K, committed 6528K, reserved 1048576K
Event: 7311.447 GC heap after
Heap after GC invocations=194 (full 2):
 PSYoungGen      total 22016K, used 160K [0x0000000740a00000, 0x0000000742f80000, 0x00000007c0000000)
  eden space 21504K, 0% used [0x0000000740a00000,0x0000000740a00000,0x0000000741f00000)
  from space 512K, 31% used [0x0000000742f00000,0x0000000742f28000,0x0000000742f80000)
  to   space 512K, 0% used [0x0000000742e80000,0x0000000742e80000,0x0000000742f00000)
 ParOldGen       total 52224K, used 38046K [0x00000005c2800000, 0x00000005c5b00000, 0x0000000740a00000)
  object space 52224K, 72% used [0x00000005c2800000,0x00000005c4d27840,0x00000005c5b00000)
 Metaspace       used 48969K, capacity 49460K, committed 49792K, reserved 1093632K
  class space    used 6311K, capacity 6453K, committed 6528K, reserved 1048576K
}
Event: 7319.111 GC heap before
{Heap before GC invocations=195 (full 2):
 PSYoungGen      total 22016K, used 21664K [0x0000000740a00000, 0x0000000742f80000, 0x00000007c0000000)
  eden space 21504K, 100% used [0x0000000740a00000,0x0000000741f00000,0x0000000741f00000)
  from space 512K, 31% used [0x0000000742f00000,0x0000000742f28000,0x0000000742f80000)
  to   space 512K, 0% used [0x0000000742e80000,0x0000000742e80000,0x0000000742f00000)
 ParOldGen       total 52224K, used 38046K [0x00000005c2800000, 0x00000005c5b00000, 0x0000000740a00000)
  object space 52224K, 72% used [0x00000005c2800000,0x00000005c4d27840,0x00000005c5b00000)
 Metaspace       used 48969K, capacity 49460K, committed 49792K, reserved 1093632K
  class space    used 6311K, capacity 6453K, committed 6528K, reserved 1048576K
Event: 7319.112 GC heap after
Heap after GC invocations=195 (full 2):
 PSYoungGen      total 22016K, used 128K [0x0000000740a00000, 0x0000000742f80000, 0x00000007c0000000)
  eden space 21504K, 0% used [0x0000000740a00000,0x0000000740a00000,0x0000000741f00000)
  from space 512K, 25% used [0x0000000742e80000,0x0000000742ea0000,0x0000000742f00000)
  to   space 512K, 0% used [0x0000000742f00000,0x0000000742f00000,0x0000000742f80000)
 ParOldGen       total 52224K, used 38046K [0x00000005c2800000, 0x00000005c5b00000, 0x0000000740a00000)
  object space 52224K, 72% used [0x00000005c2800000,0x00000005c4d27840,0x00000005c5b00000)
 Metaspace       used 48969K, capacity 49460K, committed 49792K, reserved 1093632K
  class space    used 6311K, capacity 6453K, committed 6528K, reserved 1048576K
}
Event: 7855.130 GC heap before
{Heap before GC invocations=196 (full 2):
 PSYoungGen      total 22016K, used 21632K [0x0000000740a00000, 0x0000000742f80000, 0x00000007c0000000)
  eden space 21504K, 100% used [0x0000000740a00000,0x0000000741f00000,0x0000000741f00000)
  from space 512K, 25% used [0x0000000742e80000,0x0000000742ea0000,0x0000000742f00000)
  to   space 512K, 0% used [0x0000000742f00000,0x0000000742f00000,0x0000000742f80000)
 ParOldGen       total 52224K, used 38046K [0x00000005c2800000, 0x00000005c5b00000, 0x0000000740a00000)
  object space 52224K, 72% used [0x00000005c2800000,0x00000005c4d27840,0x00000005c5b00000)
 Metaspace       used 48970K, capacity 49460K, committed 49792K, reserved 1093632K
  class space    used 6311K, capacity 6453K, committed 6528K, reserved 1048576K
Event: 7855.131 GC heap after
Heap after GC invocations=196 (full 2):
 PSYoungGen      total 22016K, used 192K [0x0000000740a00000, 0x0000000742f80000, 0x00000007c0000000)
  eden space 21504K, 0% used [0x0000000740a00000,0x0000000740a00000,0x0000000741f00000)
  from space 512K, 37% used [0x0000000742f00000,0x0000000742f30000,0x0000000742f80000)
  to   space 512K, 0% used [0x0000000742e80000,0x0000000742e80000,0x0000000742f00000)
 ParOldGen       total 52224K, used 38046K [0x00000005c2800000, 0x00000005c5b00000, 0x0000000740a00000)
  object space 52224K, 72% used [0x00000005c2800000,0x00000005c4d27840,0x00000005c5b00000)
 Metaspace       used 48970K, capacity 49460K, committed 49792K, reserved 1093632K
  class space    used 6311K, capacity 6453K, committed 6528K, reserved 1048576K
}

