# JRE version: Java(TM) SE Runtime Environment (8.0_202-b08) (build 1.8.0_202-b08)
# Java VM: Java HotSpot(TM) 64-Bit Server VM (25.202-b08 mixed mode windows-amd64 compressed oops)
Heap:
 PSYoungGen      total 154112K, used 55066K [0x00000000e8000000, 0x00000000f4980000, 0x0000000100000000)
  eden space 153600K, 35% used [0x00000000e8000000,0x00000000eb56eaf8,0x00000000f1600000)
  from space 512K, 68% used [0x00000000f4900000,0x00000000f4958010,0x00000000f4980000)
  to   space 11776K, 0% used [0x00000000f3280000,0x00000000f3280000,0x00000000f3e00000)
 ParOldGen       total 54272K, used 39477K [0x00000000a0000000, 0x00000000a3500000, 0x00000000e8000000)
  object space 54272K, 72% used [0x00000000a0000000,0x00000000a268d430,0x00000000a3500000)
 Metaspace       used 49071K, capacity 49566K, committed 49920K, reserved 1093632K
  class space    used 6445K, capacity 6588K, committed 6656K, reserved 1048576K
GC Heap History (10 events):
Event: 16.390 GC heap before
{Heap before GC invocations=20 (full 2):
 PSYoungGen      total 126976K, used 125952K [0x00000000e8000000, 0x00000000f1380000, 0x0000000100000000)
  eden space 125952K, 100% used [0x00000000e8000000,0x00000000efb00000,0x00000000efb00000)
  from space 1024K, 0% used [0x00000000f0500000,0x00000000f0500000,0x00000000f0600000)
  to   space 9728K, 0% used [0x00000000f0a00000,0x00000000f0a00000,0x00000000f1380000)
 ParOldGen       total 54272K, used 25539K [0x00000000a0000000, 0x00000000a3500000, 0x00000000e8000000)
  object space 54272K, 47% used [0x00000000a0000000,0x00000000a18f0de8,0x00000000a3500000)
 Metaspace       used 41795K, capacity 42100K, committed 42496K, reserved 1085440K
  class space    used 5469K, capacity 5572K, committed 5632K, reserved 1048576K
Event: 16.400 GC heap after
Heap after GC invocations=20 (full 2):
 PSYoungGen      total 139264K, used 9716K [0x00000000e8000000, 0x00000000f3080000, 0x0000000100000000)
  eden space 129536K, 0% used [0x00000000e8000000,0x00000000e8000000,0x00000000efe80000)
  from space 9728K, 99% used [0x00000000f0a00000,0x00000000f137d0a0,0x00000000f1380000)
  to   space 11776K, 0% used [0x00000000efe80000,0x00000000efe80000,0x00000000f0a00000)
 ParOldGen       total 54272K, used 26420K [0x00000000a0000000, 0x00000000a3500000, 0x00000000e8000000)
  object space 54272K, 48% used [0x00000000a0000000,0x00000000a19cd110,0x00000000a3500000)
 Metaspace       used 41795K, capacity 42100K, committed 42496K, reserved 1085440K
  class space    used 5469K, capacity 5572K, committed 5632K, reserved 1048576K
}
Event: 16.875 GC heap before
{Heap before GC invocations=21 (full 2):
 PSYoungGen      total 139264K, used 139252K [0x00000000e8000000, 0x00000000f3080000, 0x0000000100000000)
  eden space 129536K, 100% used [0x00000000e8000000,0x00000000efe80000,0x00000000efe80000)
  from space 9728K, 99% used [0x00000000f0a00000,0x00000000f137d0a0,0x00000000f1380000)
  to   space 11776K, 0% used [0x00000000efe80000,0x00000000efe80000,0x00000000f0a00000)
 ParOldGen       total 54272K, used 26420K [0x00000000a0000000, 0x00000000a3500000, 0x00000000e8000000)
  object space 54272K, 48% used [0x00000000a0000000,0x00000000a19cd110,0x00000000a3500000)
 Metaspace       used 47217K, capacity 47718K, committed 48128K, reserved 1091584K
  class space    used 6159K, capacity 6312K, committed 6400K, reserved 1048576K
Event: 16.884 GC heap after
Heap after GC invocations=21 (full 2):
 PSYoungGen      total 141312K, used 8242K [0x00000000e8000000, 0x00000000f3700000, 0x0000000100000000)
  eden space 129536K, 0% used [0x00000000e8000000,0x00000000e8000000,0x00000000efe80000)
  from space 11776K, 69% used [0x00000000efe80000,0x00000000f068c950,0x00000000f0a00000)
  to   space 12288K, 0% used [0x00000000f2b00000,0x00000000f2b00000,0x00000000f3700000)
 ParOldGen       total 54272K, used 32606K [0x00000000a0000000, 0x00000000a3500000, 0x00000000e8000000)
  object space 54272K, 60% used [0x00000000a0000000,0x00000000a1fd79e8,0x00000000a3500000)
 Metaspace       used 47217K, capacity 47718K, committed 48128K, reserved 1091584K
  class space    used 6159K, capacity 6312K, committed 6400K, reserved 1048576K
}
Event: 17.890 GC heap before
{Heap before GC invocations=22 (full 2):
 PSYoungGen      total 141312K, used 137778K [0x00000000e8000000, 0x00000000f3700000, 0x0000000100000000)
  eden space 129536K, 100% used [0x00000000e8000000,0x00000000efe80000,0x00000000efe80000)
  from space 11776K, 69% used [0x00000000efe80000,0x00000000f068c950,0x00000000f0a00000)
  to   space 12288K, 0% used [0x00000000f2b00000,0x00000000f2b00000,0x00000000f3700000)
 ParOldGen       total 54272K, used 32606K [0x00000000a0000000, 0x00000000a3500000, 0x00000000e8000000)
  object space 54272K, 60% used [0x00000000a0000000,0x00000000a1fd79e8,0x00000000a3500000)
 Metaspace       used 48381K, capacity 48894K, committed 49280K, reserved 1091584K
  class space    used 6281K, capacity 6428K, committed 6528K, reserved 1048576K
Event: 17.894 GC heap after
Heap after GC invocations=22 (full 2):
 PSYoungGen      total 168960K, used 4142K [0x00000000e8000000, 0x00000000f3380000, 0x0000000100000000)
  eden space 160256K, 0% used [0x00000000e8000000,0x00000000e8000000,0x00000000f1c80000)
  from space 8704K, 47% used [0x00000000f2b00000,0x00000000f2f0b880,0x00000000f3380000)
  to   space 11776K, 0% used [0x00000000f1c80000,0x00000000f1c80000,0x00000000f2800000)
 ParOldGen       total 54272K, used 37087K [0x00000000a0000000, 0x00000000a3500000, 0x00000000e8000000)
  object space 54272K, 68% used [0x00000000a0000000,0x00000000a2437e50,0x00000000a3500000)
 Metaspace       used 48381K, capacity 48894K, committed 49280K, reserved 1091584K
  class space    used 6281K, capacity 6428K, committed 6528K, reserved 1048576K
}
Event: 20.101 GC heap before
{Heap before GC invocations=23 (full 2):
 PSYoungGen      total 168960K, used 164398K [0x00000000e8000000, 0x00000000f3380000, 0x0000000100000000)
  eden space 160256K, 100% used [0x00000000e8000000,0x00000000f1c80000,0x00000000f1c80000)
  from space 8704K, 47% used [0x00000000f2b00000,0x00000000f2f0b880,0x00000000f3380000)
  to   space 11776K, 0% used [0x00000000f1c80000,0x00000000f1c80000,0x00000000f2800000)
 ParOldGen       total 54272K, used 37087K [0x00000000a0000000, 0x00000000a3500000, 0x00000000e8000000)
  object space 54272K, 68% used [0x00000000a0000000,0x00000000a2437e50,0x00000000a3500000)
 Metaspace       used 48490K, capacity 49022K, committed 49280K, reserved 1091584K
  class space    used 6287K, capacity 6428K, committed 6528K, reserved 1048576K
Event: 20.103 GC heap after
Heap after GC invocations=23 (full 2):
 PSYoungGen      total 172032K, used 352K [0x00000000e8000000, 0x00000000f5480000, 0x0000000100000000)
  eden space 160256K, 0% used [0x00000000e8000000,0x00000000e8000000,0x00000000f1c80000)
  from space 11776K, 2% used [0x00000000f1c80000,0x00000000f1cd8010,0x00000000f2800000)
  to   space 11776K, 0% used [0x00000000f4900000,0x00000000f4900000,0x00000000f5480000)
 ParOldGen       total 54272K, used 39253K [0x00000000a0000000, 0x00000000a3500000, 0x00000000e8000000)
  object space 54272K, 72% used [0x00000000a0000000,0x00000000a2655420,0x00000000a3500000)
 Metaspace       used 48490K, capacity 49022K, committed 49280K, reserved 1091584K
  class space    used 6287K, capacity 6428K, committed 6528K, reserved 1048576K
}
Event: 715.098 GC heap before
{Heap before GC invocations=24 (full 2):
 PSYoungGen      total 172032K, used 160608K [0x00000000e8000000, 0x00000000f5480000, 0x0000000100000000)
  eden space 160256K, 100% used [0x00000000e8000000,0x00000000f1c80000,0x00000000f1c80000)
  from space 11776K, 2% used [0x00000000f1c80000,0x00000000f1cd8010,0x00000000f2800000)
  to   space 11776K, 0% used [0x00000000f4900000,0x00000000f4900000,0x00000000f5480000)
 ParOldGen       total 54272K, used 39253K [0x00000000a0000000, 0x00000000a3500000, 0x00000000e8000000)
  object space 54272K, 72% used [0x00000000a0000000,0x00000000a2655420,0x00000000a3500000)
 Metaspace       used 48565K, capacity 49118K, committed 49280K, reserved 1091584K
  class space    used 6295K, capacity 6460K, committed 6528K, reserved 1048576K
Event: 715.100 GC heap after
Heap after GC invocations=24 (full 2):
 PSYoungGen      total 154112K, used 352K [0x00000000e8000000, 0x00000000f4980000, 0x0000000100000000)
  eden space 153600K, 0% used [0x00000000e8000000,0x00000000e8000000,0x00000000f1600000)
  from space 512K, 68% used [0x00000000f4900000,0x00000000f4958010,0x00000000f4980000)
  to   space 11776K, 0% used [0x00000000f3280000,0x00000000f3280000,0x00000000f3e00000)
 ParOldGen       total 54272K, used 39477K [0x00000000a0000000, 0x00000000a3500000, 0x00000000e8000000)
  object space 54272K, 72% used [0x00000000a0000000,0x00000000a268d430,0x00000000a3500000)
 Metaspace       used 48565K, capacity 49118K, committed 49280K, reserved 1091584K
  class space    used 6295K, capacity 6460K, committed 6528K, reserved 1048576K
}

