# JRE version: Java(TM) SE Runtime Environment (8.0_202-b08) (build 1.8.0_202-b08)
# Java VM: Java HotSpot(TM) 64-Bit Server VM (25.202-b08 mixed mode windows-amd64 compressed oops)
Heap:
 PSYoungGen      total 132608K, used 70242K [0x00000125bc000000, 0x00000125c6400000, 0x000001263b600000)
  eden space 129024K, 51% used [0x00000125bc000000,0x00000125c0162400,0x00000125c3e00000)
  from space 3584K, 91% used [0x00000125c6080000,0x00000125c63b6630,0x00000125c6400000)
  to   space 11776K, 0% used [0x00000125c4d00000,0x00000125c4d00000,0x00000125c5880000)
 ParOldGen       total 55808K, used 34136K [0x000001243de00000, 0x0000012441480000, 0x00000125bc000000)
  object space 55808K, 61% used [0x000001243de00000,0x000001243ff56118,0x0000012441480000)
 Metaspace       used 49190K, capacity 49656K, committed 50176K, reserved 1093632K
  class space    used 6434K, capacity 6571K, committed 6656K, reserved 1048576K
GC Heap History (10 events):
Event: 9.332 GC heap before
{Heap before GC invocations=22 (full 2):
 PSYoungGen      total 110592K, used 109986K [0x00000125bc000000, 0x00000125c4900000, 0x000001263b600000)
  eden space 100864K, 100% used [0x00000125bc000000,0x00000125c2280000,0x00000125c2280000)
  from space 9728K, 93% used [0x00000125c2280000,0x00000125c2b689e0,0x00000125c2c00000)
  to   space 11264K, 0% used [0x00000125c3e00000,0x00000125c3e00000,0x00000125c4900000)
 ParOldGen       total 55808K, used 24040K [0x000001243de00000, 0x0000012441480000, 0x00000125bc000000)
  object space 55808K, 43% used [0x000001243de00000,0x000001243f57a0b0,0x0000012441480000)
 Metaspace       used 44305K, capacity 44778K, committed 45184K, reserved 1089536K
  class space    used 5773K, capacity 5944K, committed 6016K, reserved 1048576K
Event: 9.339 GC heap after
Heap after GC invocations=22 (full 2):
 PSYoungGen      total 126976K, used 11239K [0x00000125bc000000, 0x00000125c4e00000, 0x000001263b600000)
  eden space 115712K, 0% used [0x00000125bc000000,0x00000125bc000000,0x00000125c3100000)
  from space 11264K, 99% used [0x00000125c3e00000,0x00000125c48f9cc0,0x00000125c4900000)
  to   space 13312K, 0% used [0x00000125c3100000,0x00000125c3100000,0x00000125c3e00000)
 ParOldGen       total 55808K, used 25238K [0x000001243de00000, 0x0000012441480000, 0x00000125bc000000)
  object space 55808K, 45% used [0x000001243de00000,0x000001243f6a5a80,0x0000012441480000)
 Metaspace       used 44305K, capacity 44778K, committed 45184K, reserved 1089536K
  class space    used 5773K, capacity 5944K, committed 6016K, reserved 1048576K
}
Event: 10.463 GC heap before
{Heap before GC invocations=23 (full 2):
 PSYoungGen      total 126976K, used 126951K [0x00000125bc000000, 0x00000125c4e00000, 0x000001263b600000)
  eden space 115712K, 100% used [0x00000125bc000000,0x00000125c3100000,0x00000125c3100000)
  from space 11264K, 99% used [0x00000125c3e00000,0x00000125c48f9cc0,0x00000125c4900000)
  to   space 13312K, 0% used [0x00000125c3100000,0x00000125c3100000,0x00000125c3e00000)
 ParOldGen       total 55808K, used 25238K [0x000001243de00000, 0x0000012441480000, 0x00000125bc000000)
  object space 55808K, 45% used [0x000001243de00000,0x000001243f6a5a80,0x0000012441480000)
 Metaspace       used 48140K, capacity 48588K, committed 49024K, reserved 1091584K
  class space    used 6268K, capacity 6409K, committed 6528K, reserved 1048576K
Event: 10.473 GC heap after
Heap after GC invocations=23 (full 2):
 PSYoungGen      total 129024K, used 6211K [0x00000125bc000000, 0x00000125c5d80000, 0x000001263b600000)
  eden space 115712K, 0% used [0x00000125bc000000,0x00000125bc000000,0x00000125c3100000)
  from space 13312K, 46% used [0x00000125c3100000,0x00000125c3710ce0,0x00000125c3e00000)
  to   space 12800K, 0% used [0x00000125c5100000,0x00000125c5100000,0x00000125c5d80000)
 ParOldGen       total 55808K, used 34112K [0x000001243de00000, 0x0000012441480000, 0x00000125bc000000)
  object space 55808K, 61% used [0x000001243de00000,0x000001243ff50118,0x0000012441480000)
 Metaspace       used 48140K, capacity 48588K, committed 49024K, reserved 1091584K
  class space    used 6268K, capacity 6409K, committed 6528K, reserved 1048576K
}
Event: 10.974 GC heap before
{Heap before GC invocations=24 (full 2):
 PSYoungGen      total 129024K, used 121923K [0x00000125bc000000, 0x00000125c5d80000, 0x000001263b600000)
  eden space 115712K, 100% used [0x00000125bc000000,0x00000125c3100000,0x00000125c3100000)
  from space 13312K, 46% used [0x00000125c3100000,0x00000125c3710ce0,0x00000125c3e00000)
  to   space 12800K, 0% used [0x00000125c5100000,0x00000125c5100000,0x00000125c5d80000)
 ParOldGen       total 55808K, used 34112K [0x000001243de00000, 0x0000012441480000, 0x00000125bc000000)
  object space 55808K, 61% used [0x000001243de00000,0x000001243ff50118,0x0000012441480000)
 Metaspace       used 48144K, capacity 48588K, committed 49024K, reserved 1091584K
  class space    used 6268K, capacity 6409K, committed 6528K, reserved 1048576K
Event: 10.975 GC heap after
Heap after GC invocations=24 (full 2):
 PSYoungGen      total 145408K, used 2778K [0x00000125bc000000, 0x00000125c5c00000, 0x000001263b600000)
  eden space 134144K, 0% used [0x00000125bc000000,0x00000125bc000000,0x00000125c4300000)
  from space 11264K, 24% used [0x00000125c5100000,0x00000125c53b6810,0x00000125c5c00000)
  to   space 12800K, 0% used [0x00000125c4300000,0x00000125c4300000,0x00000125c4f80000)
 ParOldGen       total 55808K, used 34120K [0x000001243de00000, 0x0000012441480000, 0x00000125bc000000)
  object space 55808K, 61% used [0x000001243de00000,0x000001243ff52118,0x0000012441480000)
 Metaspace       used 48144K, capacity 48588K, committed 49024K, reserved 1091584K
  class space    used 6268K, capacity 6409K, committed 6528K, reserved 1048576K
}
Event: 17.708 GC heap before
{Heap before GC invocations=25 (full 2):
 PSYoungGen      total 145408K, used 136922K [0x00000125bc000000, 0x00000125c5c00000, 0x000001263b600000)
  eden space 134144K, 100% used [0x00000125bc000000,0x00000125c4300000,0x00000125c4300000)
  from space 11264K, 24% used [0x00000125c5100000,0x00000125c53b6810,0x00000125c5c00000)
  to   space 12800K, 0% used [0x00000125c4300000,0x00000125c4300000,0x00000125c4f80000)
 ParOldGen       total 55808K, used 34120K [0x000001243de00000, 0x0000012441480000, 0x00000125bc000000)
  object space 55808K, 61% used [0x000001243de00000,0x000001243ff52118,0x0000012441480000)
 Metaspace       used 48645K, capacity 49112K, committed 49536K, reserved 1091584K
  class space    used 6278K, capacity 6411K, committed 6528K, reserved 1048576K
Event: 17.710 GC heap after
Heap after GC invocations=25 (full 2):
 PSYoungGen      total 146944K, used 3111K [0x00000125bc000000, 0x00000125c6c80000, 0x000001263b600000)
  eden space 134144K, 0% used [0x00000125bc000000,0x00000125bc000000,0x00000125c4300000)
  from space 12800K, 24% used [0x00000125c4300000,0x00000125c4609d30,0x00000125c4f80000)
  to   space 12288K, 0% used [0x00000125c6080000,0x00000125c6080000,0x00000125c6c80000)
 ParOldGen       total 55808K, used 34128K [0x000001243de00000, 0x0000012441480000, 0x00000125bc000000)
  object space 55808K, 61% used [0x000001243de00000,0x000001243ff54118,0x0000012441480000)
 Metaspace       used 48645K, capacity 49112K, committed 49536K, reserved 1091584K
  class space    used 6278K, capacity 6411K, committed 6528K, reserved 1048576K
}
Event: 960.152 GC heap before
{Heap before GC invocations=26 (full 2):
 PSYoungGen      total 146944K, used 137255K [0x00000125bc000000, 0x00000125c6c80000, 0x000001263b600000)
  eden space 134144K, 100% used [0x00000125bc000000,0x00000125c4300000,0x00000125c4300000)
  from space 12800K, 24% used [0x00000125c4300000,0x00000125c4609d30,0x00000125c4f80000)
  to   space 12288K, 0% used [0x00000125c6080000,0x00000125c6080000,0x00000125c6c80000)
 ParOldGen       total 55808K, used 34128K [0x000001243de00000, 0x0000012441480000, 0x00000125bc000000)
  object space 55808K, 61% used [0x000001243de00000,0x000001243ff54118,0x0000012441480000)
 Metaspace       used 48695K, capacity 49144K, committed 49536K, reserved 1091584K
  class space    used 6282K, capacity 6443K, committed 6528K, reserved 1048576K
Event: 960.154 GC heap after
Heap after GC invocations=26 (full 2):
 PSYoungGen      total 132608K, used 3289K [0x00000125bc000000, 0x00000125c6400000, 0x000001263b600000)
  eden space 129024K, 0% used [0x00000125bc000000,0x00000125bc000000,0x00000125c3e00000)
  from space 3584K, 91% used [0x00000125c6080000,0x00000125c63b6630,0x00000125c6400000)
  to   space 11776K, 0% used [0x00000125c4d00000,0x00000125c4d00000,0x00000125c5880000)
 ParOldGen       total 55808K, used 34136K [0x000001243de00000, 0x0000012441480000, 0x00000125bc000000)
  object space 55808K, 61% used [0x000001243de00000,0x000001243ff56118,0x0000012441480000)
 Metaspace       used 48695K, capacity 49144K, committed 49536K, reserved 1091584K
  class space    used 6282K, capacity 6443K, committed 6528K, reserved 1048576K
}

