# JRE version: Java(TM) SE Runtime Environment (8.0_202-b08) (build 1.8.0_202-b08)
# Java VM: Java HotSpot(TM) 64-Bit Server VM (25.202-b08 mixed mode windows-amd64 compressed oops)
Heap:
 PSYoungGen      total 21504K, used 19650K [0x0000000740a00000, 0x0000000742080000, 0x00000007c0000000)
  eden space 20992K, 92% used [0x0000000740a00000,0x0000000741d00918,0x0000000741e80000)
  from space 512K, 37% used [0x0000000742000000,0x0000000742030000,0x0000000742080000)
  to   space 512K, 0% used [0x0000000741f80000,0x0000000741f80000,0x0000000742000000)
 ParOldGen       total 50176K, used 47075K [0x00000005c2800000, 0x00000005c5900000, 0x0000000740a00000)
  object space 50176K, 93% used [0x00000005c2800000,0x00000005c55f8f08,0x00000005c5900000)
 Metaspace       used 50106K, capacity 50640K, committed 50944K, reserved 1093632K
  class space    used 6494K, capacity 6639K, committed 6656K, reserved 1048576K
GC Heap History (10 events):
Event: 3433.038 GC heap before
{Heap before GC invocations=312 (full 2):
 PSYoungGen      total 21504K, used 21152K [0x0000000740a00000, 0x0000000742080000, 0x00000007c0000000)
  eden space 20992K, 100% used [0x0000000740a00000,0x0000000741e80000,0x0000000741e80000)
  from space 512K, 31% used [0x0000000741f80000,0x0000000741fa8000,0x0000000742000000)
  to   space 512K, 0% used [0x0000000742000000,0x0000000742000000,0x0000000742080000)
 ParOldGen       total 50176K, used 47035K [0x00000005c2800000, 0x00000005c5900000, 0x0000000740a00000)
  object space 50176K, 93% used [0x00000005c2800000,0x00000005c55eef08,0x00000005c5900000)
 Metaspace       used 49623K, capacity 50096K, committed 50304K, reserved 1093632K
  class space    used 6346K, capacity 6479K, committed 6528K, reserved 1048576K
Event: 3433.039 GC heap after
Heap after GC invocations=312 (full 2):
 PSYoungGen      total 21504K, used 96K [0x0000000740a00000, 0x0000000742080000, 0x00000007c0000000)
  eden space 20992K, 0% used [0x0000000740a00000,0x0000000740a00000,0x0000000741e80000)
  from space 512K, 18% used [0x0000000742000000,0x0000000742018000,0x0000000742080000)
  to   space 512K, 0% used [0x0000000741f80000,0x0000000741f80000,0x0000000742000000)
 ParOldGen       total 50176K, used 47035K [0x00000005c2800000, 0x00000005c5900000, 0x0000000740a00000)
  object space 50176K, 93% used [0x00000005c2800000,0x00000005c55eef08,0x00000005c5900000)
 Metaspace       used 49623K, capacity 50096K, committed 50304K, reserved 1093632K
  class space    used 6346K, capacity 6479K, committed 6528K, reserved 1048576K
}
Event: 3438.316 GC heap before
{Heap before GC invocations=313 (full 2):
 PSYoungGen      total 21504K, used 21088K [0x0000000740a00000, 0x0000000742080000, 0x00000007c0000000)
  eden space 20992K, 100% used [0x0000000740a00000,0x0000000741e80000,0x0000000741e80000)
  from space 512K, 18% used [0x0000000742000000,0x0000000742018000,0x0000000742080000)
  to   space 512K, 0% used [0x0000000741f80000,0x0000000741f80000,0x0000000742000000)
 ParOldGen       total 50176K, used 47035K [0x00000005c2800000, 0x00000005c5900000, 0x0000000740a00000)
  object space 50176K, 93% used [0x00000005c2800000,0x00000005c55eef08,0x00000005c5900000)
 Metaspace       used 49623K, capacity 50096K, committed 50304K, reserved 1093632K
  class space    used 6346K, capacity 6479K, committed 6528K, reserved 1048576K
Event: 3438.317 GC heap after
Heap after GC invocations=313 (full 2):
 PSYoungGen      total 21504K, used 160K [0x0000000740a00000, 0x0000000742080000, 0x00000007c0000000)
  eden space 20992K, 0% used [0x0000000740a00000,0x0000000740a00000,0x0000000741e80000)
  from space 512K, 31% used [0x0000000741f80000,0x0000000741fa8000,0x0000000742000000)
  to   space 512K, 0% used [0x0000000742000000,0x0000000742000000,0x0000000742080000)
 ParOldGen       total 50176K, used 47035K [0x00000005c2800000, 0x00000005c5900000, 0x0000000740a00000)
  object space 50176K, 93% used [0x00000005c2800000,0x00000005c55eef08,0x00000005c5900000)
 Metaspace       used 49623K, capacity 50096K, committed 50304K, reserved 1093632K
  class space    used 6346K, capacity 6479K, committed 6528K, reserved 1048576K
}
Event: 3443.655 GC heap before
{Heap before GC invocations=314 (full 2):
 PSYoungGen      total 21504K, used 21152K [0x0000000740a00000, 0x0000000742080000, 0x00000007c0000000)
  eden space 20992K, 100% used [0x0000000740a00000,0x0000000741e80000,0x0000000741e80000)
  from space 512K, 31% used [0x0000000741f80000,0x0000000741fa8000,0x0000000742000000)
  to   space 512K, 0% used [0x0000000742000000,0x0000000742000000,0x0000000742080000)
 ParOldGen       total 50176K, used 47035K [0x00000005c2800000, 0x00000005c5900000, 0x0000000740a00000)
  object space 50176K, 93% used [0x00000005c2800000,0x00000005c55eef08,0x00000005c5900000)
 Metaspace       used 49623K, capacity 50096K, committed 50304K, reserved 1093632K
  class space    used 6346K, capacity 6479K, committed 6528K, reserved 1048576K
Event: 3443.657 GC heap after
Heap after GC invocations=314 (full 2):
 PSYoungGen      total 21504K, used 160K [0x0000000740a00000, 0x0000000742080000, 0x00000007c0000000)
  eden space 20992K, 0% used [0x0000000740a00000,0x0000000740a00000,0x0000000741e80000)
  from space 512K, 31% used [0x0000000742000000,0x0000000742028000,0x0000000742080000)
  to   space 512K, 0% used [0x0000000741f80000,0x0000000741f80000,0x0000000742000000)
 ParOldGen       total 50176K, used 47043K [0x00000005c2800000, 0x00000005c5900000, 0x0000000740a00000)
  object space 50176K, 93% used [0x00000005c2800000,0x00000005c55f0f08,0x00000005c5900000)
 Metaspace       used 49623K, capacity 50096K, committed 50304K, reserved 1093632K
  class space    used 6346K, capacity 6479K, committed 6528K, reserved 1048576K
}
Event: 3448.992 GC heap before
{Heap before GC invocations=315 (full 2):
 PSYoungGen      total 21504K, used 21152K [0x0000000740a00000, 0x0000000742080000, 0x00000007c0000000)
  eden space 20992K, 100% used [0x0000000740a00000,0x0000000741e80000,0x0000000741e80000)
  from space 512K, 31% used [0x0000000742000000,0x0000000742028000,0x0000000742080000)
  to   space 512K, 0% used [0x0000000741f80000,0x0000000741f80000,0x0000000742000000)
 ParOldGen       total 50176K, used 47043K [0x00000005c2800000, 0x00000005c5900000, 0x0000000740a00000)
  object space 50176K, 93% used [0x00000005c2800000,0x00000005c55f0f08,0x00000005c5900000)
 Metaspace       used 49623K, capacity 50096K, committed 50304K, reserved 1093632K
  class space    used 6346K, capacity 6479K, committed 6528K, reserved 1048576K
Event: 3448.993 GC heap after
Heap after GC invocations=315 (full 2):
 PSYoungGen      total 21504K, used 160K [0x0000000740a00000, 0x0000000742080000, 0x00000007c0000000)
  eden space 20992K, 0% used [0x0000000740a00000,0x0000000740a00000,0x0000000741e80000)
  from space 512K, 31% used [0x0000000741f80000,0x0000000741fa8000,0x0000000742000000)
  to   space 512K, 0% used [0x0000000742000000,0x0000000742000000,0x0000000742080000)
 ParOldGen       total 50176K, used 47067K [0x00000005c2800000, 0x00000005c5900000, 0x0000000740a00000)
  object space 50176K, 93% used [0x00000005c2800000,0x00000005c55f6f08,0x00000005c5900000)
 Metaspace       used 49623K, capacity 50096K, committed 50304K, reserved 1093632K
  class space    used 6346K, capacity 6479K, committed 6528K, reserved 1048576K
}
Event: 3968.022 GC heap before
{Heap before GC invocations=316 (full 2):
 PSYoungGen      total 21504K, used 21152K [0x0000000740a00000, 0x0000000742080000, 0x00000007c0000000)
  eden space 20992K, 100% used [0x0000000740a00000,0x0000000741e80000,0x0000000741e80000)
  from space 512K, 31% used [0x0000000741f80000,0x0000000741fa8000,0x0000000742000000)
  to   space 512K, 0% used [0x0000000742000000,0x0000000742000000,0x0000000742080000)
 ParOldGen       total 50176K, used 47067K [0x00000005c2800000, 0x00000005c5900000, 0x0000000740a00000)
  object space 50176K, 93% used [0x00000005c2800000,0x00000005c55f6f08,0x00000005c5900000)
 Metaspace       used 49623K, capacity 50096K, committed 50304K, reserved 1093632K
  class space    used 6346K, capacity 6479K, committed 6528K, reserved 1048576K
Event: 3968.023 GC heap after
Heap after GC invocations=316 (full 2):
 PSYoungGen      total 21504K, used 192K [0x0000000740a00000, 0x0000000742080000, 0x00000007c0000000)
  eden space 20992K, 0% used [0x0000000740a00000,0x0000000740a00000,0x0000000741e80000)
  from space 512K, 37% used [0x0000000742000000,0x0000000742030000,0x0000000742080000)
  to   space 512K, 0% used [0x0000000741f80000,0x0000000741f80000,0x0000000742000000)
 ParOldGen       total 50176K, used 47075K [0x00000005c2800000, 0x00000005c5900000, 0x0000000740a00000)
  object space 50176K, 93% used [0x00000005c2800000,0x00000005c55f8f08,0x00000005c5900000)
 Metaspace       used 49623K, capacity 50096K, committed 50304K, reserved 1093632K
  class space    used 6346K, capacity 6479K, committed 6528K, reserved 1048576K
}

