# JRE version: Java(TM) SE Runtime Environment (8.0_202-b08) (build 1.8.0_202-b08)
# Java VM: Java HotSpot(TM) 64-Bit Server VM (25.202-b08 mixed mode windows-amd64 compressed oops)
Heap:
 PSYoungGen      total 115200K, used 106190K [0x00000000e8000000, 0x00000000f0300000, 0x0000000100000000)
  eden space 110080K, 92% used [0x00000000e8000000,0x00000000ee300c10,0x00000000eeb80000)
  from space 5120K, 93% used [0x00000000ef680000,0x00000000efb32de0,0x00000000efb80000)
  to   space 7680K, 0% used [0x00000000efb80000,0x00000000efb80000,0x00000000f0300000)
 ParOldGen       total 53248K, used 33166K [0x00000000a0000000, 0x00000000a3400000, 0x00000000e8000000)
  object space 53248K, 62% used [0x00000000a0000000,0x00000000a20638a8,0x00000000a3400000)
 Metaspace       used 49687K, capacity 50250K, committed 50432K, reserved 1093632K
  class space    used 6471K, capacity 6622K, committed 6656K, reserved 1048576K
GC Heap History (10 events):
Event: 316.659 GC heap before
{Heap before GC invocations=33 (full 2):
 PSYoungGen      total 140288K, used 140103K [0x00000000e8000000, 0x00000000f1900000, 0x0000000100000000)
  eden space 135168K, 100% used [0x00000000e8000000,0x00000000f0400000,0x00000000f0400000)
  from space 5120K, 96% used [0x00000000f1400000,0x00000000f18d1e20,0x00000000f1900000)
  to   space 10240K, 0% used [0x00000000f0500000,0x00000000f0500000,0x00000000f0f00000)
 ParOldGen       total 53248K, used 33142K [0x00000000a0000000, 0x00000000a3400000, 0x00000000e8000000)
  object space 53248K, 62% used [0x00000000a0000000,0x00000000a205d8a8,0x00000000a3400000)
 Metaspace       used 49161K, capacity 49642K, committed 50048K, reserved 1093632K
  class space    used 6318K, capacity 6462K, committed 6528K, reserved 1048576K
Event: 316.663 GC heap after
Heap after GC invocations=33 (full 2):
 PSYoungGen      total 134656K, used 4619K [0x00000000e8000000, 0x00000000f1480000, 0x0000000100000000)
  eden space 129536K, 0% used [0x00000000e8000000,0x00000000e8000000,0x00000000efe80000)
  from space 5120K, 90% used [0x00000000f0500000,0x00000000f0982db0,0x00000000f0a00000)
  to   space 9728K, 0% used [0x00000000f0b00000,0x00000000f0b00000,0x00000000f1480000)
 ParOldGen       total 53248K, used 33150K [0x00000000a0000000, 0x00000000a3400000, 0x00000000e8000000)
  object space 53248K, 62% used [0x00000000a0000000,0x00000000a205f8a8,0x00000000a3400000)
 Metaspace       used 49161K, capacity 49642K, committed 50048K, reserved 1093632K
  class space    used 6318K, capacity 6462K, committed 6528K, reserved 1048576K
}
Event: 380.091 GC heap before
{Heap before GC invocations=34 (full 2):
 PSYoungGen      total 134656K, used 134155K [0x00000000e8000000, 0x00000000f1480000, 0x0000000100000000)
  eden space 129536K, 100% used [0x00000000e8000000,0x00000000efe80000,0x00000000efe80000)
  from space 5120K, 90% used [0x00000000f0500000,0x00000000f0982db0,0x00000000f0a00000)
  to   space 9728K, 0% used [0x00000000f0b00000,0x00000000f0b00000,0x00000000f1480000)
 ParOldGen       total 53248K, used 33150K [0x00000000a0000000, 0x00000000a3400000, 0x00000000e8000000)
  object space 53248K, 62% used [0x00000000a0000000,0x00000000a205f8a8,0x00000000a3400000)
 Metaspace       used 49161K, capacity 49642K, committed 50048K, reserved 1093632K
  class space    used 6318K, capacity 6462K, committed 6528K, reserved 1048576K
Event: 380.095 GC heap after
Heap after GC invocations=34 (full 2):
 PSYoungGen      total 129024K, used 4587K [0x00000000e8000000, 0x00000000f0f80000, 0x0000000100000000)
  eden space 124416K, 0% used [0x00000000e8000000,0x00000000e8000000,0x00000000ef980000)
  from space 4608K, 99% used [0x00000000f0b00000,0x00000000f0f7aff0,0x00000000f0f80000)
  to   space 9728K, 0% used [0x00000000efc80000,0x00000000efc80000,0x00000000f0600000)
 ParOldGen       total 53248K, used 33150K [0x00000000a0000000, 0x00000000a3400000, 0x00000000e8000000)
  object space 53248K, 62% used [0x00000000a0000000,0x00000000a205f8a8,0x00000000a3400000)
 Metaspace       used 49161K, capacity 49642K, committed 50048K, reserved 1093632K
  class space    used 6318K, capacity 6462K, committed 6528K, reserved 1048576K
}
Event: 441.100 GC heap before
{Heap before GC invocations=35 (full 2):
 PSYoungGen      total 129024K, used 129003K [0x00000000e8000000, 0x00000000f0f80000, 0x0000000100000000)
  eden space 124416K, 100% used [0x00000000e8000000,0x00000000ef980000,0x00000000ef980000)
  from space 4608K, 99% used [0x00000000f0b00000,0x00000000f0f7aff0,0x00000000f0f80000)
  to   space 9728K, 0% used [0x00000000efc80000,0x00000000efc80000,0x00000000f0600000)
 ParOldGen       total 53248K, used 33150K [0x00000000a0000000, 0x00000000a3400000, 0x00000000e8000000)
  object space 53248K, 62% used [0x00000000a0000000,0x00000000a205f8a8,0x00000000a3400000)
 Metaspace       used 49161K, capacity 49642K, committed 50048K, reserved 1093632K
  class space    used 6318K, capacity 6462K, committed 6528K, reserved 1048576K
Event: 441.103 GC heap after
Heap after GC invocations=35 (full 2):
 PSYoungGen      total 124416K, used 4651K [0x00000000e8000000, 0x00000000f0b80000, 0x0000000100000000)
  eden space 119296K, 0% used [0x00000000e8000000,0x00000000e8000000,0x00000000ef480000)
  from space 5120K, 90% used [0x00000000efc80000,0x00000000f010aff0,0x00000000f0180000)
  to   space 9216K, 0% used [0x00000000f0280000,0x00000000f0280000,0x00000000f0b80000)
 ParOldGen       total 53248K, used 33158K [0x00000000a0000000, 0x00000000a3400000, 0x00000000e8000000)
  object space 53248K, 62% used [0x00000000a0000000,0x00000000a20618a8,0x00000000a3400000)
 Metaspace       used 49161K, capacity 49642K, committed 50048K, reserved 1093632K
  class space    used 6318K, capacity 6462K, committed 6528K, reserved 1048576K
}
Event: 499.650 GC heap before
{Heap before GC invocations=36 (full 2):
 PSYoungGen      total 124416K, used 123947K [0x00000000e8000000, 0x00000000f0b80000, 0x0000000100000000)
  eden space 119296K, 100% used [0x00000000e8000000,0x00000000ef480000,0x00000000ef480000)
  from space 5120K, 90% used [0x00000000efc80000,0x00000000f010aff0,0x00000000f0180000)
  to   space 9216K, 0% used [0x00000000f0280000,0x00000000f0280000,0x00000000f0b80000)
 ParOldGen       total 53248K, used 33158K [0x00000000a0000000, 0x00000000a3400000, 0x00000000e8000000)
  object space 53248K, 62% used [0x00000000a0000000,0x00000000a20618a8,0x00000000a3400000)
 Metaspace       used 49161K, capacity 49642K, committed 50048K, reserved 1093632K
  class space    used 6318K, capacity 6462K, committed 6528K, reserved 1048576K
Event: 499.653 GC heap after
Heap after GC invocations=36 (full 2):
 PSYoungGen      total 119808K, used 4667K [0x00000000e8000000, 0x00000000f0780000, 0x0000000100000000)
  eden space 114688K, 0% used [0x00000000e8000000,0x00000000e8000000,0x00000000ef000000)
  from space 5120K, 91% used [0x00000000f0280000,0x00000000f070edc0,0x00000000f0780000)
  to   space 8704K, 0% used [0x00000000ef680000,0x00000000ef680000,0x00000000eff00000)
 ParOldGen       total 53248K, used 33166K [0x00000000a0000000, 0x00000000a3400000, 0x00000000e8000000)
  object space 53248K, 62% used [0x00000000a0000000,0x00000000a20638a8,0x00000000a3400000)
 Metaspace       used 49161K, capacity 49642K, committed 50048K, reserved 1093632K
  class space    used 6318K, capacity 6462K, committed 6528K, reserved 1048576K
}
Event: 1219.308 GC heap before
{Heap before GC invocations=37 (full 2):
 PSYoungGen      total 119808K, used 119355K [0x00000000e8000000, 0x00000000f0780000, 0x0000000100000000)
  eden space 114688K, 100% used [0x00000000e8000000,0x00000000ef000000,0x00000000ef000000)
  from space 5120K, 91% used [0x00000000f0280000,0x00000000f070edc0,0x00000000f0780000)
  to   space 8704K, 0% used [0x00000000ef680000,0x00000000ef680000,0x00000000eff00000)
 ParOldGen       total 53248K, used 33166K [0x00000000a0000000, 0x00000000a3400000, 0x00000000e8000000)
  object space 53248K, 62% used [0x00000000a0000000,0x00000000a20638a8,0x00000000a3400000)
 Metaspace       used 49200K, capacity 49706K, committed 50048K, reserved 1093632K
  class space    used 6324K, capacity 6462K, committed 6528K, reserved 1048576K
Event: 1219.312 GC heap after
Heap after GC invocations=37 (full 2):
 PSYoungGen      total 115200K, used 4811K [0x00000000e8000000, 0x00000000f0300000, 0x0000000100000000)
  eden space 110080K, 0% used [0x00000000e8000000,0x00000000e8000000,0x00000000eeb80000)
  from space 5120K, 93% used [0x00000000ef680000,0x00000000efb32de0,0x00000000efb80000)
  to   space 7680K, 0% used [0x00000000efb80000,0x00000000efb80000,0x00000000f0300000)
 ParOldGen       total 53248K, used 33166K [0x00000000a0000000, 0x00000000a3400000, 0x00000000e8000000)
  object space 53248K, 62% used [0x00000000a0000000,0x00000000a20638a8,0x00000000a3400000)
 Metaspace       used 49200K, capacity 49706K, committed 50048K, reserved 1093632K
  class space    used 6324K, capacity 6462K, committed 6528K, reserved 1048576K
}

