# JRE version: Java(TM) SE Runtime Environment (8.0_202-b08) (build 1.8.0_202-b08)
# Java VM: Java HotSpot(TM) 64-Bit Server VM (25.202-b08 mixed mode windows-amd64 compressed oops)
Heap:
 PSYoungGen      total 149504K, used 125412K [0x00000000e8000000, 0x00000000f3100000, 0x0000000100000000)
  eden space 148992K, 84% used [0x00000000e8000000,0x00000000efa392b0,0x00000000f1180000)
  from space 512K, 50% used [0x00000000f3080000,0x00000000f30c0000,0x00000000f3100000)
  to   space 8704K, 0% used [0x00000000f2000000,0x00000000f2000000,0x00000000f2880000)
 ParOldGen       total 49152K, used 34855K [0x00000000a0000000, 0x00000000a3000000, 0x00000000e8000000)
  object space 49152K, 70% used [0x00000000a0000000,0x00000000a2209de8,0x00000000a3000000)
 Metaspace       used 49640K, capacity 50178K, committed 50432K, reserved 1093632K
  class space    used 6470K, capacity 6610K, committed 6656K, reserved 1048576K
GC Heap History (10 events):
Event: 299.559 GC heap before
{Heap before GC invocations=32 (full 2):
 PSYoungGen      total 186368K, used 185984K [0x00000000e8000000, 0x00000000f4d00000, 0x0000000100000000)
  eden space 185856K, 100% used [0x00000000e8000000,0x00000000f3580000,0x00000000f3580000)
  from space 512K, 25% used [0x00000000f3e00000,0x00000000f3e20000,0x00000000f3e80000)
  to   space 10752K, 0% used [0x00000000f4280000,0x00000000f4280000,0x00000000f4d00000)
 ParOldGen       total 49152K, used 34855K [0x00000000a0000000, 0x00000000a3000000, 0x00000000e8000000)
  object space 49152K, 70% used [0x00000000a0000000,0x00000000a2209de8,0x00000000a3000000)
 Metaspace       used 49087K, capacity 49570K, committed 50048K, reserved 1093632K
  class space    used 6312K, capacity 6450K, committed 6528K, reserved 1048576K
Event: 299.561 GC heap after
Heap after GC invocations=32 (full 2):
 PSYoungGen      total 178176K, used 160K [0x00000000e8000000, 0x00000000f4300000, 0x0000000100000000)
  eden space 177664K, 0% used [0x00000000e8000000,0x00000000e8000000,0x00000000f2d80000)
  from space 512K, 31% used [0x00000000f4280000,0x00000000f42a8000,0x00000000f4300000)
  to   space 10752K, 0% used [0x00000000f2e00000,0x00000000f2e00000,0x00000000f3880000)
 ParOldGen       total 49152K, used 34855K [0x00000000a0000000, 0x00000000a3000000, 0x00000000e8000000)
  object space 49152K, 70% used [0x00000000a0000000,0x00000000a2209de8,0x00000000a3000000)
 Metaspace       used 49087K, capacity 49570K, committed 50048K, reserved 1093632K
  class space    used 6312K, capacity 6450K, committed 6528K, reserved 1048576K
}
Event: 387.192 GC heap before
{Heap before GC invocations=33 (full 2):
 PSYoungGen      total 178176K, used 177824K [0x00000000e8000000, 0x00000000f4300000, 0x0000000100000000)
  eden space 177664K, 100% used [0x00000000e8000000,0x00000000f2d80000,0x00000000f2d80000)
  from space 512K, 31% used [0x00000000f4280000,0x00000000f42a8000,0x00000000f4300000)
  to   space 10752K, 0% used [0x00000000f2e00000,0x00000000f2e00000,0x00000000f3880000)
 ParOldGen       total 49152K, used 34855K [0x00000000a0000000, 0x00000000a3000000, 0x00000000e8000000)
  object space 49152K, 70% used [0x00000000a0000000,0x00000000a2209de8,0x00000000a3000000)
 Metaspace       used 49087K, capacity 49570K, committed 50048K, reserved 1093632K
  class space    used 6312K, capacity 6450K, committed 6528K, reserved 1048576K
Event: 387.193 GC heap after
Heap after GC invocations=33 (full 2):
 PSYoungGen      total 180736K, used 128K [0x00000000e8000000, 0x00000000f4300000, 0x0000000100000000)
  eden space 169984K, 0% used [0x00000000e8000000,0x00000000e8000000,0x00000000f2600000)
  from space 10752K, 1% used [0x00000000f2e00000,0x00000000f2e20000,0x00000000f3880000)
  to   space 10240K, 0% used [0x00000000f3900000,0x00000000f3900000,0x00000000f4300000)
 ParOldGen       total 49152K, used 34855K [0x00000000a0000000, 0x00000000a3000000, 0x00000000e8000000)
  object space 49152K, 70% used [0x00000000a0000000,0x00000000a2209de8,0x00000000a3000000)
 Metaspace       used 49087K, capacity 49570K, committed 50048K, reserved 1093632K
  class space    used 6312K, capacity 6450K, committed 6528K, reserved 1048576K
}
Event: 471.070 GC heap before
{Heap before GC invocations=34 (full 2):
 PSYoungGen      total 180736K, used 170112K [0x00000000e8000000, 0x00000000f4300000, 0x0000000100000000)
  eden space 169984K, 100% used [0x00000000e8000000,0x00000000f2600000,0x00000000f2600000)
  from space 10752K, 1% used [0x00000000f2e00000,0x00000000f2e20000,0x00000000f3880000)
  to   space 10240K, 0% used [0x00000000f3900000,0x00000000f3900000,0x00000000f4300000)
 ParOldGen       total 49152K, used 34855K [0x00000000a0000000, 0x00000000a3000000, 0x00000000e8000000)
  object space 49152K, 70% used [0x00000000a0000000,0x00000000a2209de8,0x00000000a3000000)
 Metaspace       used 49087K, capacity 49570K, committed 50048K, reserved 1093632K
  class space    used 6312K, capacity 6450K, committed 6528K, reserved 1048576K
Event: 471.072 GC heap after
Heap after GC invocations=34 (full 2):
 PSYoungGen      total 163328K, used 160K [0x00000000e8000000, 0x00000000f3980000, 0x0000000100000000)
  eden space 162816K, 0% used [0x00000000e8000000,0x00000000e8000000,0x00000000f1f00000)
  from space 512K, 31% used [0x00000000f3900000,0x00000000f3928000,0x00000000f3980000)
  to   space 9728K, 0% used [0x00000000f2680000,0x00000000f2680000,0x00000000f3000000)
 ParOldGen       total 49152K, used 34855K [0x00000000a0000000, 0x00000000a3000000, 0x00000000e8000000)
  object space 49152K, 70% used [0x00000000a0000000,0x00000000a2209de8,0x00000000a3000000)
 Metaspace       used 49087K, capacity 49570K, committed 50048K, reserved 1093632K
  class space    used 6312K, capacity 6450K, committed 6528K, reserved 1048576K
}
Event: 551.217 GC heap before
{Heap before GC invocations=35 (full 2):
 PSYoungGen      total 163328K, used 162976K [0x00000000e8000000, 0x00000000f3980000, 0x0000000100000000)
  eden space 162816K, 100% used [0x00000000e8000000,0x00000000f1f00000,0x00000000f1f00000)
  from space 512K, 31% used [0x00000000f3900000,0x00000000f3928000,0x00000000f3980000)
  to   space 9728K, 0% used [0x00000000f2680000,0x00000000f2680000,0x00000000f3000000)
 ParOldGen       total 49152K, used 34855K [0x00000000a0000000, 0x00000000a3000000, 0x00000000e8000000)
  object space 49152K, 70% used [0x00000000a0000000,0x00000000a2209de8,0x00000000a3000000)
 Metaspace       used 49087K, capacity 49570K, committed 50048K, reserved 1093632K
  class space    used 6312K, capacity 6450K, committed 6528K, reserved 1048576K
Event: 551.219 GC heap after
Heap after GC invocations=35 (full 2):
 PSYoungGen      total 165376K, used 160K [0x00000000e8000000, 0x00000000f3980000, 0x0000000100000000)
  eden space 155648K, 0% used [0x00000000e8000000,0x00000000e8000000,0x00000000f1800000)
  from space 9728K, 1% used [0x00000000f2680000,0x00000000f26a8000,0x00000000f3000000)
  to   space 9216K, 0% used [0x00000000f3080000,0x00000000f3080000,0x00000000f3980000)
 ParOldGen       total 49152K, used 34855K [0x00000000a0000000, 0x00000000a3000000, 0x00000000e8000000)
  object space 49152K, 70% used [0x00000000a0000000,0x00000000a2209de8,0x00000000a3000000)
 Metaspace       used 49087K, capacity 49570K, committed 50048K, reserved 1093632K
  class space    used 6312K, capacity 6450K, committed 6528K, reserved 1048576K
}
Event: 755.961 GC heap before
{Heap before GC invocations=36 (full 2):
 PSYoungGen      total 165376K, used 155808K [0x00000000e8000000, 0x00000000f3980000, 0x0000000100000000)
  eden space 155648K, 100% used [0x00000000e8000000,0x00000000f1800000,0x00000000f1800000)
  from space 9728K, 1% used [0x00000000f2680000,0x00000000f26a8000,0x00000000f3000000)
  to   space 9216K, 0% used [0x00000000f3080000,0x00000000f3080000,0x00000000f3980000)
 ParOldGen       total 49152K, used 34855K [0x00000000a0000000, 0x00000000a3000000, 0x00000000e8000000)
  object space 49152K, 70% used [0x00000000a0000000,0x00000000a2209de8,0x00000000a3000000)
 Metaspace       used 49146K, capacity 49666K, committed 50048K, reserved 1093632K
  class space    used 6322K, capacity 6482K, committed 6528K, reserved 1048576K
Event: 755.963 GC heap after
Heap after GC invocations=36 (full 2):
 PSYoungGen      total 149504K, used 256K [0x00000000e8000000, 0x00000000f3100000, 0x0000000100000000)
  eden space 148992K, 0% used [0x00000000e8000000,0x00000000e8000000,0x00000000f1180000)
  from space 512K, 50% used [0x00000000f3080000,0x00000000f30c0000,0x00000000f3100000)
  to   space 8704K, 0% used [0x00000000f2000000,0x00000000f2000000,0x00000000f2880000)
 ParOldGen       total 49152K, used 34855K [0x00000000a0000000, 0x00000000a3000000, 0x00000000e8000000)
  object space 49152K, 70% used [0x00000000a0000000,0x00000000a2209de8,0x00000000a3000000)
 Metaspace       used 49146K, capacity 49666K, committed 50048K, reserved 1093632K
  class space    used 6322K, capacity 6482K, committed 6528K, reserved 1048576K
}

