# JRE version: Java(TM) SE Runtime Environment (8.0_202-b08) (build 1.8.0_202-b08)
# Java VM: Java HotSpot(TM) 64-Bit Server VM (25.202-b08 mixed mode windows-amd64 compressed oops)
Heap:
 PSYoungGen      total 107008K, used 42175K [0x0000000740a00000, 0x0000000747f80000, 0x00000007c0000000)
  eden space 102912K, 38% used [0x0000000740a00000,0x0000000743116968,0x0000000746e80000)
  from space 4096K, 52% used [0x0000000747b80000,0x0000000747d99570,0x0000000747f80000)
  to   space 8704K, 0% used [0x0000000746e80000,0x0000000746e80000,0x0000000747700000)
 ParOldGen       total 53248K, used 38311K [0x00000005c2800000, 0x00000005c5c00000, 0x0000000740a00000)
  object space 53248K, 71% used [0x00000005c2800000,0x00000005c4d69d28,0x00000005c5c00000)
 Metaspace       used 49198K, capacity 49698K, committed 49920K, reserved 1093632K
  class space    used 6437K, capacity 6578K, committed 6656K, reserved 1048576K
GC Heap History (10 events):
Event: 10.975 GC heap before
{Heap before GC invocations=32 (full 2):
 PSYoungGen      total 104960K, used 96325K [0x0000000740a00000, 0x0000000748400000, 0x00000007c0000000)
  eden space 94208K, 100% used [0x0000000740a00000,0x0000000746600000,0x0000000746600000)
  from space 10752K, 19% used [0x0000000746600000,0x0000000746811590,0x0000000747080000)
  to   space 10240K, 0% used [0x0000000747a00000,0x0000000747a00000,0x0000000748400000)
 ParOldGen       total 53248K, used 38295K [0x00000005c2800000, 0x00000005c5c00000, 0x0000000740a00000)
  object space 53248K, 71% used [0x00000005c2800000,0x00000005c4d65d28,0x00000005c5c00000)
 Metaspace       used 48224K, capacity 48706K, committed 49024K, reserved 1091584K
  class space    used 6275K, capacity 6418K, committed 6528K, reserved 1048576K
Event: 10.976 GC heap after
Heap after GC invocations=32 (full 2):
 PSYoungGen      total 112640K, used 1170K [0x0000000740a00000, 0x0000000748300000, 0x00000007c0000000)
  eden space 103424K, 0% used [0x0000000740a00000,0x0000000740a00000,0x0000000746f00000)
  from space 9216K, 12% used [0x0000000747a00000,0x0000000747b24ab0,0x0000000748300000)
  to   space 10240K, 0% used [0x0000000746f00000,0x0000000746f00000,0x0000000747900000)
 ParOldGen       total 53248K, used 38303K [0x00000005c2800000, 0x00000005c5c00000, 0x0000000740a00000)
  object space 53248K, 71% used [0x00000005c2800000,0x00000005c4d67d28,0x00000005c5c00000)
 Metaspace       used 48224K, capacity 48706K, committed 49024K, reserved 1091584K
  class space    used 6275K, capacity 6418K, committed 6528K, reserved 1048576K
}
Event: 14.835 GC heap before
{Heap before GC invocations=33 (full 2):
 PSYoungGen      total 112640K, used 104594K [0x0000000740a00000, 0x0000000748300000, 0x00000007c0000000)
  eden space 103424K, 100% used [0x0000000740a00000,0x0000000746f00000,0x0000000746f00000)
  from space 9216K, 12% used [0x0000000747a00000,0x0000000747b24ab0,0x0000000748300000)
  to   space 10240K, 0% used [0x0000000746f00000,0x0000000746f00000,0x0000000747900000)
 ParOldGen       total 53248K, used 38303K [0x00000005c2800000, 0x00000005c5c00000, 0x0000000740a00000)
  object space 53248K, 71% used [0x00000005c2800000,0x00000005c4d67d28,0x00000005c5c00000)
 Metaspace       used 48608K, capacity 49090K, committed 49536K, reserved 1091584K
  class space    used 6281K, capacity 6418K, committed 6528K, reserved 1048576K
Event: 14.837 GC heap after
Heap after GC invocations=33 (full 2):
 PSYoungGen      total 113664K, used 1598K [0x0000000740a00000, 0x0000000748a80000, 0x00000007c0000000)
  eden space 103424K, 0% used [0x0000000740a00000,0x0000000740a00000,0x0000000746f00000)
  from space 10240K, 15% used [0x0000000746f00000,0x000000074708fb00,0x0000000747900000)
  to   space 9728K, 0% used [0x0000000748100000,0x0000000748100000,0x0000000748a80000)
 ParOldGen       total 53248K, used 38311K [0x00000005c2800000, 0x00000005c5c00000, 0x0000000740a00000)
  object space 53248K, 71% used [0x00000005c2800000,0x00000005c4d69d28,0x00000005c5c00000)
 Metaspace       used 48608K, capacity 49090K, committed 49536K, reserved 1091584K
  class space    used 6281K, capacity 6418K, committed 6528K, reserved 1048576K
}
Event: 15.172 GC heap before
{Heap before GC invocations=34 (full 2):
 PSYoungGen      total 113664K, used 105022K [0x0000000740a00000, 0x0000000748a80000, 0x00000007c0000000)
  eden space 103424K, 100% used [0x0000000740a00000,0x0000000746f00000,0x0000000746f00000)
  from space 10240K, 15% used [0x0000000746f00000,0x000000074708fb00,0x0000000747900000)
  to   space 9728K, 0% used [0x0000000748100000,0x0000000748100000,0x0000000748a80000)
 ParOldGen       total 53248K, used 38311K [0x00000005c2800000, 0x00000005c5c00000, 0x0000000740a00000)
  object space 53248K, 71% used [0x00000005c2800000,0x00000005c4d69d28,0x00000005c5c00000)
 Metaspace       used 48630K, capacity 49122K, committed 49536K, reserved 1091584K
  class space    used 6285K, capacity 6450K, committed 6528K, reserved 1048576K
Event: 15.174 GC heap after
Heap after GC invocations=34 (full 2):
 PSYoungGen      total 120832K, used 1822K [0x0000000740a00000, 0x0000000748a00000, 0x00000007c0000000)
  eden space 111616K, 0% used [0x0000000740a00000,0x0000000740a00000,0x0000000747700000)
  from space 9216K, 19% used [0x0000000748100000,0x00000007482c7b10,0x0000000748a00000)
  to   space 9728K, 0% used [0x0000000747700000,0x0000000747700000,0x0000000748080000)
 ParOldGen       total 53248K, used 38311K [0x00000005c2800000, 0x00000005c5c00000, 0x0000000740a00000)
  object space 53248K, 71% used [0x00000005c2800000,0x00000005c4d69d28,0x00000005c5c00000)
 Metaspace       used 48630K, capacity 49122K, committed 49536K, reserved 1091584K
  class space    used 6285K, capacity 6450K, committed 6528K, reserved 1048576K
}
Event: 699.241 GC heap before
{Heap before GC invocations=35 (full 2):
 PSYoungGen      total 120832K, used 113438K [0x0000000740a00000, 0x0000000748a00000, 0x00000007c0000000)
  eden space 111616K, 100% used [0x0000000740a00000,0x0000000747700000,0x0000000747700000)
  from space 9216K, 19% used [0x0000000748100000,0x00000007482c7b10,0x0000000748a00000)
  to   space 9728K, 0% used [0x0000000747700000,0x0000000747700000,0x0000000748080000)
 ParOldGen       total 53248K, used 38311K [0x00000005c2800000, 0x00000005c5c00000, 0x0000000740a00000)
  object space 53248K, 71% used [0x00000005c2800000,0x00000005c4d69d28,0x00000005c5c00000)
 Metaspace       used 48694K, capacity 49186K, committed 49536K, reserved 1091584K
  class space    used 6286K, capacity 6450K, committed 6528K, reserved 1048576K
Event: 699.243 GC heap after
Heap after GC invocations=35 (full 2):
 PSYoungGen      total 109056K, used 1817K [0x0000000740a00000, 0x0000000748480000, 0x00000007c0000000)
  eden space 107008K, 0% used [0x0000000740a00000,0x0000000740a00000,0x0000000747280000)
  from space 2048K, 88% used [0x0000000747700000,0x00000007478c6520,0x0000000747900000)
  to   space 9216K, 0% used [0x0000000747b80000,0x0000000747b80000,0x0000000748480000)
 ParOldGen       total 53248K, used 38311K [0x00000005c2800000, 0x00000005c5c00000, 0x0000000740a00000)
  object space 53248K, 71% used [0x00000005c2800000,0x00000005c4d69d28,0x00000005c5c00000)
 Metaspace       used 48694K, capacity 49186K, committed 49536K, reserved 1091584K
  class space    used 6286K, capacity 6450K, committed 6528K, reserved 1048576K
}
Event: 734.946 GC heap before
{Heap before GC invocations=36 (full 2):
 PSYoungGen      total 109056K, used 108825K [0x0000000740a00000, 0x0000000748480000, 0x00000007c0000000)
  eden space 107008K, 100% used [0x0000000740a00000,0x0000000747280000,0x0000000747280000)
  from space 2048K, 88% used [0x0000000747700000,0x00000007478c6520,0x0000000747900000)
  to   space 9216K, 0% used [0x0000000747b80000,0x0000000747b80000,0x0000000748480000)
 ParOldGen       total 53248K, used 38311K [0x00000005c2800000, 0x00000005c5c00000, 0x0000000740a00000)
  object space 53248K, 71% used [0x00000005c2800000,0x00000005c4d69d28,0x00000005c5c00000)
 Metaspace       used 48698K, capacity 49186K, committed 49536K, reserved 1091584K
  class space    used 6286K, capacity 6450K, committed 6528K, reserved 1048576K
Event: 734.948 GC heap after
Heap after GC invocations=36 (full 2):
 PSYoungGen      total 107008K, used 2149K [0x0000000740a00000, 0x0000000747f80000, 0x00000007c0000000)
  eden space 102912K, 0% used [0x0000000740a00000,0x0000000740a00000,0x0000000746e80000)
  from space 4096K, 52% used [0x0000000747b80000,0x0000000747d99570,0x0000000747f80000)
  to   space 8704K, 0% used [0x0000000746e80000,0x0000000746e80000,0x0000000747700000)
 ParOldGen       total 53248K, used 38311K [0x00000005c2800000, 0x00000005c5c00000, 0x0000000740a00000)
  object space 53248K, 71% used [0x00000005c2800000,0x00000005c4d69d28,0x00000005c5c00000)
 Metaspace       used 48698K, capacity 49186K, committed 49536K, reserved 1091584K
  class space    used 6286K, capacity 6450K, committed 6528K, reserved 1048576K
}

