# JRE version: Java(TM) SE Runtime Environment (8.0_202-b08) (build 1.8.0_202-b08)
# Java VM: Java HotSpot(TM) 64-Bit Server VM (25.202-b08 mixed mode windows-amd64 compressed oops)
Heap:
 PSYoungGen      total 22528K, used 16938K [0x0000000740a00000, 0x0000000745900000, 0x00000007c0000000)
  eden space 22016K, 76% used [0x0000000740a00000,0x0000000741a62ac0,0x0000000741f80000)
  from space 512K, 31% used [0x0000000745880000,0x00000007458a8000,0x0000000745900000)
  to   space 512K, 0% used [0x0000000745800000,0x0000000745800000,0x0000000745880000)
 ParOldGen       total 51712K, used 38360K [0x00000005c2800000, 0x00000005c5a80000, 0x0000000740a00000)
  object space 51712K, 74% used [0x00000005c2800000,0x00000005c4d76118,0x00000005c5a80000)
 Metaspace       used 49257K, capacity 49692K, committed 49920K, reserved 1093632K
  class space    used 6439K, capacity 6577K, committed 6656K, reserved 1048576K
GC Heap History (10 events):
Event: 2366.527 GC heap before
{Heap before GC invocations=242 (full 2):
 PSYoungGen      total 22528K, used 22176K [0x0000000740a00000, 0x0000000745900000, 0x00000007c0000000)
  eden space 22016K, 100% used [0x0000000740a00000,0x0000000741f80000,0x0000000741f80000)
  from space 512K, 31% used [0x0000000745800000,0x0000000745828000,0x0000000745880000)
  to   space 512K, 0% used [0x0000000745880000,0x0000000745880000,0x0000000745900000)
 ParOldGen       total 51712K, used 38352K [0x00000005c2800000, 0x00000005c5a80000, 0x0000000740a00000)
  object space 51712K, 74% used [0x00000005c2800000,0x00000005c4d740e8,0x00000005c5a80000)
 Metaspace       used 48763K, capacity 49244K, committed 49536K, reserved 1091584K
  class space    used 6287K, capacity 6449K, committed 6528K, reserved 1048576K
Event: 2366.528 GC heap after
Heap after GC invocations=242 (full 2):
 PSYoungGen      total 22528K, used 128K [0x0000000740a00000, 0x0000000745900000, 0x00000007c0000000)
  eden space 22016K, 0% used [0x0000000740a00000,0x0000000740a00000,0x0000000741f80000)
  from space 512K, 25% used [0x0000000745880000,0x00000007458a0000,0x0000000745900000)
  to   space 512K, 0% used [0x0000000745800000,0x0000000745800000,0x0000000745880000)
 ParOldGen       total 51712K, used 38352K [0x00000005c2800000, 0x00000005c5a80000, 0x0000000740a00000)
  object space 51712K, 74% used [0x00000005c2800000,0x00000005c4d740e8,0x00000005c5a80000)
 Metaspace       used 48763K, capacity 49244K, committed 49536K, reserved 1091584K
  class space    used 6287K, capacity 6449K, committed 6528K, reserved 1048576K
}
Event: 2373.177 GC heap before
{Heap before GC invocations=243 (full 2):
 PSYoungGen      total 22528K, used 22144K [0x0000000740a00000, 0x0000000745900000, 0x00000007c0000000)
  eden space 22016K, 100% used [0x0000000740a00000,0x0000000741f80000,0x0000000741f80000)
  from space 512K, 25% used [0x0000000745880000,0x00000007458a0000,0x0000000745900000)
  to   space 512K, 0% used [0x0000000745800000,0x0000000745800000,0x0000000745880000)
 ParOldGen       total 51712K, used 38352K [0x00000005c2800000, 0x00000005c5a80000, 0x0000000740a00000)
  object space 51712K, 74% used [0x00000005c2800000,0x00000005c4d740e8,0x00000005c5a80000)
 Metaspace       used 48763K, capacity 49244K, committed 49536K, reserved 1091584K
  class space    used 6287K, capacity 6449K, committed 6528K, reserved 1048576K
Event: 2373.178 GC heap after
Heap after GC invocations=243 (full 2):
 PSYoungGen      total 22528K, used 160K [0x0000000740a00000, 0x0000000745900000, 0x00000007c0000000)
  eden space 22016K, 0% used [0x0000000740a00000,0x0000000740a00000,0x0000000741f80000)
  from space 512K, 31% used [0x0000000745800000,0x0000000745828000,0x0000000745880000)
  to   space 512K, 0% used [0x0000000745880000,0x0000000745880000,0x0000000745900000)
 ParOldGen       total 51712K, used 38352K [0x00000005c2800000, 0x00000005c5a80000, 0x0000000740a00000)
  object space 51712K, 74% used [0x00000005c2800000,0x00000005c4d740e8,0x00000005c5a80000)
 Metaspace       used 48763K, capacity 49244K, committed 49536K, reserved 1091584K
  class space    used 6287K, capacity 6449K, committed 6528K, reserved 1048576K
}
Event: 2379.726 GC heap before
{Heap before GC invocations=244 (full 2):
 PSYoungGen      total 22528K, used 22176K [0x0000000740a00000, 0x0000000745900000, 0x00000007c0000000)
  eden space 22016K, 100% used [0x0000000740a00000,0x0000000741f80000,0x0000000741f80000)
  from space 512K, 31% used [0x0000000745800000,0x0000000745828000,0x0000000745880000)
  to   space 512K, 0% used [0x0000000745880000,0x0000000745880000,0x0000000745900000)
 ParOldGen       total 51712K, used 38356K [0x00000005c2800000, 0x00000005c5a80000, 0x0000000740a00000)
  object space 51712K, 74% used [0x00000005c2800000,0x00000005c4d75098,0x00000005c5a80000)
 Metaspace       used 48763K, capacity 49244K, committed 49536K, reserved 1091584K
  class space    used 6287K, capacity 6449K, committed 6528K, reserved 1048576K
Event: 2379.727 GC heap after
Heap after GC invocations=244 (full 2):
 PSYoungGen      total 22528K, used 224K [0x0000000740a00000, 0x0000000745900000, 0x00000007c0000000)
  eden space 22016K, 0% used [0x0000000740a00000,0x0000000740a00000,0x0000000741f80000)
  from space 512K, 43% used [0x0000000745880000,0x00000007458b8000,0x0000000745900000)
  to   space 512K, 0% used [0x0000000745800000,0x0000000745800000,0x0000000745880000)
 ParOldGen       total 51712K, used 38356K [0x00000005c2800000, 0x00000005c5a80000, 0x0000000740a00000)
  object space 51712K, 74% used [0x00000005c2800000,0x00000005c4d75098,0x00000005c5a80000)
 Metaspace       used 48763K, capacity 49244K, committed 49536K, reserved 1091584K
  class space    used 6287K, capacity 6449K, committed 6528K, reserved 1048576K
}
Event: 2386.226 GC heap before
{Heap before GC invocations=245 (full 2):
 PSYoungGen      total 22528K, used 22240K [0x0000000740a00000, 0x0000000745900000, 0x00000007c0000000)
  eden space 22016K, 100% used [0x0000000740a00000,0x0000000741f80000,0x0000000741f80000)
  from space 512K, 43% used [0x0000000745880000,0x00000007458b8000,0x0000000745900000)
  to   space 512K, 0% used [0x0000000745800000,0x0000000745800000,0x0000000745880000)
 ParOldGen       total 51712K, used 38360K [0x00000005c2800000, 0x00000005c5a80000, 0x0000000740a00000)
  object space 51712K, 74% used [0x00000005c2800000,0x00000005c4d76118,0x00000005c5a80000)
 Metaspace       used 48763K, capacity 49244K, committed 49536K, reserved 1091584K
  class space    used 6287K, capacity 6449K, committed 6528K, reserved 1048576K
Event: 2386.228 GC heap after
Heap after GC invocations=245 (full 2):
 PSYoungGen      total 22528K, used 192K [0x0000000740a00000, 0x0000000745900000, 0x00000007c0000000)
  eden space 22016K, 0% used [0x0000000740a00000,0x0000000740a00000,0x0000000741f80000)
  from space 512K, 37% used [0x0000000745800000,0x0000000745830000,0x0000000745880000)
  to   space 512K, 0% used [0x0000000745880000,0x0000000745880000,0x0000000745900000)
 ParOldGen       total 51712K, used 38360K [0x00000005c2800000, 0x00000005c5a80000, 0x0000000740a00000)
  object space 51712K, 74% used [0x00000005c2800000,0x00000005c4d76118,0x00000005c5a80000)
 Metaspace       used 48763K, capacity 49244K, committed 49536K, reserved 1091584K
  class space    used 6287K, capacity 6449K, committed 6528K, reserved 1048576K
}
Event: 2392.793 GC heap before
{Heap before GC invocations=246 (full 2):
 PSYoungGen      total 22528K, used 22208K [0x0000000740a00000, 0x0000000745900000, 0x00000007c0000000)
  eden space 22016K, 100% used [0x0000000740a00000,0x0000000741f80000,0x0000000741f80000)
  from space 512K, 37% used [0x0000000745800000,0x0000000745830000,0x0000000745880000)
  to   space 512K, 0% used [0x0000000745880000,0x0000000745880000,0x0000000745900000)
 ParOldGen       total 51712K, used 38360K [0x00000005c2800000, 0x00000005c5a80000, 0x0000000740a00000)
  object space 51712K, 74% used [0x00000005c2800000,0x00000005c4d76118,0x00000005c5a80000)
 Metaspace       used 48763K, capacity 49244K, committed 49536K, reserved 1091584K
  class space    used 6287K, capacity 6449K, committed 6528K, reserved 1048576K
Event: 2392.794 GC heap after
Heap after GC invocations=246 (full 2):
 PSYoungGen      total 22528K, used 160K [0x0000000740a00000, 0x0000000745900000, 0x00000007c0000000)
  eden space 22016K, 0% used [0x0000000740a00000,0x0000000740a00000,0x0000000741f80000)
  from space 512K, 31% used [0x0000000745880000,0x00000007458a8000,0x0000000745900000)
  to   space 512K, 0% used [0x0000000745800000,0x0000000745800000,0x0000000745880000)
 ParOldGen       total 51712K, used 38360K [0x00000005c2800000, 0x00000005c5a80000, 0x0000000740a00000)
  object space 51712K, 74% used [0x00000005c2800000,0x00000005c4d76118,0x00000005c5a80000)
 Metaspace       used 48763K, capacity 49244K, committed 49536K, reserved 1091584K
  class space    used 6287K, capacity 6449K, committed 6528K, reserved 1048576K
}

