# JRE version: Java(TM) SE Runtime Environment (8.0_202-b08) (build 1.8.0_202-b08)
# Java VM: Java HotSpot(TM) 64-Bit Server VM (25.202-b08 mixed mode windows-amd64 compressed oops)
Heap:
 PSYoungGen      total 143360K, used 47203K [0x00000000e8000000, 0x00000000f1680000, 0x0000000100000000)
  eden space 134656K, 34% used [0x00000000e8000000,0x00000000ead98f60,0x00000000f0380000)
  from space 8704K, 5% used [0x00000000f0e00000,0x00000000f0e80020,0x00000000f1680000)
  to   space 9728K, 0% used [0x00000000f0380000,0x00000000f0380000,0x00000000f0d00000)
 ParOldGen       total 49152K, used 35082K [0x00000000a0000000, 0x00000000a3000000, 0x00000000e8000000)
  object space 49152K, 71% used [0x00000000a0000000,0x00000000a2242a98,0x00000000a3000000)
 Metaspace       used 49316K, capacity 49862K, committed 50176K, reserved 1093632K
  class space    used 6440K, capacity 6584K, committed 6656K, reserved 1048576K
GC Heap History (10 events):
Event: 17.931 GC heap before
{Heap before GC invocations=26 (full 2):
 PSYoungGen      total 93696K, used 91107K [0x00000000e8000000, 0x00000000efb80000, 0x0000000100000000)
  eden space 83968K, 100% used [0x00000000e8000000,0x00000000ed200000,0x00000000ed200000)
  from space 9728K, 73% used [0x00000000ed200000,0x00000000ed8f8d88,0x00000000edb80000)
  to   space 10240K, 0% used [0x00000000ef180000,0x00000000ef180000,0x00000000efb80000)
 ParOldGen       total 49152K, used 30197K [0x00000000a0000000, 0x00000000a3000000, 0x00000000e8000000)
  object space 49152K, 61% used [0x00000000a0000000,0x00000000a1d7d660,0x00000000a3000000)
 Metaspace       used 48344K, capacity 48806K, committed 49024K, reserved 1091584K
  class space    used 6279K, capacity 6424K, committed 6528K, reserved 1048576K
Event: 17.934 GC heap after
Heap after GC invocations=26 (full 2):
 PSYoungGen      total 113152K, used 1703K [0x00000000e8000000, 0x00000000efa00000, 0x0000000100000000)
  eden space 104448K, 0% used [0x00000000e8000000,0x00000000e8000000,0x00000000ee600000)
  from space 8704K, 19% used [0x00000000ef180000,0x00000000ef329ea0,0x00000000efa00000)
  to   space 10240K, 0% used [0x00000000ee600000,0x00000000ee600000,0x00000000ef000000)
 ParOldGen       total 49152K, used 34044K [0x00000000a0000000, 0x00000000a3000000, 0x00000000e8000000)
  object space 49152K, 69% used [0x00000000a0000000,0x00000000a213f0f0,0x00000000a3000000)
 Metaspace       used 48344K, capacity 48806K, committed 49024K, reserved 1091584K
  class space    used 6279K, capacity 6424K, committed 6528K, reserved 1048576K
}
Event: 18.370 GC heap before
{Heap before GC invocations=27 (full 2):
 PSYoungGen      total 113152K, used 106151K [0x00000000e8000000, 0x00000000efa00000, 0x0000000100000000)
  eden space 104448K, 100% used [0x00000000e8000000,0x00000000ee600000,0x00000000ee600000)
  from space 8704K, 19% used [0x00000000ef180000,0x00000000ef329ea0,0x00000000efa00000)
  to   space 10240K, 0% used [0x00000000ee600000,0x00000000ee600000,0x00000000ef000000)
 ParOldGen       total 49152K, used 34044K [0x00000000a0000000, 0x00000000a3000000, 0x00000000e8000000)
  object space 49152K, 69% used [0x00000000a0000000,0x00000000a213f0f0,0x00000000a3000000)
 Metaspace       used 48347K, capacity 48806K, committed 49024K, reserved 1091584K
  class space    used 6279K, capacity 6424K, committed 6528K, reserved 1048576K
Event: 18.371 GC heap after
Heap after GC invocations=27 (full 2):
 PSYoungGen      total 114688K, used 192K [0x00000000e8000000, 0x00000000f0b80000, 0x0000000100000000)
  eden space 104448K, 0% used [0x00000000e8000000,0x00000000e8000000,0x00000000ee600000)
  from space 10240K, 1% used [0x00000000ee600000,0x00000000ee630000,0x00000000ef000000)
  to   space 10240K, 0% used [0x00000000f0180000,0x00000000f0180000,0x00000000f0b80000)
 ParOldGen       total 49152K, used 34890K [0x00000000a0000000, 0x00000000a3000000, 0x00000000e8000000)
  object space 49152K, 70% used [0x00000000a0000000,0x00000000a2212a98,0x00000000a3000000)
 Metaspace       used 48347K, capacity 48806K, committed 49024K, reserved 1091584K
  class space    used 6279K, capacity 6424K, committed 6528K, reserved 1048576K
}
Event: 50.069 GC heap before
{Heap before GC invocations=28 (full 2):
 PSYoungGen      total 114688K, used 104640K [0x00000000e8000000, 0x00000000f0b80000, 0x0000000100000000)
  eden space 104448K, 100% used [0x00000000e8000000,0x00000000ee600000,0x00000000ee600000)
  from space 10240K, 1% used [0x00000000ee600000,0x00000000ee630000,0x00000000ef000000)
  to   space 10240K, 0% used [0x00000000f0180000,0x00000000f0180000,0x00000000f0b80000)
 ParOldGen       total 49152K, used 34890K [0x00000000a0000000, 0x00000000a3000000, 0x00000000e8000000)
  object space 49152K, 70% used [0x00000000a0000000,0x00000000a2212a98,0x00000000a3000000)
 Metaspace       used 48738K, capacity 49254K, committed 49536K, reserved 1091584K
  class space    used 6280K, capacity 6424K, committed 6528K, reserved 1048576K
Event: 50.072 GC heap after
Heap after GC invocations=28 (full 2):
 PSYoungGen      total 127488K, used 224K [0x00000000e8000000, 0x00000000f0900000, 0x0000000100000000)
  eden space 119808K, 0% used [0x00000000e8000000,0x00000000e8000000,0x00000000ef500000)
  from space 7680K, 2% used [0x00000000f0180000,0x00000000f01b8000,0x00000000f0900000)
  to   space 10240K, 0% used [0x00000000ef500000,0x00000000ef500000,0x00000000eff00000)
 ParOldGen       total 49152K, used 34970K [0x00000000a0000000, 0x00000000a3000000, 0x00000000e8000000)
  object space 49152K, 71% used [0x00000000a0000000,0x00000000a2226a98,0x00000000a3000000)
 Metaspace       used 48738K, capacity 49254K, committed 49536K, reserved 1091584K
  class space    used 6280K, capacity 6424K, committed 6528K, reserved 1048576K
}
Event: 60.964 GC heap before
{Heap before GC invocations=29 (full 2):
 PSYoungGen      total 127488K, used 120032K [0x00000000e8000000, 0x00000000f0900000, 0x0000000100000000)
  eden space 119808K, 100% used [0x00000000e8000000,0x00000000ef500000,0x00000000ef500000)
  from space 7680K, 2% used [0x00000000f0180000,0x00000000f01b8000,0x00000000f0900000)
  to   space 10240K, 0% used [0x00000000ef500000,0x00000000ef500000,0x00000000eff00000)
 ParOldGen       total 49152K, used 34970K [0x00000000a0000000, 0x00000000a3000000, 0x00000000e8000000)
  object space 49152K, 71% used [0x00000000a0000000,0x00000000a2226a98,0x00000000a3000000)
 Metaspace       used 48800K, capacity 49254K, committed 49536K, reserved 1091584K
  class space    used 6291K, capacity 6424K, committed 6528K, reserved 1048576K
Event: 60.966 GC heap after
Heap after GC invocations=29 (full 2):
 PSYoungGen      total 130048K, used 320K [0x00000000e8000000, 0x00000000f1800000, 0x0000000100000000)
  eden space 119808K, 0% used [0x00000000e8000000,0x00000000e8000000,0x00000000ef500000)
  from space 10240K, 3% used [0x00000000ef500000,0x00000000ef550010,0x00000000eff00000)
  to   space 10240K, 0% used [0x00000000f0e00000,0x00000000f0e00000,0x00000000f1800000)
 ParOldGen       total 49152K, used 35082K [0x00000000a0000000, 0x00000000a3000000, 0x00000000e8000000)
  object space 49152K, 71% used [0x00000000a0000000,0x00000000a2242a98,0x00000000a3000000)
 Metaspace       used 48800K, capacity 49254K, committed 49536K, reserved 1091584K
  class space    used 6291K, capacity 6424K, committed 6528K, reserved 1048576K
}
Event: 61.352 GC heap before
{Heap before GC invocations=30 (full 2):
 PSYoungGen      total 130048K, used 120128K [0x00000000e8000000, 0x00000000f1800000, 0x0000000100000000)
  eden space 119808K, 100% used [0x00000000e8000000,0x00000000ef500000,0x00000000ef500000)
  from space 10240K, 3% used [0x00000000ef500000,0x00000000ef550010,0x00000000eff00000)
  to   space 10240K, 0% used [0x00000000f0e00000,0x00000000f0e00000,0x00000000f1800000)
 ParOldGen       total 49152K, used 35082K [0x00000000a0000000, 0x00000000a3000000, 0x00000000e8000000)
  object space 49152K, 71% used [0x00000000a0000000,0x00000000a2242a98,0x00000000a3000000)
 Metaspace       used 48821K, capacity 49350K, committed 49536K, reserved 1091584K
  class space    used 6294K, capacity 6456K, committed 6528K, reserved 1048576K
Event: 61.353 GC heap after
Heap after GC invocations=30 (full 2):
 PSYoungGen      total 143360K, used 512K [0x00000000e8000000, 0x00000000f1680000, 0x0000000100000000)
  eden space 134656K, 0% used [0x00000000e8000000,0x00000000e8000000,0x00000000f0380000)
  from space 8704K, 5% used [0x00000000f0e00000,0x00000000f0e80020,0x00000000f1680000)
  to   space 9728K, 0% used [0x00000000f0380000,0x00000000f0380000,0x00000000f0d00000)
 ParOldGen       total 49152K, used 35082K [0x00000000a0000000, 0x00000000a3000000, 0x00000000e8000000)
  object space 49152K, 71% used [0x00000000a0000000,0x00000000a2242a98,0x00000000a3000000)
 Metaspace       used 48821K, capacity 49350K, committed 49536K, reserved 1091584K
  class space    used 6294K, capacity 6456K, committed 6528K, reserved 1048576K
}

