# JRE version: Java(TM) SE Runtime Environment (8.0_202-b08) (build 1.8.0_202-b08)
# Java VM: Java HotSpot(TM) 64-Bit Server VM (25.202-b08 mixed mode windows-amd64 compressed oops)
Heap:
 PSYoungGen      total 49664K, used 34913K [0x00000000e8000000, 0x00000000f1000000, 0x0000000100000000)
  eden space 48640K, 70% used [0x00000000e8000000,0x00000000ea1b04d8,0x00000000eaf80000)
  from space 1024K, 40% used [0x00000000f0e00000,0x00000000f0e68020,0x00000000f0f00000)
  to   space 1024K, 0% used [0x00000000f0f00000,0x00000000f0f00000,0x00000000f1000000)
 ParOldGen       total 49152K, used 34926K [0x00000000a0000000, 0x00000000a3000000, 0x00000000e8000000)
  object space 49152K, 71% used [0x00000000a0000000,0x00000000a221bbb8,0x00000000a3000000)
 Metaspace       used 49299K, capacity 49838K, committed 50164K, reserved 1093632K
  class space    used 6439K, capacity 6580K, committed 6656K, reserved 1048576K
GC Heap History (10 events):
Event: 1811.921 GC heap before
{Heap before GC invocations=89 (full 2):
 PSYoungGen      total 29696K, used 29536K [0x00000000e8000000, 0x00000000f1080000, 0x0000000100000000)
  eden space 29184K, 100% used [0x00000000e8000000,0x00000000e9c80000,0x00000000e9c80000)
  from space 512K, 68% used [0x00000000f1000000,0x00000000f1058020,0x00000000f1080000)
  to   space 512K, 0% used [0x00000000f0f80000,0x00000000f0f80000,0x00000000f1000000)
 ParOldGen       total 49152K, used 34870K [0x00000000a0000000, 0x00000000a3000000, 0x00000000e8000000)
  object space 49152K, 70% used [0x00000000a0000000,0x00000000a220dbb8,0x00000000a3000000)
 Metaspace       used 48786K, capacity 49230K, committed 49524K, reserved 1091584K
  class space    used 6289K, capacity 6420K, committed 6528K, reserved 1048576K
Event: 1811.922 GC heap after
Heap after GC invocations=89 (full 2):
 PSYoungGen      total 34304K, used 288K [0x00000000e8000000, 0x00000000f1080000, 0x0000000100000000)
  eden space 33792K, 0% used [0x00000000e8000000,0x00000000e8000000,0x00000000ea100000)
  from space 512K, 56% used [0x00000000f0f80000,0x00000000f0fc8010,0x00000000f1000000)
  to   space 512K, 0% used [0x00000000f1000000,0x00000000f1000000,0x00000000f1080000)
 ParOldGen       total 49152K, used 34886K [0x00000000a0000000, 0x00000000a3000000, 0x00000000e8000000)
  object space 49152K, 70% used [0x00000000a0000000,0x00000000a2211bb8,0x00000000a3000000)
 Metaspace       used 48786K, capacity 49230K, committed 49524K, reserved 1091584K
  class space    used 6289K, capacity 6420K, committed 6528K, reserved 1048576K
}
Event: 1812.130 GC heap before
{Heap before GC invocations=90 (full 2):
 PSYoungGen      total 34304K, used 34080K [0x00000000e8000000, 0x00000000f1080000, 0x0000000100000000)
  eden space 33792K, 100% used [0x00000000e8000000,0x00000000ea100000,0x00000000ea100000)
  from space 512K, 56% used [0x00000000f0f80000,0x00000000f0fc8010,0x00000000f1000000)
  to   space 512K, 0% used [0x00000000f1000000,0x00000000f1000000,0x00000000f1080000)
 ParOldGen       total 49152K, used 34886K [0x00000000a0000000, 0x00000000a3000000, 0x00000000e8000000)
  object space 49152K, 70% used [0x00000000a0000000,0x00000000a2211bb8,0x00000000a3000000)
 Metaspace       used 48809K, capacity 49326K, committed 49780K, reserved 1093632K
  class space    used 6292K, capacity 6452K, committed 6528K, reserved 1048576K
Event: 1812.132 GC heap after
Heap after GC invocations=90 (full 2):
 PSYoungGen      total 39424K, used 384K [0x00000000e8000000, 0x00000000f1080000, 0x0000000100000000)
  eden space 38912K, 0% used [0x00000000e8000000,0x00000000e8000000,0x00000000ea600000)
  from space 512K, 75% used [0x00000000f1000000,0x00000000f1060010,0x00000000f1080000)
  to   space 1024K, 0% used [0x00000000f0e80000,0x00000000f0e80000,0x00000000f0f80000)
 ParOldGen       total 49152K, used 34886K [0x00000000a0000000, 0x00000000a3000000, 0x00000000e8000000)
  object space 49152K, 70% used [0x00000000a0000000,0x00000000a2211bb8,0x00000000a3000000)
 Metaspace       used 48809K, capacity 49326K, committed 49780K, reserved 1093632K
  class space    used 6292K, capacity 6452K, committed 6528K, reserved 1048576K
}
Event: 1812.221 GC heap before
{Heap before GC invocations=91 (full 2):
 PSYoungGen      total 39424K, used 39296K [0x00000000e8000000, 0x00000000f1080000, 0x0000000100000000)
  eden space 38912K, 100% used [0x00000000e8000000,0x00000000ea600000,0x00000000ea600000)
  from space 512K, 75% used [0x00000000f1000000,0x00000000f1060010,0x00000000f1080000)
  to   space 1024K, 0% used [0x00000000f0e80000,0x00000000f0e80000,0x00000000f0f80000)
 ParOldGen       total 49152K, used 34886K [0x00000000a0000000, 0x00000000a3000000, 0x00000000e8000000)
  object space 49152K, 70% used [0x00000000a0000000,0x00000000a2211bb8,0x00000000a3000000)
 Metaspace       used 48809K, capacity 49326K, committed 49780K, reserved 1093632K
  class space    used 6292K, capacity 6452K, committed 6528K, reserved 1048576K
Event: 1812.223 GC heap after
Heap after GC invocations=91 (full 2):
 PSYoungGen      total 45568K, used 352K [0x00000000e8000000, 0x00000000f1080000, 0x0000000100000000)
  eden space 44544K, 0% used [0x00000000e8000000,0x00000000e8000000,0x00000000eab80000)
  from space 1024K, 34% used [0x00000000f0e80000,0x00000000f0ed8010,0x00000000f0f80000)
  to   space 1024K, 0% used [0x00000000f0f80000,0x00000000f0f80000,0x00000000f1080000)
 ParOldGen       total 49152K, used 34894K [0x00000000a0000000, 0x00000000a3000000, 0x00000000e8000000)
  object space 49152K, 70% used [0x00000000a0000000,0x00000000a2213bb8,0x00000000a3000000)
 Metaspace       used 48809K, capacity 49326K, committed 49780K, reserved 1093632K
  class space    used 6292K, capacity 6452K, committed 6528K, reserved 1048576K
}
Event: 2682.045 GC heap before
{Heap before GC invocations=92 (full 2):
 PSYoungGen      total 45568K, used 44896K [0x00000000e8000000, 0x00000000f1080000, 0x0000000100000000)
  eden space 44544K, 100% used [0x00000000e8000000,0x00000000eab80000,0x00000000eab80000)
  from space 1024K, 34% used [0x00000000f0e80000,0x00000000f0ed8010,0x00000000f0f80000)
  to   space 1024K, 0% used [0x00000000f0f80000,0x00000000f0f80000,0x00000000f1080000)
 ParOldGen       total 49152K, used 34894K [0x00000000a0000000, 0x00000000a3000000, 0x00000000e8000000)
  object space 49152K, 70% used [0x00000000a0000000,0x00000000a2213bb8,0x00000000a3000000)
 Metaspace       used 48810K, capacity 49326K, committed 49780K, reserved 1093632K
  class space    used 6292K, capacity 6452K, committed 6528K, reserved 1048576K
Event: 2682.047 GC heap after
Heap after GC invocations=92 (full 2):
 PSYoungGen      total 50688K, used 384K [0x00000000e8000000, 0x00000000f1000000, 0x0000000100000000)
  eden space 50176K, 0% used [0x00000000e8000000,0x00000000e8000000,0x00000000eb100000)
  from space 512K, 75% used [0x00000000f0f80000,0x00000000f0fe0010,0x00000000f1000000)
  to   space 1024K, 0% used [0x00000000f0e00000,0x00000000f0e00000,0x00000000f0f00000)
 ParOldGen       total 49152K, used 34902K [0x00000000a0000000, 0x00000000a3000000, 0x00000000e8000000)
  object space 49152K, 71% used [0x00000000a0000000,0x00000000a2215bb8,0x00000000a3000000)
 Metaspace       used 48810K, capacity 49326K, committed 49780K, reserved 1093632K
  class space    used 6292K, capacity 6452K, committed 6528K, reserved 1048576K
}
Event: 4383.375 GC heap before
{Heap before GC invocations=93 (full 2):
 PSYoungGen      total 50688K, used 50560K [0x00000000e8000000, 0x00000000f1000000, 0x0000000100000000)
  eden space 50176K, 100% used [0x00000000e8000000,0x00000000eb100000,0x00000000eb100000)
  from space 512K, 75% used [0x00000000f0f80000,0x00000000f0fe0010,0x00000000f1000000)
  to   space 1024K, 0% used [0x00000000f0e00000,0x00000000f0e00000,0x00000000f0f00000)
 ParOldGen       total 49152K, used 34902K [0x00000000a0000000, 0x00000000a3000000, 0x00000000e8000000)
  object space 49152K, 71% used [0x00000000a0000000,0x00000000a2215bb8,0x00000000a3000000)
 Metaspace       used 48810K, capacity 49326K, committed 49780K, reserved 1093632K
  class space    used 6292K, capacity 6452K, committed 6528K, reserved 1048576K
Event: 4383.378 GC heap after
Heap after GC invocations=93 (full 2):
 PSYoungGen      total 49664K, used 416K [0x00000000e8000000, 0x00000000f1000000, 0x0000000100000000)
  eden space 48640K, 0% used [0x00000000e8000000,0x00000000e8000000,0x00000000eaf80000)
  from space 1024K, 40% used [0x00000000f0e00000,0x00000000f0e68020,0x00000000f0f00000)
  to   space 1024K, 0% used [0x00000000f0f00000,0x00000000f0f00000,0x00000000f1000000)
 ParOldGen       total 49152K, used 34926K [0x00000000a0000000, 0x00000000a3000000, 0x00000000e8000000)
  object space 49152K, 71% used [0x00000000a0000000,0x00000000a221bbb8,0x00000000a3000000)
 Metaspace       used 48810K, capacity 49326K, committed 49780K, reserved 1093632K
  class space    used 6292K, capacity 6452K, committed 6528K, reserved 1048576K
}

