# JRE version: Java(TM) SE Runtime Environment (8.0_202-b08) (build 1.8.0_202-b08)
# Java VM: Java HotSpot(TM) 64-Bit Server VM (25.202-b08 mixed mode windows-amd64 compressed oops)
Heap:
 PSYoungGen      total 136192K, used 74002K [0x00000000e8000000, 0x00000000f0f80000, 0x0000000100000000)
  eden space 129536K, 56% used [0x00000000e8000000,0x00000000ec7bca20,0x00000000efe80000)
  from space 6656K, 8% used [0x00000000f0900000,0x00000000f0988020,0x00000000f0f80000)
  to   space 8704K, 0% used [0x00000000efe80000,0x00000000efe80000,0x00000000f0700000)
 ParOldGen       total 49152K, used 37196K [0x00000000a0000000, 0x00000000a3000000, 0x00000000e8000000)
  object space 49152K, 75% used [0x00000000a0000000,0x00000000a24530b0,0x00000000a3000000)
 Metaspace       used 49286K, capacity 49810K, committed 50176K, reserved 1093632K
  class space    used 6443K, capacity 6586K, committed 6656K, reserved 1048576K
GC Heap History (10 events):
Event: 17.256 GC heap before
{Heap before GC invocations=26 (full 2):
 PSYoungGen      total 91648K, used 86648K [0x00000000e8000000, 0x00000000ef180000, 0x0000000100000000)
  eden space 82432K, 100% used [0x00000000e8000000,0x00000000ed080000,0x00000000ed080000)
  from space 9216K, 45% used [0x00000000ed080000,0x00000000ed49e020,0x00000000ed980000)
  to   space 8704K, 0% used [0x00000000ee900000,0x00000000ee900000,0x00000000ef180000)
 ParOldGen       total 49152K, used 28943K [0x00000000a0000000, 0x00000000a3000000, 0x00000000e8000000)
  object space 49152K, 58% used [0x00000000a0000000,0x00000000a1c43e88,0x00000000a3000000)
 Metaspace       used 46980K, capacity 47466K, committed 47872K, reserved 1091584K
  class space    used 6126K, capacity 6286K, committed 6400K, reserved 1048576K
Event: 17.265 GC heap after
Heap after GC invocations=26 (full 2):
 PSYoungGen      total 107008K, used 6634K [0x00000000e8000000, 0x00000000ef700000, 0x0000000100000000)
  eden space 98304K, 0% used [0x00000000e8000000,0x00000000e8000000,0x00000000ee000000)
  from space 8704K, 76% used [0x00000000ee900000,0x00000000eef7a858,0x00000000ef180000)
  to   space 9216K, 0% used [0x00000000ee000000,0x00000000ee000000,0x00000000ee900000)
 ParOldGen       total 49152K, used 31562K [0x00000000a0000000, 0x00000000a3000000, 0x00000000e8000000)
  object space 49152K, 64% used [0x00000000a0000000,0x00000000a1ed2870,0x00000000a3000000)
 Metaspace       used 46980K, capacity 47466K, committed 47872K, reserved 1091584K
  class space    used 6126K, capacity 6286K, committed 6400K, reserved 1048576K
}
Event: 18.242 GC heap before
{Heap before GC invocations=27 (full 2):
 PSYoungGen      total 107008K, used 104938K [0x00000000e8000000, 0x00000000ef700000, 0x0000000100000000)
  eden space 98304K, 100% used [0x00000000e8000000,0x00000000ee000000,0x00000000ee000000)
  from space 8704K, 76% used [0x00000000ee900000,0x00000000eef7a858,0x00000000ef180000)
  to   space 9216K, 0% used [0x00000000ee000000,0x00000000ee000000,0x00000000ee900000)
 ParOldGen       total 49152K, used 31562K [0x00000000a0000000, 0x00000000a3000000, 0x00000000e8000000)
  object space 49152K, 64% used [0x00000000a0000000,0x00000000a1ed2870,0x00000000a3000000)
 Metaspace       used 48364K, capacity 48882K, committed 49280K, reserved 1091584K
  class space    used 6280K, capacity 6426K, committed 6528K, reserved 1048576K
Event: 18.247 GC heap after
Heap after GC invocations=27 (full 2):
 PSYoungGen      total 107520K, used 3941K [0x00000000e8000000, 0x00000000f0200000, 0x0000000100000000)
  eden space 98304K, 0% used [0x00000000e8000000,0x00000000e8000000,0x00000000ee000000)
  from space 9216K, 42% used [0x00000000ee000000,0x00000000ee3d97e0,0x00000000ee900000)
  to   space 8704K, 0% used [0x00000000ef980000,0x00000000ef980000,0x00000000f0200000)
 ParOldGen       total 49152K, used 34923K [0x00000000a0000000, 0x00000000a3000000, 0x00000000e8000000)
  object space 49152K, 71% used [0x00000000a0000000,0x00000000a221ad10,0x00000000a3000000)
 Metaspace       used 48364K, capacity 48882K, committed 49280K, reserved 1091584K
  class space    used 6280K, capacity 6426K, committed 6528K, reserved 1048576K
}
Event: 18.728 GC heap before
{Heap before GC invocations=28 (full 2):
 PSYoungGen      total 107520K, used 102245K [0x00000000e8000000, 0x00000000f0200000, 0x0000000100000000)
  eden space 98304K, 100% used [0x00000000e8000000,0x00000000ee000000,0x00000000ee000000)
  from space 9216K, 42% used [0x00000000ee000000,0x00000000ee3d97e0,0x00000000ee900000)
  to   space 8704K, 0% used [0x00000000ef980000,0x00000000ef980000,0x00000000f0200000)
 ParOldGen       total 49152K, used 34923K [0x00000000a0000000, 0x00000000a3000000, 0x00000000e8000000)
  object space 49152K, 71% used [0x00000000a0000000,0x00000000a221ad10,0x00000000a3000000)
 Metaspace       used 48366K, capacity 48882K, committed 49280K, reserved 1091584K
  class space    used 6280K, capacity 6426K, committed 6528K, reserved 1048576K
Event: 18.730 GC heap after
Heap after GC invocations=28 (full 2):
 PSYoungGen      total 123392K, used 192K [0x00000000e8000000, 0x00000000f0200000, 0x0000000100000000)
  eden space 114688K, 0% used [0x00000000e8000000,0x00000000e8000000,0x00000000ef000000)
  from space 8704K, 2% used [0x00000000ef980000,0x00000000ef9b0000,0x00000000f0200000)
  to   space 9216K, 0% used [0x00000000ef000000,0x00000000ef000000,0x00000000ef900000)
 ParOldGen       total 49152K, used 37108K [0x00000000a0000000, 0x00000000a3000000, 0x00000000e8000000)
  object space 49152K, 75% used [0x00000000a0000000,0x00000000a243d0b0,0x00000000a3000000)
 Metaspace       used 48366K, capacity 48882K, committed 49280K, reserved 1091584K
  class space    used 6280K, capacity 6426K, committed 6528K, reserved 1048576K
}
Event: 44.770 GC heap before
{Heap before GC invocations=29 (full 2):
 PSYoungGen      total 123392K, used 114880K [0x00000000e8000000, 0x00000000f0200000, 0x0000000100000000)
  eden space 114688K, 100% used [0x00000000e8000000,0x00000000ef000000,0x00000000ef000000)
  from space 8704K, 2% used [0x00000000ef980000,0x00000000ef9b0000,0x00000000f0200000)
  to   space 9216K, 0% used [0x00000000ef000000,0x00000000ef000000,0x00000000ef900000)
 ParOldGen       total 49152K, used 37108K [0x00000000a0000000, 0x00000000a3000000, 0x00000000e8000000)
  object space 49152K, 75% used [0x00000000a0000000,0x00000000a243d0b0,0x00000000a3000000)
 Metaspace       used 48764K, capacity 49266K, committed 49536K, reserved 1091584K
  class space    used 6287K, capacity 6426K, committed 6528K, reserved 1048576K
Event: 44.772 GC heap after
Heap after GC invocations=29 (full 2):
 PSYoungGen      total 123904K, used 288K [0x00000000e8000000, 0x00000000f1200000, 0x0000000100000000)
  eden space 114688K, 0% used [0x00000000e8000000,0x00000000e8000000,0x00000000ef000000)
  from space 9216K, 3% used [0x00000000ef000000,0x00000000ef048000,0x00000000ef900000)
  to   space 9216K, 0% used [0x00000000f0900000,0x00000000f0900000,0x00000000f1200000)
 ParOldGen       total 49152K, used 37188K [0x00000000a0000000, 0x00000000a3000000, 0x00000000e8000000)
  object space 49152K, 75% used [0x00000000a0000000,0x00000000a24510b0,0x00000000a3000000)
 Metaspace       used 48764K, capacity 49266K, committed 49536K, reserved 1091584K
  class space    used 6287K, capacity 6426K, committed 6528K, reserved 1048576K
}
Event: 45.547 GC heap before
{Heap before GC invocations=30 (full 2):
 PSYoungGen      total 123904K, used 114976K [0x00000000e8000000, 0x00000000f1200000, 0x0000000100000000)
  eden space 114688K, 100% used [0x00000000e8000000,0x00000000ef000000,0x00000000ef000000)
  from space 9216K, 3% used [0x00000000ef000000,0x00000000ef048000,0x00000000ef900000)
  to   space 9216K, 0% used [0x00000000f0900000,0x00000000f0900000,0x00000000f1200000)
 ParOldGen       total 49152K, used 37188K [0x00000000a0000000, 0x00000000a3000000, 0x00000000e8000000)
  object space 49152K, 75% used [0x00000000a0000000,0x00000000a24510b0,0x00000000a3000000)
 Metaspace       used 48788K, capacity 49362K, committed 49536K, reserved 1091584K
  class space    used 6291K, capacity 6458K, committed 6528K, reserved 1048576K
Event: 45.549 GC heap after
Heap after GC invocations=30 (full 2):
 PSYoungGen      total 136192K, used 544K [0x00000000e8000000, 0x00000000f0f80000, 0x0000000100000000)
  eden space 129536K, 0% used [0x00000000e8000000,0x00000000e8000000,0x00000000efe80000)
  from space 6656K, 8% used [0x00000000f0900000,0x00000000f0988020,0x00000000f0f80000)
  to   space 8704K, 0% used [0x00000000efe80000,0x00000000efe80000,0x00000000f0700000)
 ParOldGen       total 49152K, used 37196K [0x00000000a0000000, 0x00000000a3000000, 0x00000000e8000000)
  object space 49152K, 75% used [0x00000000a0000000,0x00000000a24530b0,0x00000000a3000000)
 Metaspace       used 48788K, capacity 49362K, committed 49536K, reserved 1091584K
  class space    used 6291K, capacity 6458K, committed 6528K, reserved 1048576K
}

