# JRE version: Java(TM) SE Runtime Environment (8.0_202-b08) (build 1.8.0_202-b08)
# Java VM: Java HotSpot(TM) 64-Bit Server VM (25.202-b08 mixed mode windows-amd64 compressed oops)
Heap:
 PSYoungGen      total 127488K, used 106758K [0x00000000e8000000, 0x00000000f3580000, 0x0000000100000000)
  eden space 120832K, 87% used [0x00000000e8000000,0x00000000ee7c98c0,0x00000000ef600000)
  from space 6656K, 7% used [0x00000000f2900000,0x00000000f2978020,0x00000000f2f80000)
  to   space 6144K, 0% used [0x00000000f2f80000,0x00000000f2f80000,0x00000000f3580000)
 ParOldGen       total 51200K, used 36336K [0x00000000a0000000, 0x00000000a3200000, 0x00000000e8000000)
  object space 51200K, 70% used [0x00000000a0000000,0x00000000a237c3a0,0x00000000a3200000)
 Metaspace       used 49397K, capacity 49882K, committed 50176K, reserved 1093632K
  class space    used 6453K, capacity 6598K, committed 6656K, reserved 1048576K
GC Heap History (10 events):
Event: 942.439 GC heap before
{Heap before GC invocations=35 (full 2):
 PSYoungGen      total 150016K, used 149856K [0x00000000e8000000, 0x00000000f4380000, 0x0000000100000000)
  eden space 149504K, 100% used [0x00000000e8000000,0x00000000f1200000,0x00000000f1200000)
  from space 512K, 68% used [0x00000000f4300000,0x00000000f4358020,0x00000000f4380000)
  to   space 8704K, 0% used [0x00000000f3280000,0x00000000f3280000,0x00000000f3b00000)
 ParOldGen       total 51200K, used 36280K [0x00000000a0000000, 0x00000000a3200000, 0x00000000e8000000)
  object space 51200K, 70% used [0x00000000a0000000,0x00000000a236e3a0,0x00000000a3200000)
 Metaspace       used 48819K, capacity 49338K, committed 49536K, reserved 1091584K
  class space    used 6292K, capacity 6438K, committed 6528K, reserved 1048576K
Event: 942.441 GC heap after
Heap after GC invocations=35 (full 2):
 PSYoungGen      total 152064K, used 320K [0x00000000e8000000, 0x00000000f4380000, 0x0000000100000000)
  eden space 143360K, 0% used [0x00000000e8000000,0x00000000e8000000,0x00000000f0c00000)
  from space 8704K, 3% used [0x00000000f3280000,0x00000000f32d0010,0x00000000f3b00000)
  to   space 8192K, 0% used [0x00000000f3b80000,0x00000000f3b80000,0x00000000f4380000)
 ParOldGen       total 51200K, used 36280K [0x00000000a0000000, 0x00000000a3200000, 0x00000000e8000000)
  object space 51200K, 70% used [0x00000000a0000000,0x00000000a236e3a0,0x00000000a3200000)
 Metaspace       used 48819K, capacity 49338K, committed 49536K, reserved 1091584K
  class space    used 6292K, capacity 6438K, committed 6528K, reserved 1048576K
}
Event: 969.211 GC heap before
{Heap before GC invocations=36 (full 2):
 PSYoungGen      total 152064K, used 143680K [0x00000000e8000000, 0x00000000f4380000, 0x0000000100000000)
  eden space 143360K, 100% used [0x00000000e8000000,0x00000000f0c00000,0x00000000f0c00000)
  from space 8704K, 3% used [0x00000000f3280000,0x00000000f32d0010,0x00000000f3b00000)
  to   space 8192K, 0% used [0x00000000f3b80000,0x00000000f3b80000,0x00000000f4380000)
 ParOldGen       total 51200K, used 36280K [0x00000000a0000000, 0x00000000a3200000, 0x00000000e8000000)
  object space 51200K, 70% used [0x00000000a0000000,0x00000000a236e3a0,0x00000000a3200000)
 Metaspace       used 48852K, capacity 49338K, committed 49536K, reserved 1091584K
  class space    used 6298K, capacity 6438K, committed 6528K, reserved 1048576K
Event: 969.213 GC heap after
Heap after GC invocations=36 (full 2):
 PSYoungGen      total 137728K, used 448K [0x00000000e8000000, 0x00000000f3c00000, 0x0000000100000000)
  eden space 137216K, 0% used [0x00000000e8000000,0x00000000e8000000,0x00000000f0600000)
  from space 512K, 87% used [0x00000000f3b80000,0x00000000f3bf0020,0x00000000f3c00000)
  to   space 7680K, 0% used [0x00000000f2d00000,0x00000000f2d00000,0x00000000f3480000)
 ParOldGen       total 51200K, used 36280K [0x00000000a0000000, 0x00000000a3200000, 0x00000000e8000000)
  object space 51200K, 70% used [0x00000000a0000000,0x00000000a236e3a0,0x00000000a3200000)
 Metaspace       used 48852K, capacity 49338K, committed 49536K, reserved 1091584K
  class space    used 6298K, capacity 6438K, committed 6528K, reserved 1048576K
}
Event: 2270.494 GC heap before
{Heap before GC invocations=37 (full 2):
 PSYoungGen      total 137728K, used 137664K [0x00000000e8000000, 0x00000000f3c00000, 0x0000000100000000)
  eden space 137216K, 100% used [0x00000000e8000000,0x00000000f0600000,0x00000000f0600000)
  from space 512K, 87% used [0x00000000f3b80000,0x00000000f3bf0020,0x00000000f3c00000)
  to   space 7680K, 0% used [0x00000000f2d00000,0x00000000f2d00000,0x00000000f3480000)
 ParOldGen       total 51200K, used 36280K [0x00000000a0000000, 0x00000000a3200000, 0x00000000e8000000)
  object space 51200K, 70% used [0x00000000a0000000,0x00000000a236e3a0,0x00000000a3200000)
 Metaspace       used 48879K, capacity 49434K, committed 49536K, reserved 1091584K
  class space    used 6302K, capacity 6470K, committed 6528K, reserved 1048576K
Event: 2270.496 GC heap after
Heap after GC invocations=37 (full 2):
 PSYoungGen      total 139264K, used 544K [0x00000000e8000000, 0x00000000f3c00000, 0x0000000100000000)
  eden space 131584K, 0% used [0x00000000e8000000,0x00000000e8000000,0x00000000f0080000)
  from space 7680K, 7% used [0x00000000f2d00000,0x00000000f2d88020,0x00000000f3480000)
  to   space 7168K, 0% used [0x00000000f3500000,0x00000000f3500000,0x00000000f3c00000)
 ParOldGen       total 51200K, used 36280K [0x00000000a0000000, 0x00000000a3200000, 0x00000000e8000000)
  object space 51200K, 70% used [0x00000000a0000000,0x00000000a236e3a0,0x00000000a3200000)
 Metaspace       used 48879K, capacity 49434K, committed 49536K, reserved 1091584K
  class space    used 6302K, capacity 6470K, committed 6528K, reserved 1048576K
}
Event: 4374.595 GC heap before
{Heap before GC invocations=38 (full 2):
 PSYoungGen      total 139264K, used 132128K [0x00000000e8000000, 0x00000000f3c00000, 0x0000000100000000)
  eden space 131584K, 100% used [0x00000000e8000000,0x00000000f0080000,0x00000000f0080000)
  from space 7680K, 7% used [0x00000000f2d00000,0x00000000f2d88020,0x00000000f3480000)
  to   space 7168K, 0% used [0x00000000f3500000,0x00000000f3500000,0x00000000f3c00000)
 ParOldGen       total 51200K, used 36280K [0x00000000a0000000, 0x00000000a3200000, 0x00000000e8000000)
  object space 51200K, 70% used [0x00000000a0000000,0x00000000a236e3a0,0x00000000a3200000)
 Metaspace       used 48883K, capacity 49434K, committed 49536K, reserved 1091584K
  class space    used 6302K, capacity 6470K, committed 6528K, reserved 1048576K
Event: 4374.599 GC heap after
Heap after GC invocations=38 (full 2):
 PSYoungGen      total 126976K, used 640K [0x00000000e8000000, 0x00000000f3600000, 0x0000000100000000)
  eden space 125952K, 0% used [0x00000000e8000000,0x00000000e8000000,0x00000000efb00000)
  from space 1024K, 62% used [0x00000000f3500000,0x00000000f35a0030,0x00000000f3600000)
  to   space 6656K, 0% used [0x00000000f2900000,0x00000000f2900000,0x00000000f2f80000)
 ParOldGen       total 51200K, used 36280K [0x00000000a0000000, 0x00000000a3200000, 0x00000000e8000000)
  object space 51200K, 70% used [0x00000000a0000000,0x00000000a236e3a0,0x00000000a3200000)
 Metaspace       used 48883K, capacity 49434K, committed 49536K, reserved 1091584K
  class space    used 6302K, capacity 6470K, committed 6528K, reserved 1048576K
}
Event: 4424.994 GC heap before
{Heap before GC invocations=39 (full 2):
 PSYoungGen      total 126976K, used 126592K [0x00000000e8000000, 0x00000000f3600000, 0x0000000100000000)
  eden space 125952K, 100% used [0x00000000e8000000,0x00000000efb00000,0x00000000efb00000)
  from space 1024K, 62% used [0x00000000f3500000,0x00000000f35a0030,0x00000000f3600000)
  to   space 6656K, 0% used [0x00000000f2900000,0x00000000f2900000,0x00000000f2f80000)
 ParOldGen       total 51200K, used 36280K [0x00000000a0000000, 0x00000000a3200000, 0x00000000e8000000)
  object space 51200K, 70% used [0x00000000a0000000,0x00000000a236e3a0,0x00000000a3200000)
 Metaspace       used 48883K, capacity 49434K, committed 49536K, reserved 1091584K
  class space    used 6302K, capacity 6470K, committed 6528K, reserved 1048576K
Event: 4424.996 GC heap after
Heap after GC invocations=39 (full 2):
 PSYoungGen      total 127488K, used 480K [0x00000000e8000000, 0x00000000f3580000, 0x0000000100000000)
  eden space 120832K, 0% used [0x00000000e8000000,0x00000000e8000000,0x00000000ef600000)
  from space 6656K, 7% used [0x00000000f2900000,0x00000000f2978020,0x00000000f2f80000)
  to   space 6144K, 0% used [0x00000000f2f80000,0x00000000f2f80000,0x00000000f3580000)
 ParOldGen       total 51200K, used 36336K [0x00000000a0000000, 0x00000000a3200000, 0x00000000e8000000)
  object space 51200K, 70% used [0x00000000a0000000,0x00000000a237c3a0,0x00000000a3200000)
 Metaspace       used 48883K, capacity 49434K, committed 49536K, reserved 1091584K
  class space    used 6302K, capacity 6470K, committed 6528K, reserved 1048576K
}

