# JRE version: Java(TM) SE Runtime Environment (8.0_202-b08) (build 1.8.0_202-b08)
# Java VM: Java HotSpot(TM) 64-Bit Server VM (25.202-b08 mixed mode windows-amd64 compressed oops)
Heap:
 PSYoungGen      total 290304K, used 238079K [0x00000000e8000000, 0x00000000fd580000, 0x0000000100000000)
  eden space 289792K, 81% used [0x00000000e8000000,0x00000000f6807c80,0x00000000f9b00000)
  from space 512K, 93% used [0x00000000fd500000,0x00000000fd578020,0x00000000fd580000)
  to   space 10752K, 0% used [0x00000000fc080000,0x00000000fc080000,0x00000000fcb00000)
 ParOldGen       total 54272K, used 44994K [0x00000000a0000000, 0x00000000a3500000, 0x00000000e8000000)
  object space 54272K, 82% used [0x00000000a0000000,0x00000000a2bf0af0,0x00000000a3500000)
 Metaspace       used 49317K, capacity 49798K, committed 50176K, reserved 1093632K
  class space    used 6445K, capacity 6584K, committed 6656K, reserved 1048576K
GC Heap History (10 events):
Event: 381.194 GC heap before
{Heap before GC invocations=26 (full 2):
 PSYoungGen      total 309760K, used 297184K [0x00000000e8000000, 0x00000000ff680000, 0x0000000100000000)
  eden space 296960K, 100% used [0x00000000e8000000,0x00000000fa200000,0x00000000fa200000)
  from space 12800K, 1% used [0x00000000fa200000,0x00000000fa238000,0x00000000fae80000)
  to   space 12288K, 0% used [0x00000000fea80000,0x00000000fea80000,0x00000000ff680000)
 ParOldGen       total 54272K, used 44922K [0x00000000a0000000, 0x00000000a3500000, 0x00000000e8000000)
  object space 54272K, 82% used [0x00000000a0000000,0x00000000a2bdeaf0,0x00000000a3500000)
 Metaspace       used 48744K, capacity 49254K, committed 49536K, reserved 1091584K
  class space    used 6280K, capacity 6424K, committed 6528K, reserved 1048576K
Event: 381.196 GC heap after
Heap after GC invocations=26 (full 2):
 PSYoungGen      total 353792K, used 128K [0x00000000e8000000, 0x00000000fee00000, 0x0000000100000000)
  eden space 350208K, 0% used [0x00000000e8000000,0x00000000e8000000,0x00000000fd600000)
  from space 3584K, 3% used [0x00000000fea80000,0x00000000feaa0000,0x00000000fee00000)
  to   space 12288K, 0% used [0x00000000fd600000,0x00000000fd600000,0x00000000fe200000)
 ParOldGen       total 54272K, used 44994K [0x00000000a0000000, 0x00000000a3500000, 0x00000000e8000000)
  object space 54272K, 82% used [0x00000000a0000000,0x00000000a2bf0af0,0x00000000a3500000)
 Metaspace       used 48744K, capacity 49254K, committed 49536K, reserved 1091584K
  class space    used 6280K, capacity 6424K, committed 6528K, reserved 1048576K
}
Event: 553.391 GC heap before
{Heap before GC invocations=27 (full 2):
 PSYoungGen      total 353792K, used 350336K [0x00000000e8000000, 0x00000000fee00000, 0x0000000100000000)
  eden space 350208K, 100% used [0x00000000e8000000,0x00000000fd600000,0x00000000fd600000)
  from space 3584K, 3% used [0x00000000fea80000,0x00000000feaa0000,0x00000000fee00000)
  to   space 12288K, 0% used [0x00000000fd600000,0x00000000fd600000,0x00000000fe200000)
 ParOldGen       total 54272K, used 44994K [0x00000000a0000000, 0x00000000a3500000, 0x00000000e8000000)
  object space 54272K, 82% used [0x00000000a0000000,0x00000000a2bf0af0,0x00000000a3500000)
 Metaspace       used 48744K, capacity 49254K, committed 49536K, reserved 1091584K
  class space    used 6280K, capacity 6424K, committed 6528K, reserved 1048576K
Event: 553.393 GC heap after
Heap after GC invocations=27 (full 2):
 PSYoungGen      total 334336K, used 160K [0x00000000e8000000, 0x00000000feb00000, 0x0000000100000000)
  eden space 333824K, 0% used [0x00000000e8000000,0x00000000e8000000,0x00000000fc600000)
  from space 512K, 31% used [0x00000000fd600000,0x00000000fd628000,0x00000000fd680000)
  to   space 11776K, 0% used [0x00000000fdf80000,0x00000000fdf80000,0x00000000feb00000)
 ParOldGen       total 54272K, used 44994K [0x00000000a0000000, 0x00000000a3500000, 0x00000000e8000000)
  object space 54272K, 82% used [0x00000000a0000000,0x00000000a2bf0af0,0x00000000a3500000)
 Metaspace       used 48744K, capacity 49254K, committed 49536K, reserved 1091584K
  class space    used 6280K, capacity 6424K, committed 6528K, reserved 1048576K
}
Event: 716.334 GC heap before
{Heap before GC invocations=28 (full 2):
 PSYoungGen      total 334336K, used 333984K [0x00000000e8000000, 0x00000000feb00000, 0x0000000100000000)
  eden space 333824K, 100% used [0x00000000e8000000,0x00000000fc600000,0x00000000fc600000)
  from space 512K, 31% used [0x00000000fd600000,0x00000000fd628000,0x00000000fd680000)
  to   space 11776K, 0% used [0x00000000fdf80000,0x00000000fdf80000,0x00000000feb00000)
 ParOldGen       total 54272K, used 44994K [0x00000000a0000000, 0x00000000a3500000, 0x00000000e8000000)
  object space 54272K, 82% used [0x00000000a0000000,0x00000000a2bf0af0,0x00000000a3500000)
 Metaspace       used 48744K, capacity 49254K, committed 49536K, reserved 1091584K
  class space    used 6280K, capacity 6424K, committed 6528K, reserved 1048576K
Event: 716.336 GC heap after
Heap after GC invocations=28 (full 2):
 PSYoungGen      total 318976K, used 192K [0x00000000e8000000, 0x00000000fe000000, 0x0000000100000000)
  eden space 318464K, 0% used [0x00000000e8000000,0x00000000e8000000,0x00000000fb700000)
  from space 512K, 37% used [0x00000000fdf80000,0x00000000fdfb0000,0x00000000fe000000)
  to   space 11776K, 0% used [0x00000000fc900000,0x00000000fc900000,0x00000000fd480000)
 ParOldGen       total 54272K, used 44994K [0x00000000a0000000, 0x00000000a3500000, 0x00000000e8000000)
  object space 54272K, 82% used [0x00000000a0000000,0x00000000a2bf0af0,0x00000000a3500000)
 Metaspace       used 48744K, capacity 49254K, committed 49536K, reserved 1091584K
  class space    used 6280K, capacity 6424K, committed 6528K, reserved 1048576K
}
Event: 872.294 GC heap before
{Heap before GC invocations=29 (full 2):
 PSYoungGen      total 318976K, used 318656K [0x00000000e8000000, 0x00000000fe000000, 0x0000000100000000)
  eden space 318464K, 100% used [0x00000000e8000000,0x00000000fb700000,0x00000000fb700000)
  from space 512K, 37% used [0x00000000fdf80000,0x00000000fdfb0000,0x00000000fe000000)
  to   space 11776K, 0% used [0x00000000fc900000,0x00000000fc900000,0x00000000fd480000)
 ParOldGen       total 54272K, used 44994K [0x00000000a0000000, 0x00000000a3500000, 0x00000000e8000000)
  object space 54272K, 82% used [0x00000000a0000000,0x00000000a2bf0af0,0x00000000a3500000)
 Metaspace       used 48744K, capacity 49254K, committed 49536K, reserved 1091584K
  class space    used 6280K, capacity 6424K, committed 6528K, reserved 1048576K
Event: 872.295 GC heap after
Heap after GC invocations=29 (full 2):
 PSYoungGen      total 315392K, used 192K [0x00000000e8000000, 0x00000000fe000000, 0x0000000100000000)
  eden space 303616K, 0% used [0x00000000e8000000,0x00000000e8000000,0x00000000fa880000)
  from space 11776K, 1% used [0x00000000fc900000,0x00000000fc930000,0x00000000fd480000)
  to   space 11264K, 0% used [0x00000000fd500000,0x00000000fd500000,0x00000000fe000000)
 ParOldGen       total 54272K, used 44994K [0x00000000a0000000, 0x00000000a3500000, 0x00000000e8000000)
  object space 54272K, 82% used [0x00000000a0000000,0x00000000a2bf0af0,0x00000000a3500000)
 Metaspace       used 48744K, capacity 49254K, committed 49536K, reserved 1091584K
  class space    used 6280K, capacity 6424K, committed 6528K, reserved 1048576K
}
Event: 961.473 GC heap before
{Heap before GC invocations=30 (full 2):
 PSYoungGen      total 315392K, used 303808K [0x00000000e8000000, 0x00000000fe000000, 0x0000000100000000)
  eden space 303616K, 100% used [0x00000000e8000000,0x00000000fa880000,0x00000000fa880000)
  from space 11776K, 1% used [0x00000000fc900000,0x00000000fc930000,0x00000000fd480000)
  to   space 11264K, 0% used [0x00000000fd500000,0x00000000fd500000,0x00000000fe000000)
 ParOldGen       total 54272K, used 44994K [0x00000000a0000000, 0x00000000a3500000, 0x00000000e8000000)
  object space 54272K, 82% used [0x00000000a0000000,0x00000000a2bf0af0,0x00000000a3500000)
 Metaspace       used 48800K, capacity 49286K, committed 49536K, reserved 1091584K
  class space    used 6290K, capacity 6456K, committed 6528K, reserved 1048576K
Event: 961.475 GC heap after
Heap after GC invocations=30 (full 2):
 PSYoungGen      total 290304K, used 480K [0x00000000e8000000, 0x00000000fd580000, 0x0000000100000000)
  eden space 289792K, 0% used [0x00000000e8000000,0x00000000e8000000,0x00000000f9b00000)
  from space 512K, 93% used [0x00000000fd500000,0x00000000fd578020,0x00000000fd580000)
  to   space 10752K, 0% used [0x00000000fc080000,0x00000000fc080000,0x00000000fcb00000)
 ParOldGen       total 54272K, used 44994K [0x00000000a0000000, 0x00000000a3500000, 0x00000000e8000000)
  object space 54272K, 82% used [0x00000000a0000000,0x00000000a2bf0af0,0x00000000a3500000)
 Metaspace       used 48800K, capacity 49286K, committed 49536K, reserved 1091584K
  class space    used 6290K, capacity 6456K, committed 6528K, reserved 1048576K
}

