# JRE version: Java(TM) SE Runtime Environment (8.0_202-b08) (build 1.8.0_202-b08)
# Java VM: Java HotSpot(TM) 64-Bit Server VM (25.202-b08 mixed mode windows-amd64 compressed oops)
Heap:
 PSYoungGen      total 120320K, used 4200K [0x00000000e8000000, 0x00000000f2100000, 0x0000000100000000)
  eden space 119808K, 3% used [0x00000000e8000000,0x00000000e83b2380,0x00000000ef500000)
  from space 512K, 81% used [0x00000000f2080000,0x00000000f20e8010,0x00000000f2100000)
  to   space 10240K, 0% used [0x00000000f0d00000,0x00000000f0d00000,0x00000000f1700000)
 ParOldGen       total 49664K, used 35313K [0x00000000a0000000, 0x00000000a3080000, 0x00000000e8000000)
  object space 49664K, 71% used [0x00000000a0000000,0x00000000a227c530,0x00000000a3080000)
 Metaspace       used 49478K, capacity 50022K, committed 50176K, reserved 1093632K
  class space    used 6459K, capacity 6600K, committed 6656K, reserved 1048576K
GC Heap History (10 events):
Event: 19.031 GC heap before
{Heap before GC invocations=24 (full 2):
 PSYoungGen      total 119808K, used 117917K [0x00000000e8000000, 0x00000000f1b80000, 0x0000000100000000)
  eden space 110080K, 100% used [0x00000000e8000000,0x00000000eeb80000,0x00000000eeb80000)
  from space 9728K, 80% used [0x00000000eeb80000,0x00000000ef3275a0,0x00000000ef500000)
  to   space 10752K, 0% used [0x00000000f1100000,0x00000000f1100000,0x00000000f1b80000)
 ParOldGen       total 49664K, used 30455K [0x00000000a0000000, 0x00000000a3080000, 0x00000000e8000000)
  object space 49664K, 61% used [0x00000000a0000000,0x00000000a1dbdcd8,0x00000000a3080000)
 Metaspace       used 48420K, capacity 48960K, committed 49280K, reserved 1091584K
  class space    used 6292K, capacity 6439K, committed 6528K, reserved 1048576K
Event: 19.035 GC heap after
Heap after GC invocations=24 (full 2):
 PSYoungGen      total 144384K, used 1720K [0x00000000e8000000, 0x00000000f1980000, 0x0000000100000000)
  eden space 135680K, 0% used [0x00000000e8000000,0x00000000e8000000,0x00000000f0480000)
  from space 8704K, 19% used [0x00000000f1100000,0x00000000f12ae0d0,0x00000000f1980000)
  to   space 10752K, 0% used [0x00000000f0480000,0x00000000f0480000,0x00000000f0f00000)
 ParOldGen       total 49664K, used 34375K [0x00000000a0000000, 0x00000000a3080000, 0x00000000e8000000)
  object space 49664K, 69% used [0x00000000a0000000,0x00000000a2191dd0,0x00000000a3080000)
 Metaspace       used 48420K, capacity 48960K, committed 49280K, reserved 1091584K
  class space    used 6292K, capacity 6439K, committed 6528K, reserved 1048576K
}
Event: 33.735 GC heap before
{Heap before GC invocations=25 (full 2):
 PSYoungGen      total 144384K, used 137400K [0x00000000e8000000, 0x00000000f1980000, 0x0000000100000000)
  eden space 135680K, 100% used [0x00000000e8000000,0x00000000f0480000,0x00000000f0480000)
  from space 8704K, 19% used [0x00000000f1100000,0x00000000f12ae0d0,0x00000000f1980000)
  to   space 10752K, 0% used [0x00000000f0480000,0x00000000f0480000,0x00000000f0f00000)
 ParOldGen       total 49664K, used 34375K [0x00000000a0000000, 0x00000000a3080000, 0x00000000e8000000)
  object space 49664K, 69% used [0x00000000a0000000,0x00000000a2191dd0,0x00000000a3080000)
 Metaspace       used 48948K, capacity 49510K, committed 49792K, reserved 1093632K
  class space    used 6305K, capacity 6472K, committed 6528K, reserved 1048576K
Event: 33.737 GC heap after
Heap after GC invocations=25 (full 2):
 PSYoungGen      total 146432K, used 384K [0x00000000e8000000, 0x00000000f3480000, 0x0000000100000000)
  eden space 135680K, 0% used [0x00000000e8000000,0x00000000e8000000,0x00000000f0480000)
  from space 10752K, 3% used [0x00000000f0480000,0x00000000f04e0000,0x00000000f0f00000)
  to   space 10752K, 0% used [0x00000000f2a00000,0x00000000f2a00000,0x00000000f3480000)
 ParOldGen       total 49664K, used 35121K [0x00000000a0000000, 0x00000000a3080000, 0x00000000e8000000)
  object space 49664K, 70% used [0x00000000a0000000,0x00000000a224c610,0x00000000a3080000)
 Metaspace       used 48948K, capacity 49510K, committed 49792K, reserved 1093632K
  class space    used 6305K, capacity 6472K, committed 6528K, reserved 1048576K
}
Event: 705.785 GC heap before
{Heap before GC invocations=26 (full 2):
 PSYoungGen      total 146432K, used 136064K [0x00000000e8000000, 0x00000000f3480000, 0x0000000100000000)
  eden space 135680K, 100% used [0x00000000e8000000,0x00000000f0480000,0x00000000f0480000)
  from space 10752K, 3% used [0x00000000f0480000,0x00000000f04e0000,0x00000000f0f00000)
  to   space 10752K, 0% used [0x00000000f2a00000,0x00000000f2a00000,0x00000000f3480000)
 ParOldGen       total 49664K, used 35121K [0x00000000a0000000, 0x00000000a3080000, 0x00000000e8000000)
  object space 49664K, 70% used [0x00000000a0000000,0x00000000a224c610,0x00000000a3080000)
 Metaspace       used 48972K, capacity 49510K, committed 49792K, reserved 1093632K
  class space    used 6310K, capacity 6472K, committed 6528K, reserved 1048576K
Event: 705.787 GC heap after
Heap after GC invocations=26 (full 2):
 PSYoungGen      total 130560K, used 320K [0x00000000e8000000, 0x00000000f2a80000, 0x0000000100000000)
  eden space 130048K, 0% used [0x00000000e8000000,0x00000000e8000000,0x00000000eff00000)
  from space 512K, 62% used [0x00000000f2a00000,0x00000000f2a50010,0x00000000f2a80000)
  to   space 10752K, 0% used [0x00000000f1580000,0x00000000f1580000,0x00000000f2000000)
 ParOldGen       total 49664K, used 35313K [0x00000000a0000000, 0x00000000a3080000, 0x00000000e8000000)
  object space 49664K, 71% used [0x00000000a0000000,0x00000000a227c530,0x00000000a3080000)
 Metaspace       used 48972K, capacity 49510K, committed 49792K, reserved 1093632K
  class space    used 6310K, capacity 6472K, committed 6528K, reserved 1048576K
}
Event: 738.365 GC heap before
{Heap before GC invocations=27 (full 2):
 PSYoungGen      total 130560K, used 130368K [0x00000000e8000000, 0x00000000f2a80000, 0x0000000100000000)
  eden space 130048K, 100% used [0x00000000e8000000,0x00000000eff00000,0x00000000eff00000)
  from space 512K, 62% used [0x00000000f2a00000,0x00000000f2a50010,0x00000000f2a80000)
  to   space 10752K, 0% used [0x00000000f1580000,0x00000000f1580000,0x00000000f2000000)
 ParOldGen       total 49664K, used 35313K [0x00000000a0000000, 0x00000000a3080000, 0x00000000e8000000)
  object space 49664K, 71% used [0x00000000a0000000,0x00000000a227c530,0x00000000a3080000)
 Metaspace       used 48978K, capacity 49510K, committed 49792K, reserved 1093632K
  class space    used 6310K, capacity 6472K, committed 6528K, reserved 1048576K
Event: 738.367 GC heap after
Heap after GC invocations=27 (full 2):
 PSYoungGen      total 135680K, used 320K [0x00000000e8000000, 0x00000000f2a80000, 0x0000000100000000)
  eden space 124928K, 0% used [0x00000000e8000000,0x00000000e8000000,0x00000000efa00000)
  from space 10752K, 2% used [0x00000000f1580000,0x00000000f15d0010,0x00000000f2000000)
  to   space 10240K, 0% used [0x00000000f2080000,0x00000000f2080000,0x00000000f2a80000)
 ParOldGen       total 49664K, used 35313K [0x00000000a0000000, 0x00000000a3080000, 0x00000000e8000000)
  object space 49664K, 71% used [0x00000000a0000000,0x00000000a227c530,0x00000000a3080000)
 Metaspace       used 48978K, capacity 49510K, committed 49792K, reserved 1093632K
  class space    used 6310K, capacity 6472K, committed 6528K, reserved 1048576K
}
Event: 1533.799 GC heap before
{Heap before GC invocations=28 (full 2):
 PSYoungGen      total 135680K, used 125248K [0x00000000e8000000, 0x00000000f2a80000, 0x0000000100000000)
  eden space 124928K, 100% used [0x00000000e8000000,0x00000000efa00000,0x00000000efa00000)
  from space 10752K, 2% used [0x00000000f1580000,0x00000000f15d0010,0x00000000f2000000)
  to   space 10240K, 0% used [0x00000000f2080000,0x00000000f2080000,0x00000000f2a80000)
 ParOldGen       total 49664K, used 35313K [0x00000000a0000000, 0x00000000a3080000, 0x00000000e8000000)
  object space 49664K, 71% used [0x00000000a0000000,0x00000000a227c530,0x00000000a3080000)
 Metaspace       used 49050K, capacity 49638K, committed 49792K, reserved 1093632K
  class space    used 6320K, capacity 6472K, committed 6528K, reserved 1048576K
Event: 1533.801 GC heap after
Heap after GC invocations=28 (full 2):
 PSYoungGen      total 120320K, used 416K [0x00000000e8000000, 0x00000000f2100000, 0x0000000100000000)
  eden space 119808K, 0% used [0x00000000e8000000,0x00000000e8000000,0x00000000ef500000)
  from space 512K, 81% used [0x00000000f2080000,0x00000000f20e8010,0x00000000f2100000)
  to   space 10240K, 0% used [0x00000000f0d00000,0x00000000f0d00000,0x00000000f1700000)
 ParOldGen       total 49664K, used 35313K [0x00000000a0000000, 0x00000000a3080000, 0x00000000e8000000)
  object space 49664K, 71% used [0x00000000a0000000,0x00000000a227c530,0x00000000a3080000)
 Metaspace       used 49050K, capacity 49638K, committed 49792K, reserved 1093632K
  class space    used 6320K, capacity 6472K, committed 6528K, reserved 1048576K
}

