# JRE version: Java(TM) SE Runtime Environment (8.0_202-b08) (build 1.8.0_202-b08)
# Java VM: Java HotSpot(TM) 64-Bit Server VM (25.202-b08 mixed mode windows-amd64 compressed oops)
Heap:
 PSYoungGen      total 47104K, used 38504K [0x0000000740a00000, 0x0000000745100000, 0x00000007c0000000)
  eden space 44544K, 85% used [0x0000000740a00000,0x0000000742f423e0,0x0000000743580000)
  from space 2560K, 13% used [0x0000000744c00000,0x0000000744c58010,0x0000000744e80000)
  to   space 2048K, 0% used [0x0000000744f00000,0x0000000744f00000,0x0000000745100000)
 ParOldGen       total 52224K, used 37100K [0x00000005c2800000, 0x00000005c5b00000, 0x0000000740a00000)
  object space 52224K, 71% used [0x00000005c2800000,0x00000005c4c3b1d0,0x00000005c5b00000)
 Metaspace       used 49266K, capacity 49722K, committed 50176K, reserved 1093632K
  class space    used 6443K, capacity 6582K, committed 6656K, reserved 1048576K
GC Heap History (10 events):
Event: 5719.514 GC heap before
{Heap before GC invocations=59 (full 2):
 PSYoungGen      total 52224K, used 52096K [0x0000000740a00000, 0x0000000745500000, 0x00000007c0000000)
  eden space 51712K, 100% used [0x0000000740a00000,0x0000000743c80000,0x0000000743c80000)
  from space 512K, 75% used [0x0000000745480000,0x00000007454e0010,0x0000000745500000)
  to   space 3072K, 0% used [0x0000000744f00000,0x0000000744f00000,0x0000000745200000)
 ParOldGen       total 52224K, used 37060K [0x00000005c2800000, 0x00000005c5b00000, 0x0000000740a00000)
  object space 52224K, 70% used [0x00000005c2800000,0x00000005c4c311d0,0x00000005c5b00000)
 Metaspace       used 48767K, capacity 49274K, committed 49536K, reserved 1091584K
  class space    used 6293K, capacity 6454K, committed 6528K, reserved 1048576K
Event: 5719.516 GC heap after
Heap after GC invocations=59 (full 2):
 PSYoungGen      total 53248K, used 384K [0x0000000740a00000, 0x0000000745500000, 0x00000007c0000000)
  eden space 50176K, 0% used [0x0000000740a00000,0x0000000740a00000,0x0000000743b00000)
  from space 3072K, 12% used [0x0000000744f00000,0x0000000744f60010,0x0000000745200000)
  to   space 2560K, 0% used [0x0000000745280000,0x0000000745280000,0x0000000745500000)
 ParOldGen       total 52224K, used 37060K [0x00000005c2800000, 0x00000005c5b00000, 0x0000000740a00000)
  object space 52224K, 70% used [0x00000005c2800000,0x00000005c4c311d0,0x00000005c5b00000)
 Metaspace       used 48767K, capacity 49274K, committed 49536K, reserved 1091584K
  class space    used 6293K, capacity 6454K, committed 6528K, reserved 1048576K
}
Event: 6401.149 GC heap before
{Heap before GC invocations=60 (full 2):
 PSYoungGen      total 53248K, used 50560K [0x0000000740a00000, 0x0000000745500000, 0x00000007c0000000)
  eden space 50176K, 100% used [0x0000000740a00000,0x0000000743b00000,0x0000000743b00000)
  from space 3072K, 12% used [0x0000000744f00000,0x0000000744f60010,0x0000000745200000)
  to   space 2560K, 0% used [0x0000000745280000,0x0000000745280000,0x0000000745500000)
 ParOldGen       total 52224K, used 37060K [0x00000005c2800000, 0x00000005c5b00000, 0x0000000740a00000)
  object space 52224K, 70% used [0x00000005c2800000,0x00000005c4c311d0,0x00000005c5b00000)
 Metaspace       used 48771K, capacity 49274K, committed 49536K, reserved 1091584K
  class space    used 6293K, capacity 6454K, committed 6528K, reserved 1048576K
Event: 6401.151 GC heap after
Heap after GC invocations=60 (full 2):
 PSYoungGen      total 49152K, used 416K [0x0000000740a00000, 0x0000000745300000, 0x00000007c0000000)
  eden space 48640K, 0% used [0x0000000740a00000,0x0000000740a00000,0x0000000743980000)
  from space 512K, 81% used [0x0000000745280000,0x00000007452e8010,0x0000000745300000)
  to   space 2560K, 0% used [0x0000000744e00000,0x0000000744e00000,0x0000000745080000)
 ParOldGen       total 52224K, used 37060K [0x00000005c2800000, 0x00000005c5b00000, 0x0000000740a00000)
  object space 52224K, 70% used [0x00000005c2800000,0x00000005c4c311d0,0x00000005c5b00000)
 Metaspace       used 48771K, capacity 49274K, committed 49536K, reserved 1091584K
  class space    used 6293K, capacity 6454K, committed 6528K, reserved 1048576K
}
Event: 6418.689 GC heap before
{Heap before GC invocations=61 (full 2):
 PSYoungGen      total 49152K, used 49056K [0x0000000740a00000, 0x0000000745300000, 0x00000007c0000000)
  eden space 48640K, 100% used [0x0000000740a00000,0x0000000743980000,0x0000000743980000)
  from space 512K, 81% used [0x0000000745280000,0x00000007452e8010,0x0000000745300000)
  to   space 2560K, 0% used [0x0000000744e00000,0x0000000744e00000,0x0000000745080000)
 ParOldGen       total 52224K, used 37060K [0x00000005c2800000, 0x00000005c5b00000, 0x0000000740a00000)
  object space 52224K, 70% used [0x00000005c2800000,0x00000005c4c311d0,0x00000005c5b00000)
 Metaspace       used 48771K, capacity 49274K, committed 49536K, reserved 1091584K
  class space    used 6293K, capacity 6454K, committed 6528K, reserved 1048576K
Event: 6418.691 GC heap after
Heap after GC invocations=61 (full 2):
 PSYoungGen      total 49664K, used 352K [0x0000000740a00000, 0x0000000745300000, 0x00000007c0000000)
  eden space 47104K, 0% used [0x0000000740a00000,0x0000000740a00000,0x0000000743800000)
  from space 2560K, 13% used [0x0000000744e00000,0x0000000744e58010,0x0000000745080000)
  to   space 2560K, 0% used [0x0000000745080000,0x0000000745080000,0x0000000745300000)
 ParOldGen       total 52224K, used 37068K [0x00000005c2800000, 0x00000005c5b00000, 0x0000000740a00000)
  object space 52224K, 70% used [0x00000005c2800000,0x00000005c4c331d0,0x00000005c5b00000)
 Metaspace       used 48771K, capacity 49274K, committed 49536K, reserved 1091584K
  class space    used 6293K, capacity 6454K, committed 6528K, reserved 1048576K
}
Event: 6435.527 GC heap before
{Heap before GC invocations=62 (full 2):
 PSYoungGen      total 49664K, used 47456K [0x0000000740a00000, 0x0000000745300000, 0x00000007c0000000)
  eden space 47104K, 100% used [0x0000000740a00000,0x0000000743800000,0x0000000743800000)
  from space 2560K, 13% used [0x0000000744e00000,0x0000000744e58010,0x0000000745080000)
  to   space 2560K, 0% used [0x0000000745080000,0x0000000745080000,0x0000000745300000)
 ParOldGen       total 52224K, used 37068K [0x00000005c2800000, 0x00000005c5b00000, 0x0000000740a00000)
  object space 52224K, 70% used [0x00000005c2800000,0x00000005c4c331d0,0x00000005c5b00000)
 Metaspace       used 48771K, capacity 49274K, committed 49536K, reserved 1091584K
  class space    used 6293K, capacity 6454K, committed 6528K, reserved 1048576K
Event: 6435.528 GC heap after
Heap after GC invocations=62 (full 2):
 PSYoungGen      total 46080K, used 352K [0x0000000740a00000, 0x0000000745100000, 0x00000007c0000000)
  eden space 45568K, 0% used [0x0000000740a00000,0x0000000740a00000,0x0000000743680000)
  from space 512K, 68% used [0x0000000745080000,0x00000007450d8010,0x0000000745100000)
  to   space 2560K, 0% used [0x0000000744c00000,0x0000000744c00000,0x0000000744e80000)
 ParOldGen       total 52224K, used 37084K [0x00000005c2800000, 0x00000005c5b00000, 0x0000000740a00000)
  object space 52224K, 71% used [0x00000005c2800000,0x00000005c4c371d0,0x00000005c5b00000)
 Metaspace       used 48771K, capacity 49274K, committed 49536K, reserved 1091584K
  class space    used 6293K, capacity 6454K, committed 6528K, reserved 1048576K
}
Event: 6451.731 GC heap before
{Heap before GC invocations=63 (full 2):
 PSYoungGen      total 46080K, used 45920K [0x0000000740a00000, 0x0000000745100000, 0x00000007c0000000)
  eden space 45568K, 100% used [0x0000000740a00000,0x0000000743680000,0x0000000743680000)
  from space 512K, 68% used [0x0000000745080000,0x00000007450d8010,0x0000000745100000)
  to   space 2560K, 0% used [0x0000000744c00000,0x0000000744c00000,0x0000000744e80000)
 ParOldGen       total 52224K, used 37084K [0x00000005c2800000, 0x00000005c5b00000, 0x0000000740a00000)
  object space 52224K, 71% used [0x00000005c2800000,0x00000005c4c371d0,0x00000005c5b00000)
 Metaspace       used 48771K, capacity 49274K, committed 49536K, reserved 1091584K
  class space    used 6293K, capacity 6454K, committed 6528K, reserved 1048576K
Event: 6451.732 GC heap after
Heap after GC invocations=63 (full 2):
 PSYoungGen      total 47104K, used 352K [0x0000000740a00000, 0x0000000745100000, 0x00000007c0000000)
  eden space 44544K, 0% used [0x0000000740a00000,0x0000000740a00000,0x0000000743580000)
  from space 2560K, 13% used [0x0000000744c00000,0x0000000744c58010,0x0000000744e80000)
  to   space 2048K, 0% used [0x0000000744f00000,0x0000000744f00000,0x0000000745100000)
 ParOldGen       total 52224K, used 37100K [0x00000005c2800000, 0x00000005c5b00000, 0x0000000740a00000)
  object space 52224K, 71% used [0x00000005c2800000,0x00000005c4c3b1d0,0x00000005c5b00000)
 Metaspace       used 48771K, capacity 49274K, committed 49536K, reserved 1091584K
  class space    used 6293K, capacity 6454K, committed 6528K, reserved 1048576K
}

