# JRE version: Java(TM) SE Runtime Environment (8.0_202-b08) (build 1.8.0_202-b08)
# Java VM: Java HotSpot(TM) 64-Bit Server VM (25.202-b08 mixed mode windows-amd64 compressed oops)
Heap:
 PSYoungGen      total 42496K, used 1943K [0x00000000e8000000, 0x00000000ece00000, 0x0000000100000000)
  eden space 41472K, 3% used [0x00000000e8000000,0x00000000e8155fa0,0x00000000ea880000)
  from space 1024K, 56% used [0x00000000ecc00000,0x00000000ecc90010,0x00000000ecd00000)
  to   space 1024K, 0% used [0x00000000ecd00000,0x00000000ecd00000,0x00000000ece00000)
 ParOldGen       total 49152K, used 37719K [0x00000000a0000000, 0x00000000a3000000, 0x00000000e8000000)
  object space 49152K, 76% used [0x00000000a0000000,0x00000000a24d5ce0,0x00000000a3000000)
 Metaspace       used 49295K, capacity 49792K, committed 50176K, reserved 1093632K
  class space    used 6443K, capacity 6583K, committed 6656K, reserved 1048576K
GC Heap History (10 events):
Event: 5528.285 GC heap before
{Heap before GC invocations=91 (full 2):
 PSYoungGen      total 48640K, used 48608K [0x00000000e8000000, 0x00000000ecf00000, 0x0000000100000000)
  eden space 48128K, 100% used [0x00000000e8000000,0x00000000eaf00000,0x00000000eaf00000)
  from space 512K, 93% used [0x00000000ece80000,0x00000000ecef8020,0x00000000ecf00000)
  to   space 1024K, 0% used [0x00000000ecd00000,0x00000000ecd00000,0x00000000ece00000)
 ParOldGen       total 49152K, used 37455K [0x00000000a0000000, 0x00000000a3000000, 0x00000000e8000000)
  object space 49152K, 76% used [0x00000000a0000000,0x00000000a2493cd0,0x00000000a3000000)
 Metaspace       used 48803K, capacity 49344K, committed 49536K, reserved 1091584K
  class space    used 6294K, capacity 6455K, committed 6528K, reserved 1048576K
Event: 5528.286 GC heap after
Heap after GC invocations=91 (full 2):
 PSYoungGen      total 47616K, used 512K [0x00000000e8000000, 0x00000000ecf00000, 0x0000000100000000)
  eden space 46592K, 0% used [0x00000000e8000000,0x00000000e8000000,0x00000000ead80000)
  from space 1024K, 50% used [0x00000000ecd00000,0x00000000ecd80020,0x00000000ece00000)
  to   space 1024K, 0% used [0x00000000ece00000,0x00000000ece00000,0x00000000ecf00000)
 ParOldGen       total 49152K, used 37455K [0x00000000a0000000, 0x00000000a3000000, 0x00000000e8000000)
  object space 49152K, 76% used [0x00000000a0000000,0x00000000a2493cd0,0x00000000a3000000)
 Metaspace       used 48803K, capacity 49344K, committed 49536K, reserved 1091584K
  class space    used 6294K, capacity 6455K, committed 6528K, reserved 1048576K
}
Event: 6316.789 GC heap before
{Heap before GC invocations=92 (full 2):
 PSYoungGen      total 47616K, used 47104K [0x00000000e8000000, 0x00000000ecf00000, 0x0000000100000000)
  eden space 46592K, 100% used [0x00000000e8000000,0x00000000ead80000,0x00000000ead80000)
  from space 1024K, 50% used [0x00000000ecd00000,0x00000000ecd80020,0x00000000ece00000)
  to   space 1024K, 0% used [0x00000000ece00000,0x00000000ece00000,0x00000000ecf00000)
 ParOldGen       total 49152K, used 37455K [0x00000000a0000000, 0x00000000a3000000, 0x00000000e8000000)
  object space 49152K, 76% used [0x00000000a0000000,0x00000000a2493cd0,0x00000000a3000000)
 Metaspace       used 48803K, capacity 49344K, committed 49536K, reserved 1091584K
  class space    used 6294K, capacity 6455K, committed 6528K, reserved 1048576K
Event: 6316.791 GC heap after
Heap after GC invocations=92 (full 2):
 PSYoungGen      total 46080K, used 544K [0x00000000e8000000, 0x00000000ecf00000, 0x0000000100000000)
  eden space 45056K, 0% used [0x00000000e8000000,0x00000000e8000000,0x00000000eac00000)
  from space 1024K, 53% used [0x00000000ece00000,0x00000000ece88020,0x00000000ecf00000)
  to   space 1024K, 0% used [0x00000000ecd00000,0x00000000ecd00000,0x00000000ece00000)
 ParOldGen       total 49152K, used 37487K [0x00000000a0000000, 0x00000000a3000000, 0x00000000e8000000)
  object space 49152K, 76% used [0x00000000a0000000,0x00000000a249bcd0,0x00000000a3000000)
 Metaspace       used 48803K, capacity 49344K, committed 49536K, reserved 1091584K
  class space    used 6294K, capacity 6455K, committed 6528K, reserved 1048576K
}
Event: 6335.378 GC heap before
{Heap before GC invocations=93 (full 2):
 PSYoungGen      total 46080K, used 45600K [0x00000000e8000000, 0x00000000ecf00000, 0x0000000100000000)
  eden space 45056K, 100% used [0x00000000e8000000,0x00000000eac00000,0x00000000eac00000)
  from space 1024K, 53% used [0x00000000ece00000,0x00000000ece88020,0x00000000ecf00000)
  to   space 1024K, 0% used [0x00000000ecd00000,0x00000000ecd00000,0x00000000ece00000)
 ParOldGen       total 49152K, used 37487K [0x00000000a0000000, 0x00000000a3000000, 0x00000000e8000000)
  object space 49152K, 76% used [0x00000000a0000000,0x00000000a249bcd0,0x00000000a3000000)
 Metaspace       used 48803K, capacity 49344K, committed 49536K, reserved 1091584K
  class space    used 6294K, capacity 6455K, committed 6528K, reserved 1048576K
Event: 6335.380 GC heap after
Heap after GC invocations=93 (full 2):
 PSYoungGen      total 44032K, used 448K [0x00000000e8000000, 0x00000000ece80000, 0x0000000100000000)
  eden space 43520K, 0% used [0x00000000e8000000,0x00000000e8000000,0x00000000eaa80000)
  from space 512K, 87% used [0x00000000ecd00000,0x00000000ecd70020,0x00000000ecd80000)
  to   space 1024K, 0% used [0x00000000ecd80000,0x00000000ecd80000,0x00000000ece80000)
 ParOldGen       total 49152K, used 37535K [0x00000000a0000000, 0x00000000a3000000, 0x00000000e8000000)
  object space 49152K, 76% used [0x00000000a0000000,0x00000000a24a7cd0,0x00000000a3000000)
 Metaspace       used 48803K, capacity 49344K, committed 49536K, reserved 1091584K
  class space    used 6294K, capacity 6455K, committed 6528K, reserved 1048576K
}
Event: 6353.320 GC heap before
{Heap before GC invocations=94 (full 2):
 PSYoungGen      total 44032K, used 43968K [0x00000000e8000000, 0x00000000ece80000, 0x0000000100000000)
  eden space 43520K, 100% used [0x00000000e8000000,0x00000000eaa80000,0x00000000eaa80000)
  from space 512K, 87% used [0x00000000ecd00000,0x00000000ecd70020,0x00000000ecd80000)
  to   space 1024K, 0% used [0x00000000ecd80000,0x00000000ecd80000,0x00000000ece80000)
 ParOldGen       total 49152K, used 37535K [0x00000000a0000000, 0x00000000a3000000, 0x00000000e8000000)
  object space 49152K, 76% used [0x00000000a0000000,0x00000000a24a7cd0,0x00000000a3000000)
 Metaspace       used 48803K, capacity 49344K, committed 49536K, reserved 1091584K
  class space    used 6294K, capacity 6455K, committed 6528K, reserved 1048576K
Event: 6353.322 GC heap after
Heap after GC invocations=94 (full 2):
 PSYoungGen      total 43008K, used 352K [0x00000000e8000000, 0x00000000ece00000, 0x0000000100000000)
  eden space 42496K, 0% used [0x00000000e8000000,0x00000000e8000000,0x00000000ea980000)
  from space 512K, 68% used [0x00000000ecd80000,0x00000000ecdd8010,0x00000000ece00000)
  to   space 1024K, 0% used [0x00000000ecc00000,0x00000000ecc00000,0x00000000ecd00000)
 ParOldGen       total 49152K, used 37679K [0x00000000a0000000, 0x00000000a3000000, 0x00000000e8000000)
  object space 49152K, 76% used [0x00000000a0000000,0x00000000a24cbce0,0x00000000a3000000)
 Metaspace       used 48803K, capacity 49344K, committed 49536K, reserved 1091584K
  class space    used 6294K, capacity 6455K, committed 6528K, reserved 1048576K
}
Event: 7084.042 GC heap before
{Heap before GC invocations=95 (full 2):
 PSYoungGen      total 43008K, used 42848K [0x00000000e8000000, 0x00000000ece00000, 0x0000000100000000)
  eden space 42496K, 100% used [0x00000000e8000000,0x00000000ea980000,0x00000000ea980000)
  from space 512K, 68% used [0x00000000ecd80000,0x00000000ecdd8010,0x00000000ece00000)
  to   space 1024K, 0% used [0x00000000ecc00000,0x00000000ecc00000,0x00000000ecd00000)
 ParOldGen       total 49152K, used 37679K [0x00000000a0000000, 0x00000000a3000000, 0x00000000e8000000)
  object space 49152K, 76% used [0x00000000a0000000,0x00000000a24cbce0,0x00000000a3000000)
 Metaspace       used 49132K, capacity 49600K, committed 49792K, reserved 1093632K
  class space    used 6391K, capacity 6519K, committed 6528K, reserved 1048576K
Event: 7084.044 GC heap after
Heap after GC invocations=95 (full 2):
 PSYoungGen      total 42496K, used 576K [0x00000000e8000000, 0x00000000ece00000, 0x0000000100000000)
  eden space 41472K, 0% used [0x00000000e8000000,0x00000000e8000000,0x00000000ea880000)
  from space 1024K, 56% used [0x00000000ecc00000,0x00000000ecc90010,0x00000000ecd00000)
  to   space 1024K, 0% used [0x00000000ecd00000,0x00000000ecd00000,0x00000000ece00000)
 ParOldGen       total 49152K, used 37719K [0x00000000a0000000, 0x00000000a3000000, 0x00000000e8000000)
  object space 49152K, 76% used [0x00000000a0000000,0x00000000a24d5ce0,0x00000000a3000000)
 Metaspace       used 49132K, capacity 49600K, committed 49792K, reserved 1093632K
  class space    used 6391K, capacity 6519K, committed 6528K, reserved 1048576K
}

