# JRE version: Java(TM) SE Runtime Environment (8.0_202-b08) (build 1.8.0_202-b08)
# Java VM: Java HotSpot(TM) 64-Bit Server VM (25.202-b08 mixed mode windows-amd64 compressed oops)
Heap:
 PSYoungGen      total 226304K, used 61858K [0x0000000740a00000, 0x0000000752300000, 0x00000007c0000000)
  eden space 225280K, 27% used [0x0000000740a00000,0x00000007445c0ac8,0x000000074e600000)
  from space 1024K, 65% used [0x0000000752200000,0x00000007522a8020,0x0000000752300000)
  to   space 9216K, 0% used [0x0000000751100000,0x0000000751100000,0x0000000751a00000)
 ParOldGen       total 49152K, used 39130K [0x00000005c2800000, 0x00000005c5800000, 0x0000000740a00000)
  object space 49152K, 79% used [0x00000005c2800000,0x00000005c4e368b0,0x00000005c5800000)
 Metaspace       used 49256K, capacity 49710K, committed 50124K, reserved 1093632K
  class space    used 6443K, capacity 6580K, committed 6604K, reserved 1048576K
GC Heap History (10 events):
Event: 869.301 GC heap before
{Heap before GC invocations=28 (full 2):
 PSYoungGen      total 285184K, used 284800K [0x0000000740a00000, 0x0000000753f80000, 0x00000007c0000000)
  eden space 284160K, 100% used [0x0000000740a00000,0x0000000751f80000,0x0000000751f80000)
  from space 1024K, 62% used [0x0000000752d00000,0x0000000752da0020,0x0000000752e00000)
  to   space 11264K, 0% used [0x0000000753480000,0x0000000753480000,0x0000000753f80000)
 ParOldGen       total 49152K, used 39113K [0x00000005c2800000, 0x00000005c5800000, 0x0000000740a00000)
  object space 49152K, 79% used [0x00000005c2800000,0x00000005c4e327b8,0x00000005c5800000)
 Metaspace       used 48764K, capacity 49262K, committed 49484K, reserved 1091584K
  class space    used 6294K, capacity 6452K, committed 6476K, reserved 1048576K
Event: 869.302 GC heap after
Heap after GC invocations=28 (full 2):
 PSYoungGen      total 272384K, used 672K [0x0000000740a00000, 0x0000000753580000, 0x00000007c0000000)
  eden space 271360K, 0% used [0x0000000740a00000,0x0000000740a00000,0x0000000751300000)
  from space 1024K, 65% used [0x0000000753480000,0x0000000753528020,0x0000000753580000)
  to   space 10752K, 0% used [0x0000000752080000,0x0000000752080000,0x0000000752b00000)
 ParOldGen       total 49152K, used 39121K [0x00000005c2800000, 0x00000005c5800000, 0x0000000740a00000)
  object space 49152K, 79% used [0x00000005c2800000,0x00000005c4e347b8,0x00000005c5800000)
 Metaspace       used 48764K, capacity 49262K, committed 49484K, reserved 1091584K
  class space    used 6294K, capacity 6452K, committed 6476K, reserved 1048576K
}
Event: 1570.007 GC heap before
{Heap before GC invocations=29 (full 2):
 PSYoungGen      total 272384K, used 272032K [0x0000000740a00000, 0x0000000753580000, 0x00000007c0000000)
  eden space 271360K, 100% used [0x0000000740a00000,0x0000000751300000,0x0000000751300000)
  from space 1024K, 65% used [0x0000000753480000,0x0000000753528020,0x0000000753580000)
  to   space 10752K, 0% used [0x0000000752080000,0x0000000752080000,0x0000000752b00000)
 ParOldGen       total 49152K, used 39121K [0x00000005c2800000, 0x00000005c5800000, 0x0000000740a00000)
  object space 49152K, 79% used [0x00000005c2800000,0x00000005c4e347b8,0x00000005c5800000)
 Metaspace       used 48766K, capacity 49262K, committed 49484K, reserved 1091584K
  class space    used 6294K, capacity 6452K, committed 6476K, reserved 1048576K
Event: 1570.008 GC heap after
Heap after GC invocations=29 (full 2):
 PSYoungGen      total 269824K, used 672K [0x0000000740a00000, 0x0000000753500000, 0x00000007c0000000)
  eden space 259072K, 0% used [0x0000000740a00000,0x0000000740a00000,0x0000000750700000)
  from space 10752K, 6% used [0x0000000752080000,0x0000000752128020,0x0000000752b00000)
  to   space 10240K, 0% used [0x0000000752b00000,0x0000000752b00000,0x0000000753500000)
 ParOldGen       total 49152K, used 39121K [0x00000005c2800000, 0x00000005c5800000, 0x0000000740a00000)
  object space 49152K, 79% used [0x00000005c2800000,0x00000005c4e347b8,0x00000005c5800000)
 Metaspace       used 48766K, capacity 49262K, committed 49484K, reserved 1091584K
  class space    used 6294K, capacity 6452K, committed 6476K, reserved 1048576K
}
Event: 1623.888 GC heap before
{Heap before GC invocations=30 (full 2):
 PSYoungGen      total 269824K, used 259744K [0x0000000740a00000, 0x0000000753500000, 0x00000007c0000000)
  eden space 259072K, 100% used [0x0000000740a00000,0x0000000750700000,0x0000000750700000)
  from space 10752K, 6% used [0x0000000752080000,0x0000000752128020,0x0000000752b00000)
  to   space 10240K, 0% used [0x0000000752b00000,0x0000000752b00000,0x0000000753500000)
 ParOldGen       total 49152K, used 39121K [0x00000005c2800000, 0x00000005c5800000, 0x0000000740a00000)
  object space 49152K, 79% used [0x00000005c2800000,0x00000005c4e347b8,0x00000005c5800000)
 Metaspace       used 48766K, capacity 49262K, committed 49484K, reserved 1091584K
  class space    used 6294K, capacity 6452K, committed 6476K, reserved 1048576K
Event: 1623.889 GC heap after
Heap after GC invocations=30 (full 2):
 PSYoungGen      total 248320K, used 640K [0x0000000740a00000, 0x0000000752c00000, 0x00000007c0000000)
  eden space 247296K, 0% used [0x0000000740a00000,0x0000000740a00000,0x000000074fb80000)
  from space 1024K, 62% used [0x0000000752b00000,0x0000000752ba0020,0x0000000752c00000)
  to   space 10240K, 0% used [0x0000000751800000,0x0000000751800000,0x0000000752200000)
 ParOldGen       total 49152K, used 39121K [0x00000005c2800000, 0x00000005c5800000, 0x0000000740a00000)
  object space 49152K, 79% used [0x00000005c2800000,0x00000005c4e347b8,0x00000005c5800000)
 Metaspace       used 48766K, capacity 49262K, committed 49484K, reserved 1091584K
  class space    used 6294K, capacity 6452K, committed 6476K, reserved 1048576K
}
Event: 1675.802 GC heap before
{Heap before GC invocations=31 (full 2):
 PSYoungGen      total 248320K, used 247936K [0x0000000740a00000, 0x0000000752c00000, 0x00000007c0000000)
  eden space 247296K, 100% used [0x0000000740a00000,0x000000074fb80000,0x000000074fb80000)
  from space 1024K, 62% used [0x0000000752b00000,0x0000000752ba0020,0x0000000752c00000)
  to   space 10240K, 0% used [0x0000000751800000,0x0000000751800000,0x0000000752200000)
 ParOldGen       total 49152K, used 39121K [0x00000005c2800000, 0x00000005c5800000, 0x0000000740a00000)
  object space 49152K, 79% used [0x00000005c2800000,0x00000005c4e347b8,0x00000005c5800000)
 Metaspace       used 48766K, capacity 49262K, committed 49484K, reserved 1091584K
  class space    used 6294K, capacity 6452K, committed 6476K, reserved 1048576K
Event: 1675.803 GC heap after
Heap after GC invocations=31 (full 2):
 PSYoungGen      total 246272K, used 672K [0x0000000740a00000, 0x0000000752b80000, 0x00000007c0000000)
  eden space 236032K, 0% used [0x0000000740a00000,0x0000000740a00000,0x000000074f080000)
  from space 10240K, 6% used [0x0000000751800000,0x00000007518a8020,0x0000000752200000)
  to   space 9728K, 0% used [0x0000000752200000,0x0000000752200000,0x0000000752b80000)
 ParOldGen       total 49152K, used 39129K [0x00000005c2800000, 0x00000005c5800000, 0x0000000740a00000)
  object space 49152K, 79% used [0x00000005c2800000,0x00000005c4e367b8,0x00000005c5800000)
 Metaspace       used 48766K, capacity 49262K, committed 49484K, reserved 1091584K
  class space    used 6294K, capacity 6452K, committed 6476K, reserved 1048576K
}
Event: 1725.432 GC heap before
{Heap before GC invocations=32 (full 2):
 PSYoungGen      total 246272K, used 236704K [0x0000000740a00000, 0x0000000752b80000, 0x00000007c0000000)
  eden space 236032K, 100% used [0x0000000740a00000,0x000000074f080000,0x000000074f080000)
  from space 10240K, 6% used [0x0000000751800000,0x00000007518a8020,0x0000000752200000)
  to   space 9728K, 0% used [0x0000000752200000,0x0000000752200000,0x0000000752b80000)
 ParOldGen       total 49152K, used 39130K [0x00000005c2800000, 0x00000005c5800000, 0x0000000740a00000)
  object space 49152K, 79% used [0x00000005c2800000,0x00000005c4e368b0,0x00000005c5800000)
 Metaspace       used 48766K, capacity 49262K, committed 49484K, reserved 1091584K
  class space    used 6294K, capacity 6452K, committed 6476K, reserved 1048576K
Event: 1725.434 GC heap after
Heap after GC invocations=32 (full 2):
 PSYoungGen      total 226304K, used 672K [0x0000000740a00000, 0x0000000752300000, 0x00000007c0000000)
  eden space 225280K, 0% used [0x0000000740a00000,0x0000000740a00000,0x000000074e600000)
  from space 1024K, 65% used [0x0000000752200000,0x00000007522a8020,0x0000000752300000)
  to   space 9216K, 0% used [0x0000000751100000,0x0000000751100000,0x0000000751a00000)
 ParOldGen       total 49152K, used 39130K [0x00000005c2800000, 0x00000005c5800000, 0x0000000740a00000)
  object space 49152K, 79% used [0x00000005c2800000,0x00000005c4e368b0,0x00000005c5800000)
 Metaspace       used 48766K, capacity 49262K, committed 49484K, reserved 1091584K
  class space    used 6294K, capacity 6452K, committed 6476K, reserved 1048576K
}

