# JRE version: Java(TM) SE Runtime Environment (8.0_202-b08) (build 1.8.0_202-b08)
# Java VM: Java HotSpot(TM) 64-Bit Server VM (25.202-b08 mixed mode windows-amd64 compressed oops)
Heap:
 PSYoungGen      total 119296K, used 39120K [0x0000000740a00000, 0x0000000748c80000, 0x00000007c0000000)
  eden space 116224K, 31% used [0x0000000740a00000,0x0000000742d87158,0x0000000747b80000)
  from space 3072K, 89% used [0x0000000748000000,0x00000007482ad150,0x0000000748300000)
  to   space 8704K, 0% used [0x0000000748400000,0x0000000748400000,0x0000000748c80000)
 ParOldGen       total 49664K, used 34069K [0x00000005c2800000, 0x00000005c5880000, 0x0000000740a00000)
  object space 49664K, 68% used [0x00000005c2800000,0x00000005c49455f8,0x00000005c5880000)
 Metaspace       used 49183K, capacity 49704K, committed 49920K, reserved 1093632K
  class space    used 6440K, capacity 6579K, committed 6656K, reserved 1048576K
GC Heap History (10 events):
Event: 11.918 GC heap before
{Heap before GC invocations=31 (full 2):
 PSYoungGen      total 107520K, used 104321K [0x0000000740a00000, 0x0000000748080000, 0x00000007c0000000)
  eden space 97280K, 100% used [0x0000000740a00000,0x0000000746900000,0x0000000746900000)
  from space 10240K, 68% used [0x0000000747380000,0x0000000747a60490,0x0000000747d80000)
  to   space 10752K, 0% used [0x0000000746900000,0x0000000746900000,0x0000000747380000)
 ParOldGen       total 49664K, used 30802K [0x00000005c2800000, 0x00000005c5880000, 0x0000000740a00000)
  object space 49664K, 62% used [0x00000005c2800000,0x00000005c4614928,0x00000005c5880000)
 Metaspace       used 48240K, capacity 48712K, committed 49024K, reserved 1091584K
  class space    used 6276K, capacity 6419K, committed 6528K, reserved 1048576K
Event: 11.921 GC heap after
Heap after GC invocations=31 (full 2):
 PSYoungGen      total 108032K, used 2873K [0x0000000740a00000, 0x0000000748a00000, 0x00000007c0000000)
  eden space 97280K, 0% used [0x0000000740a00000,0x0000000740a00000,0x0000000746900000)
  from space 10752K, 26% used [0x0000000746900000,0x0000000746bce770,0x0000000747380000)
  to   space 10240K, 0% used [0x0000000748000000,0x0000000748000000,0x0000000748a00000)
 ParOldGen       total 49664K, used 34053K [0x00000005c2800000, 0x00000005c5880000, 0x0000000740a00000)
  object space 49664K, 68% used [0x00000005c2800000,0x00000005c49415f8,0x00000005c5880000)
 Metaspace       used 48240K, capacity 48712K, committed 49024K, reserved 1091584K
  class space    used 6276K, capacity 6419K, committed 6528K, reserved 1048576K
}
Event: 12.197 GC heap before
{Heap before GC invocations=32 (full 2):
 PSYoungGen      total 108032K, used 100153K [0x0000000740a00000, 0x0000000748a00000, 0x00000007c0000000)
  eden space 97280K, 100% used [0x0000000740a00000,0x0000000746900000,0x0000000746900000)
  from space 10752K, 26% used [0x0000000746900000,0x0000000746bce770,0x0000000747380000)
  to   space 10240K, 0% used [0x0000000748000000,0x0000000748000000,0x0000000748a00000)
 ParOldGen       total 49664K, used 34053K [0x00000005c2800000, 0x00000005c5880000, 0x0000000740a00000)
  object space 49664K, 68% used [0x00000005c2800000,0x00000005c49415f8,0x00000005c5880000)
 Metaspace       used 48243K, capacity 48776K, committed 49024K, reserved 1091584K
  class space    used 6276K, capacity 6419K, committed 6528K, reserved 1048576K
Event: 12.199 GC heap after
Heap after GC invocations=32 (full 2):
 PSYoungGen      total 118784K, used 2255K [0x0000000740a00000, 0x0000000748900000, 0x00000007c0000000)
  eden space 109568K, 0% used [0x0000000740a00000,0x0000000740a00000,0x0000000747500000)
  from space 9216K, 24% used [0x0000000748000000,0x0000000748233d50,0x0000000748900000)
  to   space 10240K, 0% used [0x0000000747500000,0x0000000747500000,0x0000000747f00000)
 ParOldGen       total 49664K, used 34061K [0x00000005c2800000, 0x00000005c5880000, 0x0000000740a00000)
  object space 49664K, 68% used [0x00000005c2800000,0x00000005c49435f8,0x00000005c5880000)
 Metaspace       used 48243K, capacity 48776K, committed 49024K, reserved 1091584K
  class space    used 6276K, capacity 6419K, committed 6528K, reserved 1048576K
}
Event: 26.245 GC heap before
{Heap before GC invocations=33 (full 2):
 PSYoungGen      total 118784K, used 111823K [0x0000000740a00000, 0x0000000748900000, 0x00000007c0000000)
  eden space 109568K, 100% used [0x0000000740a00000,0x0000000747500000,0x0000000747500000)
  from space 9216K, 24% used [0x0000000748000000,0x0000000748233d50,0x0000000748900000)
  to   space 10240K, 0% used [0x0000000747500000,0x0000000747500000,0x0000000747f00000)
 ParOldGen       total 49664K, used 34061K [0x00000005c2800000, 0x00000005c5880000, 0x0000000740a00000)
  object space 49664K, 68% used [0x00000005c2800000,0x00000005c49435f8,0x00000005c5880000)
 Metaspace       used 48663K, capacity 49160K, committed 49536K, reserved 1091584K
  class space    used 6283K, capacity 6419K, committed 6528K, reserved 1048576K
Event: 26.247 GC heap after
Heap after GC invocations=33 (full 2):
 PSYoungGen      total 119808K, used 2692K [0x0000000740a00000, 0x0000000749380000, 0x00000007c0000000)
  eden space 109568K, 0% used [0x0000000740a00000,0x0000000740a00000,0x0000000747500000)
  from space 10240K, 26% used [0x0000000747500000,0x00000007477a1340,0x0000000747f00000)
  to   space 9728K, 0% used [0x0000000748a00000,0x0000000748a00000,0x0000000749380000)
 ParOldGen       total 49664K, used 34069K [0x00000005c2800000, 0x00000005c5880000, 0x0000000740a00000)
  object space 49664K, 68% used [0x00000005c2800000,0x00000005c49455f8,0x00000005c5880000)
 Metaspace       used 48663K, capacity 49160K, committed 49536K, reserved 1091584K
  class space    used 6283K, capacity 6419K, committed 6528K, reserved 1048576K
}
Event: 26.529 GC heap before
{Heap before GC invocations=34 (full 2):
 PSYoungGen      total 119808K, used 112260K [0x0000000740a00000, 0x0000000749380000, 0x00000007c0000000)
  eden space 109568K, 100% used [0x0000000740a00000,0x0000000747500000,0x0000000747500000)
  from space 10240K, 26% used [0x0000000747500000,0x00000007477a1340,0x0000000747f00000)
  to   space 9728K, 0% used [0x0000000748a00000,0x0000000748a00000,0x0000000749380000)
 ParOldGen       total 49664K, used 34069K [0x00000005c2800000, 0x00000005c5880000, 0x0000000740a00000)
  object space 49664K, 68% used [0x00000005c2800000,0x00000005c49455f8,0x00000005c5880000)
 Metaspace       used 48684K, capacity 49192K, committed 49536K, reserved 1091584K
  class space    used 6286K, capacity 6451K, committed 6528K, reserved 1048576K
Event: 26.531 GC heap after
Heap after GC invocations=34 (full 2):
 PSYoungGen      total 129024K, used 2584K [0x0000000740a00000, 0x0000000749200000, 0x00000007c0000000)
  eden space 120832K, 0% used [0x0000000740a00000,0x0000000740a00000,0x0000000748000000)
  from space 8192K, 31% used [0x0000000748a00000,0x0000000748c86310,0x0000000749200000)
  to   space 9216K, 0% used [0x0000000748000000,0x0000000748000000,0x0000000748900000)
 ParOldGen       total 49664K, used 34069K [0x00000005c2800000, 0x00000005c5880000, 0x0000000740a00000)
  object space 49664K, 68% used [0x00000005c2800000,0x00000005c49455f8,0x00000005c5880000)
 Metaspace       used 48684K, capacity 49192K, committed 49536K, reserved 1091584K
  class space    used 6286K, capacity 6451K, committed 6528K, reserved 1048576K
}
Event: 2078.532 GC heap before
{Heap before GC invocations=35 (full 2):
 PSYoungGen      total 129024K, used 123416K [0x0000000740a00000, 0x0000000749200000, 0x00000007c0000000)
  eden space 120832K, 100% used [0x0000000740a00000,0x0000000748000000,0x0000000748000000)
  from space 8192K, 31% used [0x0000000748a00000,0x0000000748c86310,0x0000000749200000)
  to   space 9216K, 0% used [0x0000000748000000,0x0000000748000000,0x0000000748900000)
 ParOldGen       total 49664K, used 34069K [0x00000005c2800000, 0x00000005c5880000, 0x0000000740a00000)
  object space 49664K, 68% used [0x00000005c2800000,0x00000005c49455f8,0x00000005c5880000)
 Metaspace       used 48712K, capacity 49192K, committed 49536K, reserved 1091584K
  class space    used 6290K, capacity 6451K, committed 6528K, reserved 1048576K
Event: 2078.535 GC heap after
Heap after GC invocations=35 (full 2):
 PSYoungGen      total 119296K, used 2740K [0x0000000740a00000, 0x0000000748c80000, 0x00000007c0000000)
  eden space 116224K, 0% used [0x0000000740a00000,0x0000000740a00000,0x0000000747b80000)
  from space 3072K, 89% used [0x0000000748000000,0x00000007482ad150,0x0000000748300000)
  to   space 8704K, 0% used [0x0000000748400000,0x0000000748400000,0x0000000748c80000)
 ParOldGen       total 49664K, used 34069K [0x00000005c2800000, 0x00000005c5880000, 0x0000000740a00000)
  object space 49664K, 68% used [0x00000005c2800000,0x00000005c49455f8,0x00000005c5880000)
 Metaspace       used 48712K, capacity 49192K, committed 49536K, reserved 1091584K
  class space    used 6290K, capacity 6451K, committed 6528K, reserved 1048576K
}

