# JRE version: Java(TM) SE Runtime Environment (8.0_202-b08) (build 1.8.0_202-b08)
# Java VM: Java HotSpot(TM) 64-Bit Server VM (25.202-b08 mixed mode windows-amd64 compressed oops)
Heap:
 PSYoungGen      total 138752K, used 45549K [0x00000000e8000000, 0x00000000f1900000, 0x0000000100000000)
  eden space 138240K, 32% used [0x00000000e8000000,0x00000000eac435e8,0x00000000f0700000)
  from space 512K, 43% used [0x00000000f0d00000,0x00000000f0d38000,0x00000000f0d80000)
  to   space 9216K, 0% used [0x00000000f1000000,0x00000000f1000000,0x00000000f1900000)
 ParOldGen       total 49152K, used 34885K [0x00000000a0000000, 0x00000000a3000000, 0x00000000e8000000)
  object space 49152K, 70% used [0x00000000a0000000,0x00000000a2211548,0x00000000a3000000)
 Metaspace       used 49336K, capacity 49846K, committed 50176K, reserved 1093632K
  class space    used 6447K, capacity 6592K, committed 6656K, reserved 1048576K
GC Heap History (10 events):
Event: 17.236 GC heap before
{Heap before GC invocations=27 (full 2):
 PSYoungGen      total 112128K, used 108017K [0x00000000e8000000, 0x00000000ef780000, 0x0000000100000000)
  eden space 103936K, 100% used [0x00000000e8000000,0x00000000ee580000,0x00000000ee580000)
  from space 8192K, 49% used [0x00000000eef80000,0x00000000ef37c400,0x00000000ef780000)
  to   space 9216K, 0% used [0x00000000ee580000,0x00000000ee580000,0x00000000eee80000)
 ParOldGen       total 49152K, used 26579K [0x00000000a0000000, 0x00000000a3000000, 0x00000000e8000000)
  object space 49152K, 54% used [0x00000000a0000000,0x00000000a19f4c48,0x00000000a3000000)
 Metaspace       used 47346K, capacity 47844K, committed 48128K, reserved 1091584K
  class space    used 6174K, capacity 6333K, committed 6400K, reserved 1048576K
Event: 17.241 GC heap after
Heap after GC invocations=27 (full 2):
 PSYoungGen      total 113152K, used 7079K [0x00000000e8000000, 0x00000000f0f00000, 0x0000000100000000)
  eden space 103936K, 0% used [0x00000000e8000000,0x00000000e8000000,0x00000000ee580000)
  from space 9216K, 76% used [0x00000000ee580000,0x00000000eec69ef8,0x00000000eee80000)
  to   space 10240K, 0% used [0x00000000f0500000,0x00000000f0500000,0x00000000f0f00000)
 ParOldGen       total 49152K, used 28905K [0x00000000a0000000, 0x00000000a3000000, 0x00000000e8000000)
  object space 49152K, 58% used [0x00000000a0000000,0x00000000a1c3a560,0x00000000a3000000)
 Metaspace       used 47346K, capacity 47844K, committed 48128K, reserved 1091584K
  class space    used 6174K, capacity 6333K, committed 6400K, reserved 1048576K
}
Event: 18.220 GC heap before
{Heap before GC invocations=28 (full 2):
 PSYoungGen      total 113152K, used 111015K [0x00000000e8000000, 0x00000000f0f00000, 0x0000000100000000)
  eden space 103936K, 100% used [0x00000000e8000000,0x00000000ee580000,0x00000000ee580000)
  from space 9216K, 76% used [0x00000000ee580000,0x00000000eec69ef8,0x00000000eee80000)
  to   space 10240K, 0% used [0x00000000f0500000,0x00000000f0500000,0x00000000f0f00000)
 ParOldGen       total 49152K, used 28905K [0x00000000a0000000, 0x00000000a3000000, 0x00000000e8000000)
  object space 49152K, 58% used [0x00000000a0000000,0x00000000a1c3a560,0x00000000a3000000)
 Metaspace       used 48396K, capacity 48918K, committed 49280K, reserved 1091584K
  class space    used 6283K, capacity 6432K, committed 6528K, reserved 1048576K
Event: 18.223 GC heap after
Heap after GC invocations=28 (full 2):
 PSYoungGen      total 132096K, used 3151K [0x00000000e8000000, 0x00000000f0c80000, 0x0000000100000000)
  eden space 124416K, 0% used [0x00000000e8000000,0x00000000e8000000,0x00000000ef980000)
  from space 7680K, 41% used [0x00000000f0500000,0x00000000f0813f90,0x00000000f0c80000)
  to   space 9728K, 0% used [0x00000000ef980000,0x00000000ef980000,0x00000000f0300000)
 ParOldGen       total 49152K, used 32416K [0x00000000a0000000, 0x00000000a3000000, 0x00000000e8000000)
  object space 49152K, 65% used [0x00000000a0000000,0x00000000a1fa8208,0x00000000a3000000)
 Metaspace       used 48396K, capacity 48918K, committed 49280K, reserved 1091584K
  class space    used 6283K, capacity 6432K, committed 6528K, reserved 1048576K
}
Event: 25.637 GC heap before
{Heap before GC invocations=29 (full 2):
 PSYoungGen      total 132096K, used 127567K [0x00000000e8000000, 0x00000000f0c80000, 0x0000000100000000)
  eden space 124416K, 100% used [0x00000000e8000000,0x00000000ef980000,0x00000000ef980000)
  from space 7680K, 41% used [0x00000000f0500000,0x00000000f0813f90,0x00000000f0c80000)
  to   space 9728K, 0% used [0x00000000ef980000,0x00000000ef980000,0x00000000f0300000)
 ParOldGen       total 49152K, used 32416K [0x00000000a0000000, 0x00000000a3000000, 0x00000000e8000000)
  object space 49152K, 65% used [0x00000000a0000000,0x00000000a1fa8208,0x00000000a3000000)
 Metaspace       used 48759K, capacity 49302K, committed 49536K, reserved 1091584K
  class space    used 6289K, capacity 6432K, committed 6528K, reserved 1048576K
Event: 25.639 GC heap after
Heap after GC invocations=29 (full 2):
 PSYoungGen      total 134144K, used 224K [0x00000000e8000000, 0x00000000f2200000, 0x0000000100000000)
  eden space 124416K, 0% used [0x00000000e8000000,0x00000000e8000000,0x00000000ef980000)
  from space 9728K, 2% used [0x00000000ef980000,0x00000000ef9b8000,0x00000000f0300000)
  to   space 9728K, 0% used [0x00000000f1880000,0x00000000f1880000,0x00000000f2200000)
 ParOldGen       total 49152K, used 34453K [0x00000000a0000000, 0x00000000a3000000, 0x00000000e8000000)
  object space 49152K, 70% used [0x00000000a0000000,0x00000000a21a5528,0x00000000a3000000)
 Metaspace       used 48759K, capacity 49302K, committed 49536K, reserved 1091584K
  class space    used 6289K, capacity 6432K, committed 6528K, reserved 1048576K
}
Event: 26.565 GC heap before
{Heap before GC invocations=30 (full 2):
 PSYoungGen      total 134144K, used 124640K [0x00000000e8000000, 0x00000000f2200000, 0x0000000100000000)
  eden space 124416K, 100% used [0x00000000e8000000,0x00000000ef980000,0x00000000ef980000)
  from space 9728K, 2% used [0x00000000ef980000,0x00000000ef9b8000,0x00000000f0300000)
  to   space 9728K, 0% used [0x00000000f1880000,0x00000000f1880000,0x00000000f2200000)
 ParOldGen       total 49152K, used 34453K [0x00000000a0000000, 0x00000000a3000000, 0x00000000e8000000)
  object space 49152K, 70% used [0x00000000a0000000,0x00000000a21a5528,0x00000000a3000000)
 Metaspace       used 48815K, capacity 49334K, committed 49536K, reserved 1091584K
  class space    used 6293K, capacity 6464K, committed 6528K, reserved 1048576K
Event: 26.567 GC heap after
Heap after GC invocations=30 (full 2):
 PSYoungGen      total 152064K, used 448K [0x00000000e8000000, 0x00000000f2000000, 0x0000000100000000)
  eden space 144384K, 0% used [0x00000000e8000000,0x00000000e8000000,0x00000000f0d00000)
  from space 7680K, 5% used [0x00000000f1880000,0x00000000f18f0020,0x00000000f2000000)
  to   space 9728K, 0% used [0x00000000f0d00000,0x00000000f0d00000,0x00000000f1680000)
 ParOldGen       total 49152K, used 34581K [0x00000000a0000000, 0x00000000a3000000, 0x00000000e8000000)
  object space 49152K, 70% used [0x00000000a0000000,0x00000000a21c5528,0x00000000a3000000)
 Metaspace       used 48815K, capacity 49334K, committed 49536K, reserved 1091584K
  class space    used 6293K, capacity 6464K, committed 6528K, reserved 1048576K
}
Event: 2151.688 GC heap before
{Heap before GC invocations=31 (full 2):
 PSYoungGen      total 152064K, used 144832K [0x00000000e8000000, 0x00000000f2000000, 0x0000000100000000)
  eden space 144384K, 100% used [0x00000000e8000000,0x00000000f0d00000,0x00000000f0d00000)
  from space 7680K, 5% used [0x00000000f1880000,0x00000000f18f0020,0x00000000f2000000)
  to   space 9728K, 0% used [0x00000000f0d00000,0x00000000f0d00000,0x00000000f1680000)
 ParOldGen       total 49152K, used 34581K [0x00000000a0000000, 0x00000000a3000000, 0x00000000e8000000)
  object space 49152K, 70% used [0x00000000a0000000,0x00000000a21c5528,0x00000000a3000000)
 Metaspace       used 48846K, capacity 49334K, committed 49536K, reserved 1091584K
  class space    used 6298K, capacity 6464K, committed 6528K, reserved 1048576K
Event: 2151.690 GC heap after
Heap after GC invocations=31 (full 2):
 PSYoungGen      total 138752K, used 224K [0x00000000e8000000, 0x00000000f1900000, 0x0000000100000000)
  eden space 138240K, 0% used [0x00000000e8000000,0x00000000e8000000,0x00000000f0700000)
  from space 512K, 43% used [0x00000000f0d00000,0x00000000f0d38000,0x00000000f0d80000)
  to   space 9216K, 0% used [0x00000000f1000000,0x00000000f1000000,0x00000000f1900000)
 ParOldGen       total 49152K, used 34885K [0x00000000a0000000, 0x00000000a3000000, 0x00000000e8000000)
  object space 49152K, 70% used [0x00000000a0000000,0x00000000a2211548,0x00000000a3000000)
 Metaspace       used 48846K, capacity 49334K, committed 49536K, reserved 1091584K
  class space    used 6298K, capacity 6464K, committed 6528K, reserved 1048576K
}

