# JRE version: Java(TM) SE Runtime Environment (8.0_202-b08) (build 1.8.0_202-b08)
# Java VM: Java HotSpot(TM) 64-Bit Server VM (25.202-b08 mixed mode windows-amd64 compressed oops)
Heap:
 PSYoungGen      total 130048K, used 89792K [0x0000000740a00000, 0x0000000749800000, 0x00000007c0000000)
  eden space 126976K, 70% used [0x0000000740a00000,0x00000007461181d0,0x0000000748600000)
  from space 3072K, 19% used [0x0000000749500000,0x0000000749598020,0x0000000749800000)
  to   space 9216K, 0% used [0x0000000748600000,0x0000000748600000,0x0000000748f00000)
 ParOldGen       total 49152K, used 34299K [0x00000005c2800000, 0x00000005c5800000, 0x0000000740a00000)
  object space 49152K, 69% used [0x00000005c2800000,0x00000005c497ec78,0x00000005c5800000)
 Metaspace       used 49231K, capacity 49698K, committed 50176K, reserved 1093632K
  class space    used 6442K, capacity 6578K, committed 6656K, reserved 1048576K
GC Heap History (10 events):
Event: 9.604 GC heap before
{Heap before GC invocations=32 (full 2):
 PSYoungGen      total 114176K, used 113979K [0x0000000740a00000, 0x0000000749700000, 0x00000007c0000000)
  eden space 105472K, 100% used [0x0000000740a00000,0x0000000747100000,0x0000000747100000)
  from space 8704K, 97% used [0x0000000747100000,0x000000074794ef28,0x0000000747980000)
  to   space 10240K, 0% used [0x0000000748d00000,0x0000000748d00000,0x0000000749700000)
 ParOldGen       total 49152K, used 29514K [0x00000005c2800000, 0x00000005c5800000, 0x0000000740a00000)
  object space 49152K, 60% used [0x00000005c2800000,0x00000005c44d2a78,0x00000005c5800000)
 Metaspace       used 48269K, capacity 48770K, committed 49280K, reserved 1091584K
  class space    used 6275K, capacity 6418K, committed 6528K, reserved 1048576K
Event: 9.609 GC heap after
Heap after GC invocations=32 (full 2):
 PSYoungGen      total 131072K, used 1085K [0x0000000740a00000, 0x0000000749580000, 0x00000007c0000000)
  eden space 122368K, 0% used [0x0000000740a00000,0x0000000740a00000,0x0000000748180000)
  from space 8704K, 12% used [0x0000000748d00000,0x0000000748e0f6f0,0x0000000749580000)
  to   space 10240K, 0% used [0x0000000748180000,0x0000000748180000,0x0000000748b80000)
 ParOldGen       total 49152K, used 34024K [0x00000005c2800000, 0x00000005c5800000, 0x0000000740a00000)
  object space 49152K, 69% used [0x00000005c2800000,0x00000005c493a068,0x00000005c5800000)
 Metaspace       used 48269K, capacity 48770K, committed 49280K, reserved 1091584K
  class space    used 6275K, capacity 6418K, committed 6528K, reserved 1048576K
}
Event: 14.715 GC heap before
{Heap before GC invocations=33 (full 2):
 PSYoungGen      total 131072K, used 123453K [0x0000000740a00000, 0x0000000749580000, 0x00000007c0000000)
  eden space 122368K, 100% used [0x0000000740a00000,0x0000000748180000,0x0000000748180000)
  from space 8704K, 12% used [0x0000000748d00000,0x0000000748e0f6f0,0x0000000749580000)
  to   space 10240K, 0% used [0x0000000748180000,0x0000000748180000,0x0000000748b80000)
 ParOldGen       total 49152K, used 34024K [0x00000005c2800000, 0x00000005c5800000, 0x0000000740a00000)
  object space 49152K, 69% used [0x00000005c2800000,0x00000005c493a068,0x00000005c5800000)
 Metaspace       used 48643K, capacity 49090K, committed 49536K, reserved 1091584K
  class space    used 6281K, capacity 6418K, committed 6528K, reserved 1048576K
Event: 14.716 GC heap after
Heap after GC invocations=33 (full 2):
 PSYoungGen      total 132608K, used 256K [0x0000000740a00000, 0x000000074a600000, 0x00000007c0000000)
  eden space 122368K, 0% used [0x0000000740a00000,0x0000000740a00000,0x0000000748180000)
  from space 10240K, 2% used [0x0000000748180000,0x00000007481c0000,0x0000000748b80000)
  to   space 10240K, 0% used [0x0000000749c00000,0x0000000749c00000,0x000000074a600000)
 ParOldGen       total 49152K, used 34283K [0x00000005c2800000, 0x00000005c5800000, 0x0000000740a00000)
  object space 49152K, 69% used [0x00000005c2800000,0x00000005c497ac78,0x00000005c5800000)
 Metaspace       used 48643K, capacity 49090K, committed 49536K, reserved 1091584K
  class space    used 6281K, capacity 6418K, committed 6528K, reserved 1048576K
}
Event: 15.019 GC heap before
{Heap before GC invocations=34 (full 2):
 PSYoungGen      total 132608K, used 122624K [0x0000000740a00000, 0x000000074a600000, 0x00000007c0000000)
  eden space 122368K, 100% used [0x0000000740a00000,0x0000000748180000,0x0000000748180000)
  from space 10240K, 2% used [0x0000000748180000,0x00000007481c0000,0x0000000748b80000)
  to   space 10240K, 0% used [0x0000000749c00000,0x0000000749c00000,0x000000074a600000)
 ParOldGen       total 49152K, used 34283K [0x00000005c2800000, 0x00000005c5800000, 0x0000000740a00000)
  object space 49152K, 69% used [0x00000005c2800000,0x00000005c497ac78,0x00000005c5800000)
 Metaspace       used 48665K, capacity 49186K, committed 49536K, reserved 1091584K
  class space    used 6285K, capacity 6450K, committed 6528K, reserved 1048576K
Event: 15.020 GC heap after
Heap after GC invocations=34 (full 2):
 PSYoungGen      total 146432K, used 512K [0x0000000740a00000, 0x000000074a400000, 0x00000007c0000000)
  eden space 138240K, 0% used [0x0000000740a00000,0x0000000740a00000,0x0000000749100000)
  from space 8192K, 6% used [0x0000000749c00000,0x0000000749c80020,0x000000074a400000)
  to   space 9728K, 0% used [0x0000000749100000,0x0000000749100000,0x0000000749a80000)
 ParOldGen       total 49152K, used 34291K [0x00000005c2800000, 0x00000005c5800000, 0x0000000740a00000)
  object space 49152K, 69% used [0x00000005c2800000,0x00000005c497cc78,0x00000005c5800000)
 Metaspace       used 48665K, capacity 49186K, committed 49536K, reserved 1091584K
  class space    used 6285K, capacity 6450K, committed 6528K, reserved 1048576K
}
Event: 699.071 GC heap before
{Heap before GC invocations=35 (full 2):
 PSYoungGen      total 146432K, used 138752K [0x0000000740a00000, 0x000000074a400000, 0x00000007c0000000)
  eden space 138240K, 100% used [0x0000000740a00000,0x0000000749100000,0x0000000749100000)
  from space 8192K, 6% used [0x0000000749c00000,0x0000000749c80020,0x000000074a400000)
  to   space 9728K, 0% used [0x0000000749100000,0x0000000749100000,0x0000000749a80000)
 ParOldGen       total 49152K, used 34291K [0x00000005c2800000, 0x00000005c5800000, 0x0000000740a00000)
  object space 49152K, 69% used [0x00000005c2800000,0x00000005c497cc78,0x00000005c5800000)
 Metaspace       used 48729K, capacity 49250K, committed 49536K, reserved 1091584K
  class space    used 6287K, capacity 6450K, committed 6528K, reserved 1048576K
Event: 699.073 GC heap after
Heap after GC invocations=35 (full 2):
 PSYoungGen      total 133632K, used 672K [0x0000000740a00000, 0x0000000749e80000, 0x00000007c0000000)
  eden space 132608K, 0% used [0x0000000740a00000,0x0000000740a00000,0x0000000748b80000)
  from space 1024K, 65% used [0x0000000749100000,0x00000007491a8030,0x0000000749200000)
  to   space 9728K, 0% used [0x0000000749500000,0x0000000749500000,0x0000000749e80000)
 ParOldGen       total 49152K, used 34291K [0x00000005c2800000, 0x00000005c5800000, 0x0000000740a00000)
  object space 49152K, 69% used [0x00000005c2800000,0x00000005c497cc78,0x00000005c5800000)
 Metaspace       used 48729K, capacity 49250K, committed 49536K, reserved 1091584K
  class space    used 6287K, capacity 6450K, committed 6528K, reserved 1048576K
}
Event: 743.994 GC heap before
{Heap before GC invocations=36 (full 2):
 PSYoungGen      total 133632K, used 133280K [0x0000000740a00000, 0x0000000749e80000, 0x00000007c0000000)
  eden space 132608K, 100% used [0x0000000740a00000,0x0000000748b80000,0x0000000748b80000)
  from space 1024K, 65% used [0x0000000749100000,0x00000007491a8030,0x0000000749200000)
  to   space 9728K, 0% used [0x0000000749500000,0x0000000749500000,0x0000000749e80000)
 ParOldGen       total 49152K, used 34291K [0x00000005c2800000, 0x00000005c5800000, 0x0000000740a00000)
  object space 49152K, 69% used [0x00000005c2800000,0x00000005c497cc78,0x00000005c5800000)
 Metaspace       used 48733K, capacity 49250K, committed 49536K, reserved 1091584K
  class space    used 6287K, capacity 6450K, committed 6528K, reserved 1048576K
Event: 743.995 GC heap after
Heap after GC invocations=36 (full 2):
 PSYoungGen      total 130048K, used 608K [0x0000000740a00000, 0x0000000749800000, 0x00000007c0000000)
  eden space 126976K, 0% used [0x0000000740a00000,0x0000000740a00000,0x0000000748600000)
  from space 3072K, 19% used [0x0000000749500000,0x0000000749598020,0x0000000749800000)
  to   space 9216K, 0% used [0x0000000748600000,0x0000000748600000,0x0000000748f00000)
 ParOldGen       total 49152K, used 34299K [0x00000005c2800000, 0x00000005c5800000, 0x0000000740a00000)
  object space 49152K, 69% used [0x00000005c2800000,0x00000005c497ec78,0x00000005c5800000)
 Metaspace       used 48733K, capacity 49250K, committed 49536K, reserved 1091584K
  class space    used 6287K, capacity 6450K, committed 6528K, reserved 1048576K
}

