# JRE version: Java(TM) SE Runtime Environment (8.0_202-b08) (build 1.8.0_202-b08)
# Java VM: Java HotSpot(TM) 64-Bit Server VM (25.202-b08 mixed mode windows-amd64 compressed oops)
Heap:
 PSYoungGen      total 113664K, used 21049K [0x0000000740a00000, 0x000000074a300000, 0x00000007c0000000)
  eden space 111616K, 17% used [0x0000000740a00000,0x0000000741cd0920,0x0000000747700000)
  from space 2048K, 87% used [0x000000074a100000,0x000000074a2bdc70,0x000000074a300000)
  to   space 8704K, 0% used [0x0000000749200000,0x0000000749200000,0x0000000749a80000)
 ParOldGen       total 54784K, used 34210K [0x00000005c2800000, 0x00000005c5d80000, 0x0000000740a00000)
  object space 54784K, 62% used [0x00000005c2800000,0x00000005c4968940,0x00000005c5d80000)
 Metaspace       used 49205K, capacity 49650K, committed 49920K, reserved 1093632K
  class space    used 6436K, capacity 6570K, committed 6656K, reserved 1048576K
GC Heap History (10 events):
Event: 486.202 GC heap before
{Heap before GC invocations=32 (full 2):
 PSYoungGen      total 142848K, used 142615K [0x0000000740a00000, 0x000000074b380000, 0x00000007c0000000)
  eden space 136704K, 100% used [0x0000000740a00000,0x0000000748f80000,0x0000000748f80000)
  from space 6144K, 96% used [0x000000074a600000,0x000000074abc5f20,0x000000074ac00000)
  to   space 7680K, 0% used [0x000000074ac00000,0x000000074ac00000,0x000000074b380000)
 ParOldGen       total 54784K, used 30067K [0x00000005c2800000, 0x00000005c5d80000, 0x0000000740a00000)
  object space 54784K, 54% used [0x00000005c2800000,0x00000005c455ce18,0x00000005c5d80000)
 Metaspace       used 48691K, capacity 49138K, committed 49536K, reserved 1091584K
  class space    used 6283K, capacity 6442K, committed 6528K, reserved 1048576K
Event: 486.204 GC heap after
Heap after GC invocations=32 (full 2):
 PSYoungGen      total 137216K, used 5894K [0x0000000740a00000, 0x000000074b200000, 0x00000007c0000000)
  eden space 131072K, 0% used [0x0000000740a00000,0x0000000740a00000,0x0000000748a00000)
  from space 6144K, 95% used [0x000000074ac00000,0x000000074b1c1868,0x000000074b200000)
  to   space 9216K, 0% used [0x000000074a000000,0x000000074a000000,0x000000074a900000)
 ParOldGen       total 54784K, used 30067K [0x00000005c2800000, 0x00000005c5d80000, 0x0000000740a00000)
  object space 54784K, 54% used [0x00000005c2800000,0x00000005c455ce18,0x00000005c5d80000)
 Metaspace       used 48691K, capacity 49138K, committed 49536K, reserved 1091584K
  class space    used 6283K, capacity 6442K, committed 6528K, reserved 1048576K
}
Event: 533.035 GC heap before
{Heap before GC invocations=33 (full 2):
 PSYoungGen      total 137216K, used 136966K [0x0000000740a00000, 0x000000074b200000, 0x00000007c0000000)
  eden space 131072K, 100% used [0x0000000740a00000,0x0000000748a00000,0x0000000748a00000)
  from space 6144K, 95% used [0x000000074ac00000,0x000000074b1c1868,0x000000074b200000)
  to   space 9216K, 0% used [0x000000074a000000,0x000000074a000000,0x000000074a900000)
 ParOldGen       total 54784K, used 30067K [0x00000005c2800000, 0x00000005c5d80000, 0x0000000740a00000)
  object space 54784K, 54% used [0x00000005c2800000,0x00000005c455ce18,0x00000005c5d80000)
 Metaspace       used 48691K, capacity 49138K, committed 49536K, reserved 1091584K
  class space    used 6283K, capacity 6442K, committed 6528K, reserved 1048576K
Event: 533.039 GC heap after
Heap after GC invocations=33 (full 2):
 PSYoungGen      total 132096K, used 5875K [0x0000000740a00000, 0x000000074ac80000, 0x00000007c0000000)
  eden space 125952K, 0% used [0x0000000740a00000,0x0000000740a00000,0x0000000748500000)
  from space 6144K, 95% used [0x000000074a000000,0x000000074a5bcf50,0x000000074a600000)
  to   space 6656K, 0% used [0x000000074a600000,0x000000074a600000,0x000000074ac80000)
 ParOldGen       total 54784K, used 30067K [0x00000005c2800000, 0x00000005c5d80000, 0x0000000740a00000)
  object space 54784K, 54% used [0x00000005c2800000,0x00000005c455ce18,0x00000005c5d80000)
 Metaspace       used 48691K, capacity 49138K, committed 49536K, reserved 1091584K
  class space    used 6283K, capacity 6442K, committed 6528K, reserved 1048576K
}
Event: 578.130 GC heap before
{Heap before GC invocations=34 (full 2):
 PSYoungGen      total 132096K, used 131827K [0x0000000740a00000, 0x000000074ac80000, 0x00000007c0000000)
  eden space 125952K, 100% used [0x0000000740a00000,0x0000000748500000,0x0000000748500000)
  from space 6144K, 95% used [0x000000074a000000,0x000000074a5bcf50,0x000000074a600000)
  to   space 6656K, 0% used [0x000000074a600000,0x000000074a600000,0x000000074ac80000)
 ParOldGen       total 54784K, used 30067K [0x00000005c2800000, 0x00000005c5d80000, 0x0000000740a00000)
  object space 54784K, 54% used [0x00000005c2800000,0x00000005c455ce18,0x00000005c5d80000)
 Metaspace       used 48691K, capacity 49138K, committed 49536K, reserved 1091584K
  class space    used 6283K, capacity 6442K, committed 6528K, reserved 1048576K
Event: 578.132 GC heap after
Heap after GC invocations=34 (full 2):
 PSYoungGen      total 126976K, used 5860K [0x0000000740a00000, 0x000000074ac00000, 0x00000007c0000000)
  eden space 120832K, 0% used [0x0000000740a00000,0x0000000740a00000,0x0000000748000000)
  from space 6144K, 95% used [0x000000074a600000,0x000000074abb93c0,0x000000074ac00000)
  to   space 8704K, 0% used [0x0000000749b00000,0x0000000749b00000,0x000000074a380000)
 ParOldGen       total 54784K, used 30067K [0x00000005c2800000, 0x00000005c5d80000, 0x0000000740a00000)
  object space 54784K, 54% used [0x00000005c2800000,0x00000005c455ce18,0x00000005c5d80000)
 Metaspace       used 48691K, capacity 49138K, committed 49536K, reserved 1091584K
  class space    used 6283K, capacity 6442K, committed 6528K, reserved 1048576K
}
Event: 620.929 GC heap before
{Heap before GC invocations=35 (full 2):
 PSYoungGen      total 126976K, used 126692K [0x0000000740a00000, 0x000000074ac00000, 0x00000007c0000000)
  eden space 120832K, 100% used [0x0000000740a00000,0x0000000748000000,0x0000000748000000)
  from space 6144K, 95% used [0x000000074a600000,0x000000074abb93c0,0x000000074ac00000)
  to   space 8704K, 0% used [0x0000000749b00000,0x0000000749b00000,0x000000074a380000)
 ParOldGen       total 54784K, used 30067K [0x00000005c2800000, 0x00000005c5d80000, 0x0000000740a00000)
  object space 54784K, 54% used [0x00000005c2800000,0x00000005c455ce18,0x00000005c5d80000)
 Metaspace       used 48691K, capacity 49138K, committed 49536K, reserved 1091584K
  class space    used 6283K, capacity 6442K, committed 6528K, reserved 1048576K
Event: 620.932 GC heap after
Heap after GC invocations=35 (full 2):
 PSYoungGen      total 122368K, used 5926K [0x0000000740a00000, 0x000000074a680000, 0x00000007c0000000)
  eden space 116224K, 0% used [0x0000000740a00000,0x0000000740a00000,0x0000000747b80000)
  from space 6144K, 96% used [0x0000000749b00000,0x000000074a0c9868,0x000000074a100000)
  to   space 5632K, 0% used [0x000000074a100000,0x000000074a100000,0x000000074a680000)
 ParOldGen       total 54784K, used 30067K [0x00000005c2800000, 0x00000005c5d80000, 0x0000000740a00000)
  object space 54784K, 54% used [0x00000005c2800000,0x00000005c455ce18,0x00000005c5d80000)
 Metaspace       used 48691K, capacity 49138K, committed 49536K, reserved 1091584K
  class space    used 6283K, capacity 6442K, committed 6528K, reserved 1048576K
}
Event: 744.819 GC heap before
{Heap before GC invocations=36 (full 2):
 PSYoungGen      total 122368K, used 122150K [0x0000000740a00000, 0x000000074a680000, 0x00000007c0000000)
  eden space 116224K, 100% used [0x0000000740a00000,0x0000000747b80000,0x0000000747b80000)
  from space 6144K, 96% used [0x0000000749b00000,0x000000074a0c9868,0x000000074a100000)
  to   space 5632K, 0% used [0x000000074a100000,0x000000074a100000,0x000000074a680000)
 ParOldGen       total 54784K, used 30067K [0x00000005c2800000, 0x00000005c5d80000, 0x0000000740a00000)
  object space 54784K, 54% used [0x00000005c2800000,0x00000005c455ce18,0x00000005c5d80000)
 Metaspace       used 48715K, capacity 49202K, committed 49536K, reserved 1091584K
  class space    used 6287K, capacity 6442K, committed 6528K, reserved 1048576K
Event: 744.822 GC heap after
Heap after GC invocations=36 (full 2):
 PSYoungGen      total 113664K, used 1783K [0x0000000740a00000, 0x000000074a300000, 0x00000007c0000000)
  eden space 111616K, 0% used [0x0000000740a00000,0x0000000740a00000,0x0000000747700000)
  from space 2048K, 87% used [0x000000074a100000,0x000000074a2bdc70,0x000000074a300000)
  to   space 8704K, 0% used [0x0000000749200000,0x0000000749200000,0x0000000749a80000)
 ParOldGen       total 54784K, used 34210K [0x00000005c2800000, 0x00000005c5d80000, 0x0000000740a00000)
  object space 54784K, 62% used [0x00000005c2800000,0x00000005c4968940,0x00000005c5d80000)
 Metaspace       used 48715K, capacity 49202K, committed 49536K, reserved 1091584K
  class space    used 6287K, capacity 6442K, committed 6528K, reserved 1048576K
}

