# JRE version: Java(TM) SE Runtime Environment (8.0_202-b08) (build 1.8.0_202-b08)
# Java VM: Java HotSpot(TM) 64-Bit Server VM (25.202-b08 mixed mode windows-amd64 compressed oops)
Heap:
 PSYoungGen      total 260608K, used 205885K [0x00000000e8000000, 0x00000000fba00000, 0x0000000100000000)
  eden space 248320K, 82% used [0x00000000e8000000,0x00000000f48d77c8,0x00000000f7280000)
  from space 12288K, 1% used [0x00000000f7280000,0x00000000f72b8000,0x00000000f7e80000)
  to   space 11776K, 0% used [0x00000000fae80000,0x00000000fae80000,0x00000000fba00000)
 ParOldGen       total 49152K, used 38165K [0x00000000a0000000, 0x00000000a3000000, 0x00000000e8000000)
  object space 49152K, 77% used [0x00000000a0000000,0x00000000a2545520,0x00000000a3000000)
 Metaspace       used 49339K, capacity 49840K, committed 50164K, reserved 1093632K
  class space    used 6448K, capacity 6591K, committed 6656K, reserved 1048576K
GC Heap History (10 events):
Event: 17.364 GC heap before
{Heap before GC invocations=21 (full 2):
 PSYoungGen      total 164864K, used 157184K [0x00000000e8000000, 0x00000000f3380000, 0x0000000100000000)
  eden space 157184K, 100% used [0x00000000e8000000,0x00000000f1980000,0x00000000f1980000)
  from space 7680K, 0% used [0x00000000f2180000,0x00000000f2180000,0x00000000f2900000)
  to   space 8192K, 0% used [0x00000000f1980000,0x00000000f1980000,0x00000000f2180000)
 ParOldGen       total 49152K, used 21286K [0x00000000a0000000, 0x00000000a3000000, 0x00000000e8000000)
  object space 49152K, 43% used [0x00000000a0000000,0x00000000a14c9aa8,0x00000000a3000000)
 Metaspace       used 42719K, capacity 43152K, committed 43380K, reserved 1087488K
  class space    used 5576K, capacity 5747K, committed 5760K, reserved 1048576K
Event: 17.372 GC heap after
Heap after GC invocations=21 (full 2):
 PSYoungGen      total 165376K, used 8163K [0x00000000e8000000, 0x00000000f5b80000, 0x0000000100000000)
  eden space 157184K, 0% used [0x00000000e8000000,0x00000000e8000000,0x00000000f1980000)
  from space 8192K, 99% used [0x00000000f1980000,0x00000000f2178dd8,0x00000000f2180000)
  to   space 10752K, 0% used [0x00000000f5100000,0x00000000f5100000,0x00000000f5b80000)
 ParOldGen       total 49152K, used 24966K [0x00000000a0000000, 0x00000000a3000000, 0x00000000e8000000)
  object space 49152K, 50% used [0x00000000a0000000,0x00000000a1861870,0x00000000a3000000)
 Metaspace       used 42719K, capacity 43152K, committed 43380K, reserved 1087488K
  class space    used 5576K, capacity 5747K, committed 5760K, reserved 1048576K
}
Event: 18.016 GC heap before
{Heap before GC invocations=22 (full 2):
 PSYoungGen      total 165376K, used 165347K [0x00000000e8000000, 0x00000000f5b80000, 0x0000000100000000)
  eden space 157184K, 100% used [0x00000000e8000000,0x00000000f1980000,0x00000000f1980000)
  from space 8192K, 99% used [0x00000000f1980000,0x00000000f2178dd8,0x00000000f2180000)
  to   space 10752K, 0% used [0x00000000f5100000,0x00000000f5100000,0x00000000f5b80000)
 ParOldGen       total 49152K, used 24966K [0x00000000a0000000, 0x00000000a3000000, 0x00000000e8000000)
  object space 49152K, 50% used [0x00000000a0000000,0x00000000a1861870,0x00000000a3000000)
 Metaspace       used 48093K, capacity 48580K, committed 49012K, reserved 1091584K
  class space    used 6263K, capacity 6429K, committed 6528K, reserved 1048576K
Event: 18.024 GC heap after
Heap after GC invocations=22 (full 2):
 PSYoungGen      total 212480K, used 10250K [0x00000000e8000000, 0x00000000f5d00000, 0x0000000100000000)
  eden space 201728K, 0% used [0x00000000e8000000,0x00000000e8000000,0x00000000f4500000)
  from space 10752K, 95% used [0x00000000f5100000,0x00000000f5b02898,0x00000000f5b80000)
  to   space 12288K, 0% used [0x00000000f4500000,0x00000000f4500000,0x00000000f5100000)
 ParOldGen       total 49152K, used 32272K [0x00000000a0000000, 0x00000000a3000000, 0x00000000e8000000)
  object space 49152K, 65% used [0x00000000a0000000,0x00000000a1f84320,0x00000000a3000000)
 Metaspace       used 48093K, capacity 48580K, committed 49012K, reserved 1091584K
  class space    used 6263K, capacity 6429K, committed 6528K, reserved 1048576K
}
Event: 26.116 GC heap before
{Heap before GC invocations=23 (full 2):
 PSYoungGen      total 212480K, used 211978K [0x00000000e8000000, 0x00000000f5d00000, 0x0000000100000000)
  eden space 201728K, 100% used [0x00000000e8000000,0x00000000f4500000,0x00000000f4500000)
  from space 10752K, 95% used [0x00000000f5100000,0x00000000f5b02898,0x00000000f5b80000)
  to   space 12288K, 0% used [0x00000000f4500000,0x00000000f4500000,0x00000000f5100000)
 ParOldGen       total 49152K, used 32272K [0x00000000a0000000, 0x00000000a3000000, 0x00000000e8000000)
  object space 49152K, 65% used [0x00000000a0000000,0x00000000a1f84320,0x00000000a3000000)
 Metaspace       used 48724K, capacity 49232K, committed 49524K, reserved 1091584K
  class space    used 6283K, capacity 6431K, committed 6528K, reserved 1048576K
Event: 26.120 GC heap after
Heap after GC invocations=23 (full 2):
 PSYoungGen      total 214016K, used 605K [0x00000000e8000000, 0x00000000f8f80000, 0x0000000100000000)
  eden space 201728K, 0% used [0x00000000e8000000,0x00000000e8000000,0x00000000f4500000)
  from space 12288K, 4% used [0x00000000f4500000,0x00000000f45976f0,0x00000000f5100000)
  to   space 12288K, 0% used [0x00000000f8380000,0x00000000f8380000,0x00000000f8f80000)
 ParOldGen       total 49152K, used 37383K [0x00000000a0000000, 0x00000000a3000000, 0x00000000e8000000)
  object space 49152K, 76% used [0x00000000a0000000,0x00000000a2481df0,0x00000000a3000000)
 Metaspace       used 48724K, capacity 49232K, committed 49524K, reserved 1091584K
  class space    used 6283K, capacity 6431K, committed 6528K, reserved 1048576K
}
Event: 55.546 GC heap before
{Heap before GC invocations=24 (full 2):
 PSYoungGen      total 214016K, used 202333K [0x00000000e8000000, 0x00000000f8f80000, 0x0000000100000000)
  eden space 201728K, 100% used [0x00000000e8000000,0x00000000f4500000,0x00000000f4500000)
  from space 12288K, 4% used [0x00000000f4500000,0x00000000f45976f0,0x00000000f5100000)
  to   space 12288K, 0% used [0x00000000f8380000,0x00000000f8380000,0x00000000f8f80000)
 ParOldGen       total 49152K, used 37383K [0x00000000a0000000, 0x00000000a3000000, 0x00000000e8000000)
  object space 49152K, 76% used [0x00000000a0000000,0x00000000a2481df0,0x00000000a3000000)
 Metaspace       used 48807K, capacity 49328K, committed 49524K, reserved 1091584K
  class space    used 6294K, capacity 6463K, committed 6528K, reserved 1048576K
Event: 55.548 GC heap after
Heap after GC invocations=24 (full 2):
 PSYoungGen      total 255488K, used 512K [0x00000000e8000000, 0x00000000f8a80000, 0x0000000100000000)
  eden space 248320K, 0% used [0x00000000e8000000,0x00000000e8000000,0x00000000f7280000)
  from space 7168K, 7% used [0x00000000f8380000,0x00000000f8400020,0x00000000f8a80000)
  to   space 12288K, 0% used [0x00000000f7280000,0x00000000f7280000,0x00000000f7e80000)
 ParOldGen       total 49152K, used 37797K [0x00000000a0000000, 0x00000000a3000000, 0x00000000e8000000)
  object space 49152K, 76% used [0x00000000a0000000,0x00000000a24e9680,0x00000000a3000000)
 Metaspace       used 48807K, capacity 49328K, committed 49524K, reserved 1091584K
  class space    used 6294K, capacity 6463K, committed 6528K, reserved 1048576K
}
Event: 758.911 GC heap before
{Heap before GC invocations=25 (full 2):
 PSYoungGen      total 255488K, used 248832K [0x00000000e8000000, 0x00000000f8a80000, 0x0000000100000000)
  eden space 248320K, 100% used [0x00000000e8000000,0x00000000f7280000,0x00000000f7280000)
  from space 7168K, 7% used [0x00000000f8380000,0x00000000f8400020,0x00000000f8a80000)
  to   space 12288K, 0% used [0x00000000f7280000,0x00000000f7280000,0x00000000f7e80000)
 ParOldGen       total 49152K, used 37797K [0x00000000a0000000, 0x00000000a3000000, 0x00000000e8000000)
  object space 49152K, 76% used [0x00000000a0000000,0x00000000a24e9680,0x00000000a3000000)
 Metaspace       used 48842K, capacity 49328K, committed 49524K, reserved 1091584K
  class space    used 6298K, capacity 6463K, committed 6528K, reserved 1048576K
Event: 758.913 GC heap after
Heap after GC invocations=25 (full 2):
 PSYoungGen      total 260608K, used 224K [0x00000000e8000000, 0x00000000fba00000, 0x0000000100000000)
  eden space 248320K, 0% used [0x00000000e8000000,0x00000000e8000000,0x00000000f7280000)
  from space 12288K, 1% used [0x00000000f7280000,0x00000000f72b8000,0x00000000f7e80000)
  to   space 11776K, 0% used [0x00000000fae80000,0x00000000fae80000,0x00000000fba00000)
 ParOldGen       total 49152K, used 38165K [0x00000000a0000000, 0x00000000a3000000, 0x00000000e8000000)
  object space 49152K, 77% used [0x00000000a0000000,0x00000000a2545520,0x00000000a3000000)
 Metaspace       used 48842K, capacity 49328K, committed 49524K, reserved 1091584K
  class space    used 6298K, capacity 6463K, committed 6528K, reserved 1048576K
}

