# JRE version: Java(TM) SE Runtime Environment (8.0_202-b08) (build 1.8.0_202-b08)
# Java VM: Java HotSpot(TM) 64-Bit Server VM (25.202-b08 mixed mode windows-amd64 compressed oops)
Heap:
 PSYoungGen      total 45056K, used 36756K [0x0000000740a00000, 0x0000000746500000, 0x00000007c0000000)
  eden space 44544K, 81% used [0x0000000740a00000,0x0000000742d74ff0,0x0000000743580000)
  from space 512K, 87% used [0x0000000746400000,0x0000000746470020,0x0000000746480000)
  to   space 512K, 0% used [0x0000000746480000,0x0000000746480000,0x0000000746500000)
 ParOldGen       total 49664K, used 45818K [0x00000005c2800000, 0x00000005c5880000, 0x0000000740a00000)
  object space 49664K, 92% used [0x00000005c2800000,0x00000005c54be8f0,0x00000005c5880000)
 Metaspace       used 49285K, capacity 49776K, committed 50176K, reserved 1093632K
  class space    used 6442K, capacity 6591K, committed 6656K, reserved 1048576K
GC Heap History (10 events):
Event: 14378.975 GC heap before
{Heap before GC invocations=2051 (full 2):
 PSYoungGen      total 20992K, used 20800K [0x0000000740a00000, 0x0000000746500000, 0x00000007c0000000)
  eden space 20480K, 100% used [0x0000000740a00000,0x0000000741e00000,0x0000000741e00000)
  from space 512K, 62% used [0x0000000746480000,0x00000007464d0010,0x0000000746500000)
  to   space 512K, 0% used [0x0000000746400000,0x0000000746400000,0x0000000746480000)
 ParOldGen       total 49664K, used 45786K [0x00000005c2800000, 0x00000005c5880000, 0x0000000740a00000)
  object space 49664K, 92% used [0x00000005c2800000,0x00000005c54b68f0,0x00000005c5880000)
 Metaspace       used 48775K, capacity 49296K, committed 49536K, reserved 1091584K
  class space    used 6292K, capacity 6431K, committed 6528K, reserved 1048576K
Event: 14378.976 GC heap after
Heap after GC invocations=2051 (full 2):
 PSYoungGen      total 24064K, used 288K [0x0000000740a00000, 0x0000000746500000, 0x00000007c0000000)
  eden space 23552K, 0% used [0x0000000740a00000,0x0000000740a00000,0x0000000742100000)
  from space 512K, 56% used [0x0000000746400000,0x0000000746448010,0x0000000746480000)
  to   space 512K, 0% used [0x0000000746480000,0x0000000746480000,0x0000000746500000)
 ParOldGen       total 49664K, used 45786K [0x00000005c2800000, 0x00000005c5880000, 0x0000000740a00000)
  object space 49664K, 92% used [0x00000005c2800000,0x00000005c54b68f0,0x00000005c5880000)
 Metaspace       used 48775K, capacity 49296K, committed 49536K, reserved 1091584K
  class space    used 6292K, capacity 6431K, committed 6528K, reserved 1048576K
}
Event: 14379.001 GC heap before
{Heap before GC invocations=2052 (full 2):
 PSYoungGen      total 24064K, used 23840K [0x0000000740a00000, 0x0000000746500000, 0x00000007c0000000)
  eden space 23552K, 100% used [0x0000000740a00000,0x0000000742100000,0x0000000742100000)
  from space 512K, 56% used [0x0000000746400000,0x0000000746448010,0x0000000746480000)
  to   space 512K, 0% used [0x0000000746480000,0x0000000746480000,0x0000000746500000)
 ParOldGen       total 49664K, used 45786K [0x00000005c2800000, 0x00000005c5880000, 0x0000000740a00000)
  object space 49664K, 92% used [0x00000005c2800000,0x00000005c54b68f0,0x00000005c5880000)
 Metaspace       used 48775K, capacity 49296K, committed 49536K, reserved 1091584K
  class space    used 6292K, capacity 6431K, committed 6528K, reserved 1048576K
Event: 14379.002 GC heap after
Heap after GC invocations=2052 (full 2):
 PSYoungGen      total 28160K, used 288K [0x0000000740a00000, 0x0000000746500000, 0x00000007c0000000)
  eden space 27648K, 0% used [0x0000000740a00000,0x0000000740a00000,0x0000000742500000)
  from space 512K, 56% used [0x0000000746480000,0x00000007464c8010,0x0000000746500000)
  to   space 512K, 0% used [0x0000000746400000,0x0000000746400000,0x0000000746480000)
 ParOldGen       total 49664K, used 45786K [0x00000005c2800000, 0x00000005c5880000, 0x0000000740a00000)
  object space 49664K, 92% used [0x00000005c2800000,0x00000005c54b68f0,0x00000005c5880000)
 Metaspace       used 48775K, capacity 49296K, committed 49536K, reserved 1091584K
  class space    used 6292K, capacity 6431K, committed 6528K, reserved 1048576K
}
Event: 14379.029 GC heap before
{Heap before GC invocations=2053 (full 2):
 PSYoungGen      total 28160K, used 27936K [0x0000000740a00000, 0x0000000746500000, 0x00000007c0000000)
  eden space 27648K, 100% used [0x0000000740a00000,0x0000000742500000,0x0000000742500000)
  from space 512K, 56% used [0x0000000746480000,0x00000007464c8010,0x0000000746500000)
  to   space 512K, 0% used [0x0000000746400000,0x0000000746400000,0x0000000746480000)
 ParOldGen       total 49664K, used 45786K [0x00000005c2800000, 0x00000005c5880000, 0x0000000740a00000)
  object space 49664K, 92% used [0x00000005c2800000,0x00000005c54b68f0,0x00000005c5880000)
 Metaspace       used 48775K, capacity 49296K, committed 49536K, reserved 1091584K
  class space    used 6292K, capacity 6431K, committed 6528K, reserved 1048576K
Event: 14379.030 GC heap after
Heap after GC invocations=2053 (full 2):
 PSYoungGen      total 33280K, used 320K [0x0000000740a00000, 0x0000000746500000, 0x00000007c0000000)
  eden space 32768K, 0% used [0x0000000740a00000,0x0000000740a00000,0x0000000742a00000)
  from space 512K, 62% used [0x0000000746400000,0x0000000746450010,0x0000000746480000)
  to   space 512K, 0% used [0x0000000746480000,0x0000000746480000,0x0000000746500000)
 ParOldGen       total 49664K, used 45786K [0x00000005c2800000, 0x00000005c5880000, 0x0000000740a00000)
  object space 49664K, 92% used [0x00000005c2800000,0x00000005c54b68f0,0x00000005c5880000)
 Metaspace       used 48775K, capacity 49296K, committed 49536K, reserved 1091584K
  class space    used 6292K, capacity 6431K, committed 6528K, reserved 1048576K
}
Event: 14379.204 GC heap before
{Heap before GC invocations=2054 (full 2):
 PSYoungGen      total 33280K, used 33088K [0x0000000740a00000, 0x0000000746500000, 0x00000007c0000000)
  eden space 32768K, 100% used [0x0000000740a00000,0x0000000742a00000,0x0000000742a00000)
  from space 512K, 62% used [0x0000000746400000,0x0000000746450010,0x0000000746480000)
  to   space 512K, 0% used [0x0000000746480000,0x0000000746480000,0x0000000746500000)
 ParOldGen       total 49664K, used 45786K [0x00000005c2800000, 0x00000005c5880000, 0x0000000740a00000)
  object space 49664K, 92% used [0x00000005c2800000,0x00000005c54b68f0,0x00000005c5880000)
 Metaspace       used 48797K, capacity 49328K, committed 49536K, reserved 1091584K
  class space    used 6295K, capacity 6463K, committed 6528K, reserved 1048576K
Event: 14379.206 GC heap after
Heap after GC invocations=2054 (full 2):
 PSYoungGen      total 38912K, used 480K [0x0000000740a00000, 0x0000000746500000, 0x00000007c0000000)
  eden space 38400K, 0% used [0x0000000740a00000,0x0000000740a00000,0x0000000742f80000)
  from space 512K, 93% used [0x0000000746480000,0x00000007464f8020,0x0000000746500000)
  to   space 512K, 0% used [0x0000000746400000,0x0000000746400000,0x0000000746480000)
 ParOldGen       total 49664K, used 45818K [0x00000005c2800000, 0x00000005c5880000, 0x0000000740a00000)
  object space 49664K, 92% used [0x00000005c2800000,0x00000005c54be8f0,0x00000005c5880000)
 Metaspace       used 48797K, capacity 49328K, committed 49536K, reserved 1091584K
  class space    used 6295K, capacity 6463K, committed 6528K, reserved 1048576K
}
Event: 14379.363 GC heap before
{Heap before GC invocations=2055 (full 2):
 PSYoungGen      total 38912K, used 38880K [0x0000000740a00000, 0x0000000746500000, 0x00000007c0000000)
  eden space 38400K, 100% used [0x0000000740a00000,0x0000000742f80000,0x0000000742f80000)
  from space 512K, 93% used [0x0000000746480000,0x00000007464f8020,0x0000000746500000)
  to   space 512K, 0% used [0x0000000746400000,0x0000000746400000,0x0000000746480000)
 ParOldGen       total 49664K, used 45818K [0x00000005c2800000, 0x00000005c5880000, 0x0000000740a00000)
  object space 49664K, 92% used [0x00000005c2800000,0x00000005c54be8f0,0x00000005c5880000)
 Metaspace       used 48797K, capacity 49328K, committed 49536K, reserved 1091584K
  class space    used 6295K, capacity 6463K, committed 6528K, reserved 1048576K
Event: 14379.364 GC heap after
Heap after GC invocations=2055 (full 2):
 PSYoungGen      total 45056K, used 448K [0x0000000740a00000, 0x0000000746500000, 0x00000007c0000000)
  eden space 44544K, 0% used [0x0000000740a00000,0x0000000740a00000,0x0000000743580000)
  from space 512K, 87% used [0x0000000746400000,0x0000000746470020,0x0000000746480000)
  to   space 512K, 0% used [0x0000000746480000,0x0000000746480000,0x0000000746500000)
 ParOldGen       total 49664K, used 45818K [0x00000005c2800000, 0x00000005c5880000, 0x0000000740a00000)
  object space 49664K, 92% used [0x00000005c2800000,0x00000005c54be8f0,0x00000005c5880000)
 Metaspace       used 48797K, capacity 49328K, committed 49536K, reserved 1091584K
  class space    used 6295K, capacity 6463K, committed 6528K, reserved 1048576K
}

