# JRE version: Java(TM) SE Runtime Environment (8.0_202-b08) (build 1.8.0_202-b08)
# Java VM: Java HotSpot(TM) 64-Bit Server VM (25.202-b08 mixed mode windows-amd64 compressed oops)
Heap:
 PSYoungGen      total 196096K, used 142849K [0x0000000740a00000, 0x000000074e900000, 0x00000007c0000000)
  eden space 183808K, 74% used [0x0000000740a00000,0x0000000748f2df58,0x000000074bd80000)
  from space 12288K, 52% used [0x000000074bd80000,0x000000074c3d2770,0x000000074c980000)
  to   space 11776K, 0% used [0x000000074dd80000,0x000000074dd80000,0x000000074e900000)
 ParOldGen       total 55808K, used 33021K [0x00000005c2800000, 0x00000005c5e80000, 0x0000000740a00000)
  object space 55808K, 59% used [0x00000005c2800000,0x00000005c483f4a0,0x00000005c5e80000)
 Metaspace       used 49179K, capacity 49634K, committed 49920K, reserved 1093632K
  class space    used 6440K, capacity 6578K, committed 6656K, reserved 1048576K
GC Heap History (10 events):
Event: 8.295 GC heap before
{Heap before GC invocations=17 (full 2):
 PSYoungGen      total 134144K, used 5606K [0x0000000740a00000, 0x000000074cf00000, 0x00000007c0000000)
  eden space 128512K, 0% used [0x0000000740a00000,0x0000000740a00000,0x0000000748780000)
  from space 5632K, 99% used [0x0000000748780000,0x0000000748cf9a78,0x0000000748d00000)
  to   space 8704K, 0% used [0x000000074c680000,0x000000074c680000,0x000000074cf00000)
 ParOldGen       total 49152K, used 22967K [0x00000005c2800000, 0x00000005c5800000, 0x0000000740a00000)
  object space 49152K, 46% used [0x00000005c2800000,0x00000005c3e6dd18,0x00000005c5800000)
 Metaspace       used 34939K, capacity 35182K, committed 35416K, reserved 1079296K
  class space    used 4712K, capacity 4824K, committed 4864K, reserved 1048576K
Event: 8.356 GC heap after
Heap after GC invocations=17 (full 2):
 PSYoungGen      total 134144K, used 0K [0x0000000740a00000, 0x000000074cf00000, 0x00000007c0000000)
  eden space 128512K, 0% used [0x0000000740a00000,0x0000000740a00000,0x0000000748780000)
  from space 5632K, 0% used [0x0000000748780000,0x0000000748780000,0x0000000748d00000)
  to   space 8704K, 0% used [0x000000074c680000,0x000000074c680000,0x000000074cf00000)
 ParOldGen       total 55808K, used 24971K [0x00000005c2800000, 0x00000005c5e80000, 0x0000000740a00000)
  object space 55808K, 44% used [0x00000005c2800000,0x00000005c4062f78,0x00000005c5e80000)
 Metaspace       used 34939K, capacity 35182K, committed 35416K, reserved 1079296K
  class space    used 4712K, capacity 4824K, committed 4864K, reserved 1048576K
}
Event: 9.021 GC heap before
{Heap before GC invocations=18 (full 2):
 PSYoungGen      total 134144K, used 128512K [0x0000000740a00000, 0x000000074cf00000, 0x00000007c0000000)
  eden space 128512K, 100% used [0x0000000740a00000,0x0000000748780000,0x0000000748780000)
  from space 5632K, 0% used [0x0000000748780000,0x0000000748780000,0x0000000748d00000)
  to   space 8704K, 0% used [0x000000074c680000,0x000000074c680000,0x000000074cf00000)
 ParOldGen       total 55808K, used 24971K [0x00000005c2800000, 0x00000005c5e80000, 0x0000000740a00000)
  object space 55808K, 44% used [0x00000005c2800000,0x00000005c4062f78,0x00000005c5e80000)
 Metaspace       used 41831K, capacity 42198K, committed 42496K, reserved 1085440K
  class space    used 5482K, capacity 5606K, committed 5632K, reserved 1048576K
Event: 9.032 GC heap after
Heap after GC invocations=18 (full 2):
 PSYoungGen      total 167936K, used 8689K [0x0000000740a00000, 0x000000074cf00000, 0x00000007c0000000)
  eden space 159232K, 0% used [0x0000000740a00000,0x0000000740a00000,0x000000074a580000)
  from space 8704K, 99% used [0x000000074c680000,0x000000074cefc518,0x000000074cf00000)
  to   space 10752K, 0% used [0x000000074ba00000,0x000000074ba00000,0x000000074c480000)
 ParOldGen       total 55808K, used 26882K [0x00000005c2800000, 0x00000005c5e80000, 0x0000000740a00000)
  object space 55808K, 48% used [0x00000005c2800000,0x00000005c4240a68,0x00000005c5e80000)
 Metaspace       used 41831K, capacity 42198K, committed 42496K, reserved 1085440K
  class space    used 5482K, capacity 5606K, committed 5632K, reserved 1048576K
}
Event: 10.062 GC heap before
{Heap before GC invocations=19 (full 2):
 PSYoungGen      total 167936K, used 167921K [0x0000000740a00000, 0x000000074cf00000, 0x00000007c0000000)
  eden space 159232K, 100% used [0x0000000740a00000,0x000000074a580000,0x000000074a580000)
  from space 8704K, 99% used [0x000000074c680000,0x000000074cefc518,0x000000074cf00000)
  to   space 10752K, 0% used [0x000000074ba00000,0x000000074ba00000,0x000000074c480000)
 ParOldGen       total 55808K, used 26882K [0x00000005c2800000, 0x00000005c5e80000, 0x0000000740a00000)
  object space 55808K, 48% used [0x00000005c2800000,0x00000005c4240a68,0x00000005c5e80000)
 Metaspace       used 47673K, capacity 48170K, committed 48512K, reserved 1091584K
  class space    used 6232K, capacity 6414K, committed 6528K, reserved 1048576K
Event: 10.072 GC heap after
Heap after GC invocations=19 (full 2):
 PSYoungGen      total 190976K, used 9763K [0x0000000740a00000, 0x000000074d500000, 0x00000007c0000000)
  eden space 180224K, 0% used [0x0000000740a00000,0x0000000740a00000,0x000000074ba00000)
  from space 10752K, 90% used [0x000000074ba00000,0x000000074c388d58,0x000000074c480000)
  to   space 11776K, 0% used [0x000000074c980000,0x000000074c980000,0x000000074d500000)
 ParOldGen       total 55808K, used 33005K [0x00000005c2800000, 0x00000005c5e80000, 0x0000000740a00000)
  object space 55808K, 59% used [0x00000005c2800000,0x00000005c483b4a0,0x00000005c5e80000)
 Metaspace       used 47673K, capacity 48170K, committed 48512K, reserved 1091584K
  class space    used 6232K, capacity 6414K, committed 6528K, reserved 1048576K
}
Event: 11.115 GC heap before
{Heap before GC invocations=20 (full 2):
 PSYoungGen      total 190976K, used 189987K [0x0000000740a00000, 0x000000074d500000, 0x00000007c0000000)
  eden space 180224K, 100% used [0x0000000740a00000,0x000000074ba00000,0x000000074ba00000)
  from space 10752K, 90% used [0x000000074ba00000,0x000000074c388d58,0x000000074c480000)
  to   space 11776K, 0% used [0x000000074c980000,0x000000074c980000,0x000000074d500000)
 ParOldGen       total 55808K, used 33005K [0x00000005c2800000, 0x00000005c5e80000, 0x0000000740a00000)
  object space 55808K, 59% used [0x00000005c2800000,0x00000005c483b4a0,0x00000005c5e80000)
 Metaspace       used 48208K, capacity 48706K, committed 49024K, reserved 1091584K
  class space    used 6275K, capacity 6418K, committed 6528K, reserved 1048576K
Event: 11.119 GC heap after
Heap after GC invocations=20 (full 2):
 PSYoungGen      total 195584K, used 7036K [0x0000000740a00000, 0x000000074ea80000, 0x00000007c0000000)
  eden space 183808K, 0% used [0x0000000740a00000,0x0000000740a00000,0x000000074bd80000)
  from space 11776K, 59% used [0x000000074c980000,0x000000074d05f058,0x000000074d500000)
  to   space 12288K, 0% used [0x000000074bd80000,0x000000074bd80000,0x000000074c980000)
 ParOldGen       total 55808K, used 33013K [0x00000005c2800000, 0x00000005c5e80000, 0x0000000740a00000)
  object space 55808K, 59% used [0x00000005c2800000,0x00000005c483d4a0,0x00000005c5e80000)
 Metaspace       used 48208K, capacity 48706K, committed 49024K, reserved 1091584K
  class space    used 6275K, capacity 6418K, committed 6528K, reserved 1048576K
}
Event: 20.585 GC heap before
{Heap before GC invocations=21 (full 2):
 PSYoungGen      total 195584K, used 190844K [0x0000000740a00000, 0x000000074ea80000, 0x00000007c0000000)
  eden space 183808K, 100% used [0x0000000740a00000,0x000000074bd80000,0x000000074bd80000)
  from space 11776K, 59% used [0x000000074c980000,0x000000074d05f058,0x000000074d500000)
  to   space 12288K, 0% used [0x000000074bd80000,0x000000074bd80000,0x000000074c980000)
 ParOldGen       total 55808K, used 33013K [0x00000005c2800000, 0x00000005c5e80000, 0x0000000740a00000)
  object space 55808K, 59% used [0x00000005c2800000,0x00000005c483d4a0,0x00000005c5e80000)
 Metaspace       used 48657K, capacity 49186K, committed 49536K, reserved 1091584K
  class space    used 6286K, capacity 6450K, committed 6528K, reserved 1048576K
Event: 20.587 GC heap after
Heap after GC invocations=21 (full 2):
 PSYoungGen      total 196096K, used 6473K [0x0000000740a00000, 0x000000074e900000, 0x00000007c0000000)
  eden space 183808K, 0% used [0x0000000740a00000,0x0000000740a00000,0x000000074bd80000)
  from space 12288K, 52% used [0x000000074bd80000,0x000000074c3d2770,0x000000074c980000)
  to   space 11776K, 0% used [0x000000074dd80000,0x000000074dd80000,0x000000074e900000)
 ParOldGen       total 55808K, used 33021K [0x00000005c2800000, 0x00000005c5e80000, 0x0000000740a00000)
  object space 55808K, 59% used [0x00000005c2800000,0x00000005c483f4a0,0x00000005c5e80000)
 Metaspace       used 48657K, capacity 49186K, committed 49536K, reserved 1091584K
  class space    used 6286K, capacity 6450K, committed 6528K, reserved 1048576K
}

